#
# There is insufficient memory for the Java Runtime Environment to continue.
# Native memory allocation (mmap) failed to map 75497472 bytes for G1 virtual space
# Possible reasons:
#   The system is out of physical RAM or swap space
#   The process is running with CompressedOops enabled, and the Java Heap may be blocking the growth of the native heap
# Possible solutions:
#   Reduce memory load on the system
#   Increase physical memory or swap space
#   Check if swap backing store is full
#   Decrease Java heap size (-Xmx/-Xms)
#   Decrease number of Java threads
#   Decrease Java thread stack sizes (-Xss)
#   Set larger code cache with -XX:ReservedCodeCacheSize=
#   JVM is running with Unscaled Compressed Oops mode in which the Java heap is
#     placed in the first 4GB address space. The Java Heap base address is the
#     maximum limit for the native heap growth. Please use -XX:HeapBaseMinAddress
#     to set the Java Heap base and to place the Java Heap above 4GB virtual address.
# This output file may be truncated or incomplete.
#
#  Out of Memory Error (os_windows.cpp:3550), pid=12696, tid=488
#
# JRE version: Java(TM) SE Runtime Environment (17.0.8+9) (build 17.0.8+9-LTS-211)
# Java VM: Java HotSpot(TM) 64-Bit Server VM (17.0.8+9-LTS-211, mixed mode, sharing, tiered, compressed oops, compressed class ptrs, g1 gc, windows-amd64)
# No core dump will be written. Minidumps are not enabled by default on client versions of Windows
#

---------------  S U M M A R Y ------------

Command Line: -XX:+ShowCodeDetailsInExceptionMessages --module-path=C:\a\aaa\SD\Projeto-Int-Programacao-II\controlador-dos-modulos\RU\target\classes;C:\Users\mirel\.m2\repository\org\json\json\20210307\json-20210307.jar;C:\Users\mirel\.m2\repository\org\openjfx\javafx-controls\17.0.1\javafx-controls-17.0.1-win.jar;C:\Users\mirel\.m2\repository\org\openjfx\javafx-graphics\17.0.1\javafx-graphics-17.0.1-win.jar;C:\Users\mirel\.m2\repository\org\openjfx\javafx-base\17.0.1\javafx-base-17.0.1-win.jar;C:\Users\mirel\.m2\repository\org\openjfx\javafx-fxml\17.0.1\javafx-fxml-17.0.1-win.jar;C:\Users\mirel\.m2\repository\org\openjfx\javafx-web\17.0.1\javafx-web-17.0.1-win.jar;C:\Users\mirel\.m2\repository\org\openjfx\javafx-media\17.0.1\javafx-media-17.0.1-win.jar;C:\Users\mirel\.m2\repository\org\controlsfx\controlsfx\11.1.1\controlsfx-11.1.1.jar;C:\Users\mirel\.m2\repository\com\dlsc\formsfx\formsfx-core\11.3.2\formsfx-core-11.3.2.jar;C:\Users\mirel\.m2\repository\org\kordamp\ikonli\ikonli-javafx\12.3.0\ikonli-javafx-12.3.0.jar;C:\Users\mirel\.m2\repository\org\kordamp\ikonli\ikonli-core\12.3.0\ikonli-core-12.3.0.jar;C:\Users\mirel\.m2\repository\org\kordamp\bootstrapfx\bootstrapfx-core\0.4.0\bootstrapfx-core-0.4.0.jar;C:\Users\mirel\.m2\repository\eu\hansolo\tilesfx\11.48\tilesfx-11.48.jar;C:\Users\mirel\.m2\repository\com\github\almasb\fxgl\17\fxgl-17.jar;C:\Users\mirel\.m2\repository\com\github\almasb\fxgl-core\17\fxgl-core-17.jar;C:\Users\mirel\.m2\repository\com\gluonhq\attach\audio\4.0.9\audio-4.0.9.jar;C:\Users\mirel\.m2\repository\com\github\almasb\fxgl-io\17\fxgl-io-17.jar;C:\Users\mirel\.m2\repository\com\gluonhq\attach\storage\4.0.9\storage-4.0.9.jar;C:\Users\mirel\.m2\repository\com\gluonhq\attach\util\4.0.9\util-4.0.9.jar;C:\Users\mirel\.m2\repository\com\github\almasb\fxgl-entity\17\fxgl-entity-17.jar;C:\Users\mirel\.m2\repository\com\github\almasb\fxgl-scene\17\fxgl-scene-17.jar;C:\Users\mirel\.m2\repository\com\github\almasb\fxgl-gameplay\17\fxgl-gameplay-17.jar;C:\Users\mirel\.m2\repository\com\fasterxml\jacks-Djdk.module.main=app app/app.Aplicativo

Host: Intel(R) Celeron(R) N4000 CPU @ 1.10GHz, 2 cores, 3G,  Windows 11 , 64 bit Build 22000 (10.0.22000.2124)
Time: Fri Mar  1 10:57:42 2024 Hora Padrão de Buenos Aires elapsed time: 39.750201 seconds (0d 0h 0m 39s)

---------------  T H R E A D  ---------------

Current thread (0x0000021ee66d45c0):  VMThread "VM Thread" [stack: 0x00000039e3900000,0x00000039e3a00000] [id=488]

Stack: [0x00000039e3900000,0x00000039e3a00000]
Native frames: (J=compiled Java code, j=interpreted, Vv=VM code, C=native code)
V  [jvm.dll+0x677d0a]
V  [jvm.dll+0x7d8c54]
V  [jvm.dll+0x7da3fe]
V  [jvm.dll+0x7daa63]
V  [jvm.dll+0x245c5f]
V  [jvm.dll+0x674bb9]
V  [jvm.dll+0x6694f2]
V  [jvm.dll+0x3031d6]
V  [jvm.dll+0x30a756]
V  [jvm.dll+0x359f9e]
V  [jvm.dll+0x35a1cf]
V  [jvm.dll+0x2da3e8]
V  [jvm.dll+0x2dd486]
V  [jvm.dll+0x2e7c88]
V  [jvm.dll+0x31b6e0]
V  [jvm.dll+0x7df26b]
V  [jvm.dll+0x7dffa4]
V  [jvm.dll+0x7e04bd]
V  [jvm.dll+0x7e0894]
V  [jvm.dll+0x7e0960]
V  [jvm.dll+0x788bba]
V  [jvm.dll+0x676b35]
C  [ucrtbase.dll+0x26c0c]
C  [KERNEL32.DLL+0x155a0]
C  [ntdll.dll+0x485b]

VM_Operation (0x00000039e35ff960): G1Concurrent, mode: safepoint, requested by thread 0x0000021ec9adac80


---------------  P R O C E S S  ---------------

Threads class SMR info:
_java_thread_list=0x0000021ef0c1ac60, length=27, elements={
0x0000021ec9a90850, 0x0000021ee66d87f0, 0x0000021ee66db3b0, 0x0000021ee66f2c00,
0x0000021ee66f55c0, 0x0000021ee66f5f70, 0x0000021ee66f70c0, 0x0000021ee66f9460,
0x0000021ee66feac0, 0x0000021ee6709270, 0x0000021ee66cbe70, 0x0000021ee6c47800,
0x0000021eeb2dd670, 0x0000021eeb3524a0, 0x0000021eeb355600, 0x0000021eeb51eaa0,
0x0000021eeb575640, 0x0000021eeb774560, 0x0000021ef03eaac0, 0x0000021ef03eaf90,
0x0000021ef03ec7a0, 0x0000021ef03e92b0, 0x0000021ef03e9c50, 0x0000021ef03e9780,
0x0000021ef03ebe00, 0x0000021ef03ea120, 0x0000021ef03ea5f0
}

Java Threads: ( => current thread )
  0x0000021ec9a90850 JavaThread "main" [_thread_blocked, id=8316, stack(0x00000039e3300000,0x00000039e3400000)]
  0x0000021ee66d87f0 JavaThread "Reference Handler" daemon [_thread_blocked, id=19160, stack(0x00000039e3a00000,0x00000039e3b00000)]
  0x0000021ee66db3b0 JavaThread "Finalizer" daemon [_thread_blocked, id=17956, stack(0x00000039e3b00000,0x00000039e3c00000)]
  0x0000021ee66f2c00 JavaThread "Signal Dispatcher" daemon [_thread_blocked, id=13768, stack(0x00000039e3c00000,0x00000039e3d00000)]
  0x0000021ee66f55c0 JavaThread "Attach Listener" daemon [_thread_blocked, id=10816, stack(0x00000039e3d00000,0x00000039e3e00000)]
  0x0000021ee66f5f70 JavaThread "Service Thread" daemon [_thread_blocked, id=13368, stack(0x00000039e3e00000,0x00000039e3f00000)]
  0x0000021ee66f70c0 JavaThread "Monitor Deflation Thread" daemon [_thread_blocked, id=4416, stack(0x00000039e3f00000,0x00000039e4000000)]
  0x0000021ee66f9460 JavaThread "C2 CompilerThread0" daemon [_thread_blocked, id=992, stack(0x00000039e4000000,0x00000039e4100000)]
  0x0000021ee66feac0 JavaThread "C1 CompilerThread0" daemon [_thread_blocked, id=10996, stack(0x00000039e4100000,0x00000039e4200000)]
  0x0000021ee6709270 JavaThread "Sweeper thread" daemon [_thread_blocked, id=14104, stack(0x00000039e4200000,0x00000039e4300000)]
  0x0000021ee66cbe70 JavaThread "Common-Cleaner" daemon [_thread_blocked, id=18336, stack(0x00000039e4300000,0x00000039e4400000)]
  0x0000021ee6c47800 JavaThread "Notification Thread" daemon [_thread_blocked, id=10372, stack(0x00000039e4500000,0x00000039e4600000)]
  0x0000021eeb2dd670 JavaThread "QuantumRenderer-0" daemon [_thread_blocked, id=7264, stack(0x00000039e4700000,0x00000039e4800000)]
  0x0000021eeb3524a0 JavaThread "InvokeLaterDispatcher" daemon [_thread_blocked, id=1652, stack(0x00000039e4900000,0x00000039e4a00000)]
  0x0000021eeb355600 JavaThread "JavaFX Application Thread" [_thread_blocked, id=16408, stack(0x00000039e4a00000,0x00000039e4b00000)]
  0x0000021eeb51eaa0 JavaThread "Thread-1" daemon [_thread_blocked, id=7332, stack(0x00000039e4d00000,0x00000039e4e00000)]
  0x0000021eeb575640 JavaThread "JavaFX-Launcher" [_thread_blocked, id=8912, stack(0x00000039e4e00000,0x00000039e4f00000)]
  0x0000021eeb774560 JavaThread "Prism Font Disposer" daemon [_thread_blocked, id=6588, stack(0x00000039e5200000,0x00000039e5300000)]
  0x0000021ef03eaac0 JavaThread "Cleaner-0" daemon [_thread_blocked, id=10752, stack(0x00000039e5300000,0x00000039e5400000)]
  0x0000021ef03eaf90 JavaThread "HttpClient-3-SelectorManager" daemon [_thread_in_native, id=19148, stack(0x00000039e5400000,0x00000039e5500000)]
  0x0000021ef03ec7a0 JavaThread "HttpClient-3-Worker-0" daemon [_thread_blocked, id=17916, stack(0x00000039e5600000,0x00000039e5700000)]
  0x0000021ef03e92b0 JavaThread "HttpClient-3-Worker-1" daemon [_thread_blocked, id=2872, stack(0x00000039e5700000,0x00000039e5800000)]
  0x0000021ef03e9c50 JavaThread "HttpClient-3-Worker-2" daemon [_thread_blocked, id=8084, stack(0x00000039e5800000,0x00000039e5900000)]
  0x0000021ef03e9780 JavaThread "HttpClient-4-SelectorManager" daemon [_thread_in_native, id=10972, stack(0x00000039e5900000,0x00000039e5a00000)]
  0x0000021ef03ebe00 JavaThread "HttpClient-4-Worker-0" daemon [_thread_blocked, id=11516, stack(0x00000039e5a00000,0x00000039e5b00000)]
  0x0000021ef03ea120 JavaThread "HttpClient-4-Worker-1" daemon [_thread_blocked, id=632, stack(0x00000039e5b00000,0x00000039e5c00000)]
  0x0000021ef03ea5f0 JavaThread "HttpClient-4-Worker-2" daemon [_thread_blocked, id=15300, stack(0x00000039e5c00000,0x00000039e5d00000)]

Other Threads:
=>0x0000021ee66d45c0 VMThread "VM Thread" [stack: 0x00000039e3900000,0x00000039e3a00000] [id=488]
  0x0000021ee6c18710 WatcherThread [stack: 0x00000039e4600000,0x00000039e4700000] [id=9484]
  0x0000021ec9ad2340 GCTaskThread "GC Thread#0" [stack: 0x00000039e3400000,0x00000039e3500000] [id=9064]
  0x0000021ee6a0f9d0 GCTaskThread "GC Thread#1" [stack: 0x00000039e4400000,0x00000039e4500000] [id=9040]
  0x0000021ec9adac80 ConcurrentGCThread "G1 Main Marker" [stack: 0x00000039e3500000,0x00000039e3600000] [id=16192]
  0x0000021ec9adb7f0 ConcurrentGCThread "G1 Conc#0" [stack: 0x00000039e3600000,0x00000039e3700000] [id=14616]
  0x0000021ec9b102b0 ConcurrentGCThread "G1 Refine#0" [stack: 0x00000039e3700000,0x00000039e3800000] [id=14596]
  0x0000021ec9b10e30 ConcurrentGCThread "G1 Service" [stack: 0x00000039e3800000,0x00000039e3900000] [id=3264]

Threads with active compile tasks:

VM state: at safepoint (normal execution)

VM Mutex/Monitor currently owned by a thread:  ([mutex/lock_event])
[0x0000021ec9a8b3d0] Threads_lock - owner thread: 0x0000021ee66d45c0
[0x0000021ec9a8ac80] Heap_lock - owner thread: 0x0000021ec9adac80

Heap address: 0x00000000c3000000, size: 976 MB, Compressed Oops mode: 32-bit

CDS archive(s) mapped at: [0x0000021e80000000-0x0000021e80bd0000-0x0000021e80bd0000), size 12386304, SharedBaseAddress: 0x0000021e80000000, ArchiveRelocationMode: 1.
Compressed class space mapped at: 0x0000021e81000000-0x0000021ec1000000, reserved size: 1073741824
Narrow klass base: 0x0000021e80000000, Narrow klass shift: 0, Narrow klass range: 0x100000000

GC Precious Log:
 CPUs: 2 total, 2 available
 Memory: 3902M
 Large Page Support: Disabled
 NUMA Support: Disabled
 Compressed Oops: Enabled (32-bit)
 Heap Region Size: 1M
 Heap Min Capacity: 8M
 Heap Initial Capacity: 62M
 Heap Max Capacity: 976M
 Pre-touch: Disabled
 Parallel Workers: 2
 Concurrent Workers: 1
 Concurrent Refinement Workers: 2
 Periodic GC: Disabled

Heap:
 garbage-first heap   total 120832K, used 114408K [0x00000000c3000000, 0x0000000100000000)
  region size 1024K, 2 young (2048K), 1 survivors (1024K)
 Metaspace       used 22844K, committed 23168K, reserved 1114112K
  class space    used 3053K, committed 3200K, reserved 1048576K

Heap Regions: E=young(eden), S=young(survivor), O=old, HS=humongous(starts), HC=humongous(continues), CS=collection set, F=free, OA=open archive, CA=closed archive, TAMS=top-at-mark-start (previous, next)
|   0|0x00000000c3000000, 0x00000000c3100000, 0x00000000c3100000|100%| O|  |TAMS 0x00000000c3100000, 0x00000000c3000000| Untracked 
|   1|0x00000000c3100000, 0x00000000c3200000, 0x00000000c3200000|100%| O|  |TAMS 0x00000000c3200000, 0x00000000c3100000| Untracked 
|   2|0x00000000c3200000, 0x00000000c3300000, 0x00000000c3300000|100%|HS|  |TAMS 0x00000000c3300000, 0x00000000c3200000| Complete 
|   3|0x00000000c3300000, 0x00000000c3400000, 0x00000000c3400000|100%|HC|  |TAMS 0x00000000c3400000, 0x00000000c3300000| Complete 
|   4|0x00000000c3400000, 0x00000000c3500000, 0x00000000c3500000|100%|HS|  |TAMS 0x00000000c3500000, 0x00000000c3400000| Complete 
|   5|0x00000000c3500000, 0x00000000c3600000, 0x00000000c3600000|100%|HC|  |TAMS 0x00000000c3600000, 0x00000000c3500000| Complete 
|   6|0x00000000c3600000, 0x00000000c3700000, 0x00000000c3700000|100%|HC|  |TAMS 0x00000000c3700000, 0x00000000c3600000| Complete 
|   7|0x00000000c3700000, 0x00000000c3800000, 0x00000000c3800000|100%|HC|  |TAMS 0x00000000c3800000, 0x00000000c3700000| Complete 
|   8|0x00000000c3800000, 0x00000000c3900000, 0x00000000c3900000|100%|HC|  |TAMS 0x00000000c3900000, 0x00000000c3800000| Complete 
|   9|0x00000000c3900000, 0x00000000c3a00000, 0x00000000c3a00000|100%|HC|  |TAMS 0x00000000c3a00000, 0x00000000c3900000| Complete 
|  10|0x00000000c3a00000, 0x00000000c3b00000, 0x00000000c3b00000|100%|HC|  |TAMS 0x00000000c3b00000, 0x00000000c3a00000| Complete 
|  11|0x00000000c3b00000, 0x00000000c3c00000, 0x00000000c3c00000|100%|HC|  |TAMS 0x00000000c3c00000, 0x00000000c3b00000| Complete 
|  12|0x00000000c3c00000, 0x00000000c3d00000, 0x00000000c3d00000|100%|HC|  |TAMS 0x00000000c3d00000, 0x00000000c3c00000| Complete 
|  13|0x00000000c3d00000, 0x00000000c3e00000, 0x00000000c3e00000|100%|HC|  |TAMS 0x00000000c3e00000, 0x00000000c3d00000| Complete 
|  14|0x00000000c3e00000, 0x00000000c3f00000, 0x00000000c3f00000|100%|HC|  |TAMS 0x00000000c3f00000, 0x00000000c3e00000| Complete 
|  15|0x00000000c3f00000, 0x00000000c4000000, 0x00000000c4000000|100%|HC|  |TAMS 0x00000000c4000000, 0x00000000c3f00000| Complete 
|  16|0x00000000c4000000, 0x00000000c4100000, 0x00000000c4100000|100%|HC|  |TAMS 0x00000000c4100000, 0x00000000c4000000| Complete 
|  17|0x00000000c4100000, 0x00000000c4200000, 0x00000000c4200000|100%|HC|  |TAMS 0x00000000c4200000, 0x00000000c4100000| Complete 
|  18|0x00000000c4200000, 0x00000000c4300000, 0x00000000c4300000|100%|HC|  |TAMS 0x00000000c4300000, 0x00000000c4200000| Complete 
|  19|0x00000000c4300000, 0x00000000c4300000, 0x00000000c4400000|  0%| F|  |TAMS 0x00000000c4300000, 0x00000000c4300000| Untracked 
|  20|0x00000000c4400000, 0x00000000c4500000, 0x00000000c4500000|100%|HS|  |TAMS 0x00000000c4500000, 0x00000000c4400000| Complete 
|  21|0x00000000c4500000, 0x00000000c4600000, 0x00000000c4600000|100%|HC|  |TAMS 0x00000000c4600000, 0x00000000c4500000| Complete 
|  22|0x00000000c4600000, 0x00000000c4700000, 0x00000000c4700000|100%|HC|  |TAMS 0x00000000c4700000, 0x00000000c4600000| Complete 
|  23|0x00000000c4700000, 0x00000000c4800000, 0x00000000c4800000|100%|HC|  |TAMS 0x00000000c4800000, 0x00000000c4700000| Complete 
|  24|0x00000000c4800000, 0x00000000c4900000, 0x00000000c4900000|100%| O|  |TAMS 0x00000000c4900000, 0x00000000c4800000| Untracked 
|  25|0x00000000c4900000, 0x00000000c4a00000, 0x00000000c4a00000|100%|HS|  |TAMS 0x00000000c4a00000, 0x00000000c4900000| Complete 
|  26|0x00000000c4a00000, 0x00000000c4b00000, 0x00000000c4b00000|100%|HC|  |TAMS 0x00000000c4b00000, 0x00000000c4a00000| Complete 
|  27|0x00000000c4b00000, 0x00000000c4c00000, 0x00000000c4c00000|100%|HC|  |TAMS 0x00000000c4c00000, 0x00000000c4b00000| Complete 
|  28|0x00000000c4c00000, 0x00000000c4d00000, 0x00000000c4d00000|100%|HC|  |TAMS 0x00000000c4d00000, 0x00000000c4c00000| Complete 
|  29|0x00000000c4d00000, 0x00000000c4e00000, 0x00000000c4e00000|100%| O|  |TAMS 0x00000000c4e00000, 0x00000000c4d00000| Untracked 
|  30|0x00000000c4e00000, 0x00000000c4f00000, 0x00000000c4f00000|100%| O|  |TAMS 0x00000000c4f00000, 0x00000000c4e00000| Untracked 
|  31|0x00000000c4f00000, 0x00000000c5000000, 0x00000000c5000000|100%| O|  |TAMS 0x00000000c5000000, 0x00000000c4f00000| Untracked 
|  32|0x00000000c5000000, 0x00000000c5100000, 0x00000000c5100000|100%| O|  |TAMS 0x00000000c5100000, 0x00000000c5000000| Untracked 
|  33|0x00000000c5100000, 0x00000000c5200000, 0x00000000c5200000|100%| O|  |TAMS 0x00000000c5200000, 0x00000000c5100000| Untracked 
|  34|0x00000000c5200000, 0x00000000c5300000, 0x00000000c5300000|100%| O|  |TAMS 0x00000000c5300000, 0x00000000c5200000| Updating 
|  35|0x00000000c5300000, 0x00000000c5400000, 0x00000000c5400000|100%|HS|  |TAMS 0x00000000c5400000, 0x00000000c5300000| Complete 
|  36|0x00000000c5400000, 0x00000000c5500000, 0x00000000c5500000|100%|HC|  |TAMS 0x00000000c5500000, 0x00000000c5400000| Complete 
|  37|0x00000000c5500000, 0x00000000c5600000, 0x00000000c5600000|100%|HC|  |TAMS 0x00000000c5600000, 0x00000000c5500000| Complete 
|  38|0x00000000c5600000, 0x00000000c5700000, 0x00000000c5700000|100%|HC|  |TAMS 0x00000000c5700000, 0x00000000c5600000| Complete 
|  39|0x00000000c5700000, 0x00000000c5800000, 0x00000000c5800000|100%|HS|  |TAMS 0x00000000c5800000, 0x00000000c5700000| Complete 
|  40|0x00000000c5800000, 0x00000000c5900000, 0x00000000c5900000|100%|HC|  |TAMS 0x00000000c5900000, 0x00000000c5800000| Complete 
|  41|0x00000000c5900000, 0x00000000c5a00000, 0x00000000c5a00000|100%|HC|  |TAMS 0x00000000c5a00000, 0x00000000c5900000| Complete 
|  42|0x00000000c5a00000, 0x00000000c5b00000, 0x00000000c5b00000|100%|HC|  |TAMS 0x00000000c5b00000, 0x00000000c5a00000| Complete 
|  43|0x00000000c5b00000, 0x00000000c5c00000, 0x00000000c5c00000|100%|HS|  |TAMS 0x00000000c5c00000, 0x00000000c5b00000| Complete 
|  44|0x00000000c5c00000, 0x00000000c5d00000, 0x00000000c5d00000|100%|HC|  |TAMS 0x00000000c5d00000, 0x00000000c5c00000| Complete 
|  45|0x00000000c5d00000, 0x00000000c5e00000, 0x00000000c5e00000|100%|HC|  |TAMS 0x00000000c5e00000, 0x00000000c5d00000| Complete 
|  46|0x00000000c5e00000, 0x00000000c5f00000, 0x00000000c5f00000|100%|HC|  |TAMS 0x00000000c5f00000, 0x00000000c5e00000| Complete 
|  47|0x00000000c5f00000, 0x00000000c6000000, 0x00000000c6000000|100%|HS|  |TAMS 0x00000000c6000000, 0x00000000c5f00000| Complete 
|  48|0x00000000c6000000, 0x00000000c6100000, 0x00000000c6100000|100%|HC|  |TAMS 0x00000000c6100000, 0x00000000c6000000| Complete 
|  49|0x00000000c6100000, 0x00000000c6200000, 0x00000000c6200000|100%|HC|  |TAMS 0x00000000c6200000, 0x00000000c6100000| Complete 
|  50|0x00000000c6200000, 0x00000000c6300000, 0x00000000c6300000|100%|HC|  |TAMS 0x00000000c6300000, 0x00000000c6200000| Complete 
|  51|0x00000000c6300000, 0x00000000c6400000, 0x00000000c6400000|100%|HS|  |TAMS 0x00000000c6400000, 0x00000000c6300000| Complete 
|  52|0x00000000c6400000, 0x00000000c6500000, 0x00000000c6500000|100%|HC|  |TAMS 0x00000000c6500000, 0x00000000c6400000| Complete 
|  53|0x00000000c6500000, 0x00000000c6600000, 0x00000000c6600000|100%|HC|  |TAMS 0x00000000c6600000, 0x00000000c6500000| Complete 
|  54|0x00000000c6600000, 0x00000000c6700000, 0x00000000c6700000|100%|HC|  |TAMS 0x00000000c6700000, 0x00000000c6600000| Complete 
|  55|0x00000000c6700000, 0x00000000c6800000, 0x00000000c6800000|100%|HS|  |TAMS 0x00000000c6800000, 0x00000000c6700000| Complete 
|  56|0x00000000c6800000, 0x00000000c6900000, 0x00000000c6900000|100%|HC|  |TAMS 0x00000000c6900000, 0x00000000c6800000| Complete 
|  57|0x00000000c6900000, 0x00000000c6a00000, 0x00000000c6a00000|100%|HC|  |TAMS 0x00000000c6a00000, 0x00000000c6900000| Complete 
|  58|0x00000000c6a00000, 0x00000000c6b00000, 0x00000000c6b00000|100%|HC|  |TAMS 0x00000000c6b00000, 0x00000000c6a00000| Complete 
|  59|0x00000000c6b00000, 0x00000000c6c00000, 0x00000000c6c00000|100%|HC|  |TAMS 0x00000000c6c00000, 0x00000000c6b00000| Complete 
|  60|0x00000000c6c00000, 0x00000000c6d00000, 0x00000000c6d00000|100%|HC|  |TAMS 0x00000000c6d00000, 0x00000000c6c00000| Complete 
|  61|0x00000000c6d00000, 0x00000000c6e00000, 0x00000000c6e00000|100%|HC|  |TAMS 0x00000000c6e00000, 0x00000000c6d00000| Complete 
|  62|0x00000000c6e00000, 0x00000000c6f00000, 0x00000000c6f00000|100%|HC|  |TAMS 0x00000000c6f00000, 0x00000000c6e00000| Complete 
|  63|0x00000000c6f00000, 0x00000000c7000000, 0x00000000c7000000|100%|HC|  |TAMS 0x00000000c7000000, 0x00000000c6f00000| Complete 
|  64|0x00000000c7000000, 0x00000000c7100000, 0x00000000c7100000|100%|HC|  |TAMS 0x00000000c7100000, 0x00000000c7000000| Complete 
|  65|0x00000000c7100000, 0x00000000c7200000, 0x00000000c7200000|100%|HC|  |TAMS 0x00000000c7200000, 0x00000000c7100000| Complete 
|  66|0x00000000c7200000, 0x00000000c7300000, 0x00000000c7300000|100%|HC|  |TAMS 0x00000000c7300000, 0x00000000c7200000| Complete 
|  67|0x00000000c7300000, 0x00000000c7400000, 0x00000000c7400000|100%|HC|  |TAMS 0x00000000c7400000, 0x00000000c7300000| Complete 
|  68|0x00000000c7400000, 0x00000000c7500000, 0x00000000c7500000|100%|HC|  |TAMS 0x00000000c7500000, 0x00000000c7400000| Complete 
|  69|0x00000000c7500000, 0x00000000c7600000, 0x00000000c7600000|100%|HC|  |TAMS 0x00000000c7600000, 0x00000000c7500000| Complete 
|  70|0x00000000c7600000, 0x00000000c7700000, 0x00000000c7700000|100%| O|  |TAMS 0x00000000c7700000, 0x00000000c7600000| Untracked 
|  71|0x00000000c7700000, 0x00000000c7800000, 0x00000000c7800000|100%| O|  |TAMS 0x00000000c7800000, 0x00000000c7700000| Untracked 
|  72|0x00000000c7800000, 0x00000000c7800000, 0x00000000c7900000|  0%| F|  |TAMS 0x00000000c7800000, 0x00000000c7800000| Untracked 
|  73|0x00000000c7900000, 0x00000000c7900000, 0x00000000c7a00000|  0%| F|  |TAMS 0x00000000c7900000, 0x00000000c7900000| Untracked 
|  74|0x00000000c7a00000, 0x00000000c7a25c80, 0x00000000c7b00000| 14%| S|CS|TAMS 0x00000000c7a00000, 0x00000000c7a00000| Complete 
|  75|0x00000000c7b00000, 0x00000000c7c00000, 0x00000000c7c00000|100%|HS|  |TAMS 0x00000000c7c00000, 0x00000000c7b00000| Complete 
|  76|0x00000000c7c00000, 0x00000000c7d00000, 0x00000000c7d00000|100%|HC|  |TAMS 0x00000000c7d00000, 0x00000000c7c00000| Complete 
|  77|0x00000000c7d00000, 0x00000000c7e00000, 0x00000000c7e00000|100%|HC|  |TAMS 0x00000000c7e00000, 0x00000000c7d00000| Complete 
|  78|0x00000000c7e00000, 0x00000000c7f00000, 0x00000000c7f00000|100%|HC|  |TAMS 0x00000000c7f00000, 0x00000000c7e00000| Complete 
|  79|0x00000000c7f00000, 0x00000000c8000000, 0x00000000c8000000|100%|HS|  |TAMS 0x00000000c8000000, 0x00000000c7f00000| Complete 
|  80|0x00000000c8000000, 0x00000000c8100000, 0x00000000c8100000|100%|HC|  |TAMS 0x00000000c8100000, 0x00000000c8000000| Complete 
|  81|0x00000000c8100000, 0x00000000c8200000, 0x00000000c8200000|100%|HC|  |TAMS 0x00000000c8200000, 0x00000000c8100000| Complete 
|  82|0x00000000c8200000, 0x00000000c8300000, 0x00000000c8300000|100%|HC|  |TAMS 0x00000000c8300000, 0x00000000c8200000| Complete 
|  83|0x00000000c8300000, 0x00000000c8400000, 0x00000000c8400000|100%|HS|  |TAMS 0x00000000c8400000, 0x00000000c8300000| Complete 
|  84|0x00000000c8400000, 0x00000000c8500000, 0x00000000c8500000|100%|HC|  |TAMS 0x00000000c8500000, 0x00000000c8400000| Complete 
|  85|0x00000000c8500000, 0x00000000c8600000, 0x00000000c8600000|100%|HC|  |TAMS 0x00000000c8600000, 0x00000000c8500000| Complete 
|  86|0x00000000c8600000, 0x00000000c8700000, 0x00000000c8700000|100%|HC|  |TAMS 0x00000000c8700000, 0x00000000c8600000| Complete 
|  87|0x00000000c8700000, 0x00000000c8800000, 0x00000000c8800000|100%|HS|  |TAMS 0x00000000c8800000, 0x00000000c8700000| Complete 
|  88|0x00000000c8800000, 0x00000000c8900000, 0x00000000c8900000|100%|HC|  |TAMS 0x00000000c8900000, 0x00000000c8800000| Complete 
|  89|0x00000000c8900000, 0x00000000c8a00000, 0x00000000c8a00000|100%|HC|  |TAMS 0x00000000c8a00000, 0x00000000c8900000| Complete 
|  90|0x00000000c8a00000, 0x00000000c8b00000, 0x00000000c8b00000|100%|HC|  |TAMS 0x00000000c8b00000, 0x00000000c8a00000| Complete 
|  91|0x00000000c8b00000, 0x00000000c8c00000, 0x00000000c8c00000|100%| O|  |TAMS 0x00000000c8c00000, 0x00000000c8b00000| Untracked 
|  92|0x00000000c8c00000, 0x00000000c8c94400, 0x00000000c8d00000| 57%| O|  |TAMS 0x00000000c8c94400, 0x00000000c8c00000| Updating 
|  93|0x00000000c8d00000, 0x00000000c8d00000, 0x00000000c8e00000|  0%| F|  |TAMS 0x00000000c8d00000, 0x00000000c8d00000| Untracked 
|  94|0x00000000c8e00000, 0x00000000c8e11270, 0x00000000c8f00000|  6%| E|  |TAMS 0x00000000c8e00000, 0x00000000c8e00000| Complete 
|  95|0x00000000c8f00000, 0x00000000c9000000, 0x00000000c9000000|100%|HS|  |TAMS 0x00000000c9000000, 0x00000000c8f00000| Complete 
|  96|0x00000000c9000000, 0x00000000c9100000, 0x00000000c9100000|100%|HC|  |TAMS 0x00000000c9100000, 0x00000000c9000000| Complete 
|  97|0x00000000c9100000, 0x00000000c9200000, 0x00000000c9200000|100%|HC|  |TAMS 0x00000000c9200000, 0x00000000c9100000| Complete 
|  98|0x00000000c9200000, 0x00000000c9300000, 0x00000000c9300000|100%|HC|  |TAMS 0x00000000c9300000, 0x00000000c9200000| Complete 
|  99|0x00000000c9300000, 0x00000000c9400000, 0x00000000c9400000|100%|HC|  |TAMS 0x00000000c9400000, 0x00000000c9300000| Complete 
| 100|0x00000000c9400000, 0x00000000c9500000, 0x00000000c9500000|100%|HC|  |TAMS 0x00000000c9500000, 0x00000000c9400000| Complete 
| 101|0x00000000c9500000, 0x00000000c9600000, 0x00000000c9600000|100%|HC|  |TAMS 0x00000000c9600000, 0x00000000c9500000| Complete 
| 102|0x00000000c9600000, 0x00000000c9700000, 0x00000000c9700000|100%|HC|  |TAMS 0x00000000c9700000, 0x00000000c9600000| Complete 
| 103|0x00000000c9700000, 0x00000000c9800000, 0x00000000c9800000|100%|HC|  |TAMS 0x00000000c9800000, 0x00000000c9700000| Complete 
| 104|0x00000000c9800000, 0x00000000c9900000, 0x00000000c9900000|100%|HC|  |TAMS 0x00000000c9900000, 0x00000000c9800000| Complete 
| 105|0x00000000c9900000, 0x00000000c9a00000, 0x00000000c9a00000|100%|HC|  |TAMS 0x00000000c9a00000, 0x00000000c9900000| Complete 
| 106|0x00000000c9a00000, 0x00000000c9b00000, 0x00000000c9b00000|100%|HC|  |TAMS 0x00000000c9b00000, 0x00000000c9a00000| Complete 
| 107|0x00000000c9b00000, 0x00000000c9c00000, 0x00000000c9c00000|100%|HC|  |TAMS 0x00000000c9c00000, 0x00000000c9b00000| Complete 
| 108|0x00000000c9c00000, 0x00000000c9d00000, 0x00000000c9d00000|100%|HC|  |TAMS 0x00000000c9d00000, 0x00000000c9c00000| Complete 
| 109|0x00000000c9d00000, 0x00000000c9e00000, 0x00000000c9e00000|100%|HC|  |TAMS 0x00000000c9e00000, 0x00000000c9d00000| Complete 
| 110|0x00000000c9e00000, 0x00000000c9f00000, 0x00000000c9f00000|100%|HS|  |TAMS 0x00000000c9f00000, 0x00000000c9e00000| Complete 
| 111|0x00000000c9f00000, 0x00000000ca000000, 0x00000000ca000000|100%|HC|  |TAMS 0x00000000ca000000, 0x00000000c9f00000| Complete 
| 112|0x00000000ca000000, 0x00000000ca100000, 0x00000000ca100000|100%|HC|  |TAMS 0x00000000ca100000, 0x00000000ca000000| Complete 
| 113|0x00000000ca100000, 0x00000000ca200000, 0x00000000ca200000|100%|HC|  |TAMS 0x00000000ca200000, 0x00000000ca100000| Complete 
| 114|0x00000000ca200000, 0x00000000ca300000, 0x00000000ca300000|100%|HS|  |TAMS 0x00000000ca200000, 0x00000000ca200000| Complete 
| 115|0x00000000ca300000, 0x00000000ca400000, 0x00000000ca400000|100%|HC|  |TAMS 0x00000000ca300000, 0x00000000ca300000| Complete 
| 116|0x00000000ca400000, 0x00000000ca500000, 0x00000000ca500000|100%|HC|  |TAMS 0x00000000ca400000, 0x00000000ca400000| Complete 
| 117|0x00000000ca500000, 0x00000000ca600000, 0x00000000ca600000|100%|HC|  |TAMS 0x00000000ca500000, 0x00000000ca500000| Complete 

Card table byte_map: [0x0000021ee2110000,0x0000021ee2300000] _byte_map_base: 0x0000021ee1af8000

Marking Bits (Prev, Next): (CMBitMap*) 0x0000021ec9ad2990, (CMBitMap*) 0x0000021ec9ad2950
 Prev Bits: [0x0000021ee3430000, 0x0000021ee4370000)
 Next Bits: [0x0000021ee24f0000, 0x0000021ee3430000)

Polling page: 0x0000021ed2af0000

Metaspace:

Usage:
  Non-class:     19.33 MB used.
      Class:      2.98 MB used.
       Both:     22.31 MB used.

Virtual space:
  Non-class space:       64.00 MB reserved,      19.50 MB ( 30%) committed,  1 nodes.
      Class space:        1.00 GB reserved,       3.12 MB ( <1%) committed,  1 nodes.
             Both:        1.06 GB reserved,      22.62 MB (  2%) committed. 

Chunk freelists:
   Non-Class:  12.23 MB
       Class:  12.76 MB
        Both:  24.99 MB

MaxMetaspaceSize: unlimited
CompressedClassSpaceSize: 1.00 GB
Initial GC threshold: 21.00 MB
Current GC threshold: 34.50 MB
CDS: on
MetaspaceReclaimPolicy: balanced
 - commit_granule_bytes: 65536.
 - commit_granule_words: 8192.
 - virtual_space_node_default_size: 8388608.
 - enlarge_chunks_in_place: 1.
 - new_chunks_are_fully_committed: 0.
 - uncommit_free_chunks: 1.
 - use_allocation_guard: 0.
 - handle_deallocations: 1.


Internal statistics:

num_allocs_failed_limit: 0.
num_arena_births: 334.
num_arena_deaths: 0.
num_vsnodes_births: 2.
num_vsnodes_deaths: 0.
num_space_committed: 362.
num_space_uncommitted: 0.
num_chunks_returned_to_freelist: 0.
num_chunks_taken_from_freelist: 1017.
num_chunk_merges: 0.
num_chunk_splits: 678.
num_chunks_enlarged: 502.
num_purges: 0.
num_inconsistent_stats: 0.

CodeHeap 'non-profiled nmethods': size=120064Kb used=1870Kb max_used=1870Kb free=118193Kb
 bounds [0x0000021eda5d0000, 0x0000021eda840000, 0x0000021ee1b10000]
CodeHeap 'profiled nmethods': size=120000Kb used=9169Kb max_used=9169Kb free=110830Kb
 bounds [0x0000021ed2b10000, 0x0000021ed3410000, 0x0000021eda040000]
CodeHeap 'non-nmethods': size=5696Kb used=1469Kb max_used=1504Kb free=4226Kb
 bounds [0x0000021eda040000, 0x0000021eda2b0000, 0x0000021eda5d0000]
 total_blobs=5163 nmethods=4323 adapters=752
 compilation: enabled
              stopped_count=0, restarted_count=0
 full_count=0

Compilation events (20 events):
Event: 39.522 Thread 0x0000021ee66feac0 nmethod 4315 0x0000021ed33ff910 code [0x0000021ed33ffbe0, 0x0000021ed3400c08]
Event: 39.523 Thread 0x0000021ee66f9460 nmethod 4313 0x0000021eda7a1c10 code [0x0000021eda7a1dc0, 0x0000021eda7a2018]
Event: 39.554 Thread 0x0000021ee66feac0 4316       3       java.util.LinkedList::checkPositionIndex (22 bytes)
Event: 39.555 Thread 0x0000021ee66feac0 nmethod 4316 0x0000021ed3401190 code [0x0000021ed34013e0, 0x0000021ed3401b48]
Event: 39.555 Thread 0x0000021ee66feac0 4317       3       java.util.LinkedList::isPositionIndex (18 bytes)
Event: 39.555 Thread 0x0000021ee66feac0 nmethod 4317 0x0000021ed3401e90 code [0x0000021ed3402020, 0x0000021ed34021b8]
Event: 39.618 Thread 0x0000021ee66feac0 4318       3       javafx.fxml.FXMLLoader$Element::updateValue (11 bytes)
Event: 39.618 Thread 0x0000021ee66feac0 nmethod 4318 0x0000021ed3402290 code [0x0000021ed3402420, 0x0000021ed3402598]
Event: 39.620 Thread 0x0000021ee66f9460 4319 %     4       com.sun.javafx.iio.png.PNGImageLoader2::decodePalette @ 151 (274 bytes)
Event: 39.621 Thread 0x0000021ee66feac0 4320       3       java.util.LinkedList::listIterator (15 bytes)
Event: 39.622 Thread 0x0000021ee66feac0 nmethod 4320 0x0000021ed3402610 code [0x0000021ed3402800, 0x0000021ed3402c68]
Event: 39.627 Thread 0x0000021ee66feac0 4322       3       java.util.AbstractSequentialList::iterator (5 bytes)
Event: 39.628 Thread 0x0000021ee66feac0 nmethod 4322 0x0000021ed3402e10 code [0x0000021ed3403000, 0x0000021ed3403588]
Event: 39.628 Thread 0x0000021ee66feac0 4323       3       java.io.File::exists (34 bytes)
Event: 39.628 Thread 0x0000021ee66feac0 nmethod 4323 0x0000021ed3403790 code [0x0000021ed3403980, 0x0000021ed3403ec8]
Event: 39.630 Thread 0x0000021ee66feac0 4324       3       java.io.FileDescriptor::valid (25 bytes)
Event: 39.630 Thread 0x0000021ee66feac0 nmethod 4324 0x0000021ed3404090 code [0x0000021ed3404220, 0x0000021ed34043d8]
Event: 39.640 Thread 0x0000021ee66f9460 nmethod 4319% 0x0000021eda7a2290 code [0x0000021eda7a2440, 0x0000021eda7a2d28]
Event: 39.640 Thread 0x0000021ee66f9460 4321   !   4       jdk.internal.reflect.UTF8::encode (191 bytes)
Event: 39.648 Thread 0x0000021ee66f9460 nmethod 4321 0x0000021eda7a3110 code [0x0000021eda7a32c0, 0x0000021eda7a3678]

GC Heap History (20 events):
Event: 18.548 GC heap before
{Heap before GC invocations=3 (full 0):
 garbage-first heap   total 63488K, used 48312K [0x00000000c3000000, 0x0000000100000000)
  region size 1024K, 27 young (27648K), 5 survivors (5120K)
 Metaspace       used 20422K, committed 20736K, reserved 1114112K
  class space    used 2764K, committed 2944K, reserved 1048576K
}
Event: 18.571 GC heap after
{Heap after GC invocations=4 (full 0):
 garbage-first heap   total 63488K, used 31429K [0x00000000c3000000, 0x0000000100000000)
  region size 1024K, 4 young (4096K), 4 survivors (4096K)
 Metaspace       used 20422K, committed 20736K, reserved 1114112K
  class space    used 2764K, committed 2944K, reserved 1048576K
}
Event: 18.619 GC heap before
{Heap before GC invocations=4 (full 0):
 garbage-first heap   total 63488K, used 35525K [0x00000000c3000000, 0x0000000100000000)
  region size 1024K, 5 young (5120K), 4 survivors (4096K)
 Metaspace       used 20427K, committed 20736K, reserved 1114112K
  class space    used 2764K, committed 2944K, reserved 1048576K
}
Event: 18.628 GC heap after
{Heap after GC invocations=5 (full 0):
 garbage-first heap   total 63488K, used 36253K [0x00000000c3000000, 0x0000000100000000)
  region size 1024K, 1 young (1024K), 1 survivors (1024K)
 Metaspace       used 20427K, committed 20736K, reserved 1114112K
  class space    used 2764K, committed 2944K, reserved 1048576K
}
Event: 18.684 GC heap before
{Heap before GC invocations=6 (full 0):
 garbage-first heap   total 70656K, used 40349K [0x00000000c3000000, 0x0000000100000000)
  region size 1024K, 2 young (2048K), 1 survivors (1024K)
 Metaspace       used 20427K, committed 20736K, reserved 1114112K
  class space    used 2764K, committed 2944K, reserved 1048576K
}
Event: 18.686 GC heap after
{Heap after GC invocations=7 (full 0):
 garbage-first heap   total 70656K, used 39812K [0x00000000c3000000, 0x0000000100000000)
  region size 1024K, 1 young (1024K), 1 survivors (1024K)
 Metaspace       used 20427K, committed 20736K, reserved 1114112K
  class space    used 2764K, committed 2944K, reserved 1048576K
}
Event: 18.791 GC heap before
{Heap before GC invocations=8 (full 0):
 garbage-first heap   total 70656K, used 43908K [0x00000000c3000000, 0x0000000100000000)
  region size 1024K, 2 young (2048K), 1 survivors (1024K)
 Metaspace       used 20427K, committed 20736K, reserved 1114112K
  class space    used 2764K, committed 2944K, reserved 1048576K
}
Event: 18.793 GC heap after
{Heap after GC invocations=9 (full 0):
 garbage-first heap   total 70656K, used 43871K [0x00000000c3000000, 0x0000000100000000)
  region size 1024K, 1 young (1024K), 1 survivors (1024K)
 Metaspace       used 20427K, committed 20736K, reserved 1114112K
  class space    used 2764K, committed 2944K, reserved 1048576K
}
Event: 18.884 GC heap before
{Heap before GC invocations=10 (full 0):
 garbage-first heap   total 83968K, used 47967K [0x00000000c3000000, 0x0000000100000000)
  region size 1024K, 2 young (2048K), 1 survivors (1024K)
 Metaspace       used 20443K, committed 20800K, reserved 1114112K
  class space    used 2764K, committed 2944K, reserved 1048576K
}
Event: 18.886 GC heap after
{Heap after GC invocations=11 (full 0):
 garbage-first heap   total 83968K, used 48061K [0x00000000c3000000, 0x0000000100000000)
  region size 1024K, 1 young (1024K), 1 survivors (1024K)
 Metaspace       used 20443K, committed 20800K, reserved 1114112K
  class space    used 2764K, committed 2944K, reserved 1048576K
}
Event: 18.931 GC heap before
{Heap before GC invocations=12 (full 0):
 garbage-first heap   total 91136K, used 52157K [0x00000000c3000000, 0x0000000100000000)
  region size 1024K, 2 young (2048K), 1 survivors (1024K)
 Metaspace       used 20443K, committed 20800K, reserved 1114112K
  class space    used 2764K, committed 2944K, reserved 1048576K
}
Event: 18.932 GC heap after
{Heap after GC invocations=13 (full 0):
 garbage-first heap   total 91136K, used 52157K [0x00000000c3000000, 0x0000000100000000)
  region size 1024K, 1 young (1024K), 1 survivors (1024K)
 Metaspace       used 20443K, committed 20800K, reserved 1114112K
  class space    used 2764K, committed 2944K, reserved 1048576K
}
Event: 23.148 GC heap before
{Heap before GC invocations=14 (full 0):
 garbage-first heap   total 97280K, used 59325K [0x00000000c3000000, 0x0000000100000000)
  region size 1024K, 5 young (5120K), 1 survivors (1024K)
 Metaspace       used 20912K, committed 21184K, reserved 1114112K
  class space    used 2817K, committed 2944K, reserved 1048576K
}
Event: 23.152 GC heap after
{Heap after GC invocations=15 (full 0):
 garbage-first heap   total 97280K, used 56738K [0x00000000c3000000, 0x0000000100000000)
  region size 1024K, 1 young (1024K), 1 survivors (1024K)
 Metaspace       used 20912K, committed 21184K, reserved 1114112K
  class space    used 2817K, committed 2944K, reserved 1048576K
}
Event: 39.386 GC heap before
{Heap before GC invocations=16 (full 0):
 garbage-first heap   total 112640K, used 104866K [0x00000000c3000000, 0x0000000100000000)
  region size 1024K, 20 young (20480K), 1 survivors (1024K)
 Metaspace       used 22812K, committed 23104K, reserved 1114112K
  class space    used 3049K, committed 3200K, reserved 1048576K
}
Event: 39.396 GC heap after
{Heap after GC invocations=17 (full 0):
 garbage-first heap   total 112640K, used 89975K [0x00000000c3000000, 0x0000000100000000)
  region size 1024K, 3 young (3072K), 3 survivors (3072K)
 Metaspace       used 22812K, committed 23104K, reserved 1114112K
  class space    used 3049K, committed 3200K, reserved 1048576K
}
Event: 39.557 GC heap before
{Heap before GC invocations=17 (full 0):
 garbage-first heap   total 112640K, used 106359K [0x00000000c3000000, 0x0000000100000000)
  region size 1024K, 4 young (4096K), 3 survivors (3072K)
 Metaspace       used 22835K, committed 23168K, reserved 1114112K
  class space    used 3052K, committed 3200K, reserved 1048576K
}
Event: 39.568 GC heap after
{Heap after GC invocations=18 (full 0):
 garbage-first heap   total 112640K, used 106448K [0x00000000c3000000, 0x0000000100000000)
  region size 1024K, 1 young (1024K), 1 survivors (1024K)
 Metaspace       used 22835K, committed 23168K, reserved 1114112K
  class space    used 3052K, committed 3200K, reserved 1048576K
}
Event: 39.632 GC heap before
{Heap before GC invocations=18 (full 0):
 garbage-first heap   total 116736K, used 110544K [0x00000000c3000000, 0x0000000100000000)
  region size 1024K, 2 young (2048K), 1 survivors (1024K)
 Metaspace       used 22844K, committed 23168K, reserved 1114112K
  class space    used 3053K, committed 3200K, reserved 1048576K
}
Event: 39.634 GC heap after
{Heap after GC invocations=19 (full 0):
 garbage-first heap   total 116736K, used 110312K [0x00000000c3000000, 0x0000000100000000)
  region size 1024K, 1 young (1024K), 1 survivors (1024K)
 Metaspace       used 22844K, committed 23168K, reserved 1114112K
  class space    used 3053K, committed 3200K, reserved 1048576K
}

Deoptimization events (20 events):
Event: 27.744 Thread 0x0000021eeb355600 DEOPT PACKING pc=0x0000021eda743bf8 sp=0x00000039e4afdd80
Event: 27.744 Thread 0x0000021eeb355600 DEOPT UNPACKING pc=0x0000021eda09239d sp=0x00000039e4afdcb0 mode 2
Event: 27.753 Thread 0x0000021eeb2dd670 DEOPT PACKING pc=0x0000021ed30f93fc sp=0x00000039e47fe280
Event: 27.753 Thread 0x0000021eeb2dd670 DEOPT UNPACKING pc=0x0000021eda092b24 sp=0x00000039e47fd6b8 mode 0
Event: 29.811 Thread 0x0000021eeb2dd670 Uncommon trap: trap_request=0xffffff45 fr.pc=0x0000021eda767354 relative=0x0000000000002e34
Event: 29.811 Thread 0x0000021eeb2dd670 Uncommon trap: reason=unstable_if action=reinterpret pc=0x0000021eda767354 method=com.sun.marlin.Renderer._endRendering(IILcom/sun/marlin/MarlinAlphaConsumer;)V @ 1092 c2
Event: 29.811 Thread 0x0000021eeb2dd670 DEOPT PACKING pc=0x0000021eda767354 sp=0x00000039e47fc990
Event: 29.811 Thread 0x0000021eeb2dd670 DEOPT UNPACKING pc=0x0000021eda09239d sp=0x00000039e47fc7e0 mode 2
Event: 29.811 Thread 0x0000021eeb2dd670 Uncommon trap: trap_request=0xffffff45 fr.pc=0x0000021eda756238 relative=0x00000000000027d8
Event: 29.811 Thread 0x0000021eeb2dd670 Uncommon trap: reason=unstable_if action=reinterpret pc=0x0000021eda756238 method=com.sun.marlin.Renderer._endRendering(IILcom/sun/marlin/MarlinAlphaConsumer;)V @ 1926 c2
Event: 29.811 Thread 0x0000021eeb2dd670 DEOPT PACKING pc=0x0000021eda756238 sp=0x00000039e47fc8b0
Event: 29.811 Thread 0x0000021eeb2dd670 DEOPT UNPACKING pc=0x0000021eda09239d sp=0x00000039e47fc7d8 mode 2
Event: 29.821 Thread 0x0000021eeb2dd670 Uncommon trap: trap_request=0xffffff45 fr.pc=0x0000021eda6aef4c relative=0x0000000000002e0c
Event: 29.821 Thread 0x0000021eeb2dd670 Uncommon trap: reason=unstable_if action=reinterpret pc=0x0000021eda6aef4c method=com.sun.marlin.Renderer._endRendering(IILcom/sun/marlin/MarlinAlphaConsumer;)V @ 2015 c2
Event: 29.821 Thread 0x0000021eeb2dd670 DEOPT PACKING pc=0x0000021eda6aef4c sp=0x00000039e47fdc60
Event: 29.821 Thread 0x0000021eeb2dd670 DEOPT UNPACKING pc=0x0000021eda09239d sp=0x00000039e47fdb78 mode 2
Event: 30.583 Thread 0x0000021eeb355600 Uncommon trap: trap_request=0xffffff45 fr.pc=0x0000021eda76c63c relative=0x000000000000153c
Event: 30.584 Thread 0x0000021eeb355600 Uncommon trap: reason=unstable_if action=reinterpret pc=0x0000021eda76c63c method=javafx.scene.Node.intersectsBounds(Lcom/sun/javafx/geom/PickRay;)D @ 902 c2
Event: 30.584 Thread 0x0000021eeb355600 DEOPT PACKING pc=0x0000021eda76c63c sp=0x00000039e4afd320
Event: 30.584 Thread 0x0000021eeb355600 DEOPT UNPACKING pc=0x0000021eda09239d sp=0x00000039e4afd1e8 mode 2

Classes unloaded (0 events):
No events

Classes redefined (0 events):
No events

Internal exceptions (20 events):
Event: 16.100 Thread 0x0000021eeb355600 Exception <a 'sun/nio/fs/WindowsException'{0x00000000c61a5aa0}> (0x00000000c61a5aa0) 
thrown [s\open\src\hotspot\share\prims\jni.cpp, line 516]
Event: 16.118 Thread 0x0000021eeb355600 Exception <a 'sun/nio/fs/WindowsException'{0x00000000c61b6218}> (0x00000000c61b6218) 
thrown [s\open\src\hotspot\share\prims\jni.cpp, line 516]
Event: 16.133 Thread 0x0000021eeb355600 Exception <a 'java/lang/NoSuchMethodError'{0x00000000c61c8f70}: 'int java.lang.invoke.DirectMethodHandle$Holder.invokeStatic(java.lang.Object, java.lang.Object, java.lang.Object, java.lang.Object)'> (0x00000000c61c8f70) 
thrown [s\open\src\hotspot\share\interpreter\linkResolver.cpp, line 759]
Event: 16.134 Thread 0x0000021eeb355600 Exception <a 'java/lang/NoSuchMethodError'{0x00000000c61cccc8}: 'int java.lang.invoke.DirectMethodHandle$Holder.invokeStaticInit(java.lang.Object, java.lang.Object, java.lang.Object, java.lang.Object)'> (0x00000000c61cccc8) 
thrown [s\open\src\hotspot\share\interpreter\linkResolver.cpp, line 759]
Event: 16.135 Thread 0x0000021eeb355600 Exception <a 'java/lang/IncompatibleClassChangeError'{0x00000000c61d6098}: Found class java.lang.Object, but interface was expected> (0x00000000c61d6098) 
thrown [s\open\src\hotspot\share\interpreter\linkResolver.cpp, line 826]
Event: 16.421 Thread 0x0000021eeb355600 Exception <a 'java/lang/NoSuchMethodError'{0x00000000c5c4daa8}: 'java.lang.Object java.lang.invoke.DirectMethodHandle$Holder.invokeStaticInit(java.lang.Object, int, int, int, int)'> (0x00000000c5c4daa8) 
thrown [s\open\src\hotspot\share\interpreter\linkResolver.cpp, line 759]
Event: 16.717 Thread 0x0000021eeb355600 Exception <a 'java/lang/NoSuchMethodError'{0x00000000c5c7a5f0}: 'java.lang.Object java.lang.invoke.DirectMethodHandle$Holder.invokeStaticInit(java.lang.Object, java.lang.Object, int, int, int, int)'> (0x00000000c5c7a5f0) 
thrown [s\open\src\hotspot\share\interpreter\linkResolver.cpp, line 759]
Event: 16.858 Thread 0x0000021eeb355600 Exception <a 'sun/nio/fs/WindowsException'{0x00000000c5b0b3a0}> (0x00000000c5b0b3a0) 
thrown [s\open\src\hotspot\share\prims\jni.cpp, line 516]
Event: 16.896 Thread 0x0000021eeb355600 Exception <a 'java/lang/ClassNotFoundException'{0x00000000c5b144f0}: jdk/net/ExtendedSocketOptions> (0x00000000c5b144f0) 
thrown [s\open\src\hotspot\share\classfile\systemDictionary.cpp, line 256]
Event: 16.961 Thread 0x0000021eeb355600 Exception <a 'java/lang/NoSuchMethodError'{0x00000000c5bb06a8}: 'java.lang.Object java.lang.invoke.DirectMethodHandle$Holder.invokeSpecial(java.lang.Object, java.lang.Object, java.lang.Object, java.lang.Object, int)'> (0x00000000c5bb06a8) 
thrown [s\open\src\hotspot\share\interpreter\linkResolver.cpp, line 759]
Event: 16.962 Thread 0x0000021eeb355600 Exception <a 'java/lang/NoSuchMethodError'{0x00000000c5bb47c0}: 'java.lang.Object java.lang.invoke.Invokers$Holder.linkToTargetMethod(java.lang.Object, java.lang.Object, int, java.lang.Object)'> (0x00000000c5bb47c0) 
thrown [s\open\src\hotspot\share\interpreter\linkResolver.cpp, line 759]
Event: 17.066 Thread 0x0000021ef03eb460 Exception <a 'java/lang/NoSuchMethodError'{0x00000000c5b69df0}: 'void java.lang.invoke.DirectMethodHandle$Holder.invokeStatic(java.lang.Object, java.lang.Object, int)'> (0x00000000c5b69df0) 
thrown [s\open\src\hotspot\share\interpreter\linkResolver.cpp, line 759]
Event: 18.014 Thread 0x0000021ef03e92b0 Exception <a 'java/lang/NoSuchMethodError'{0x00000000c590ae30}: 'java.lang.Object java.lang.invoke.DirectMethodHandle$Holder.newInvokeSpecial(java.lang.Object, java.lang.Object, long, java.lang.Object, java.lang.Object, java.lang.Object)'> (0x00000000c590ae30) 
thrown [s\open\src\hotspot\share\interpreter\linkResolver.cpp, line 759]
Event: 18.020 Thread 0x0000021ef03e92b0 Exception <a 'java/lang/NoSuchMethodError'{0x00000000c5922ea8}: 'void java.lang.invoke.DirectMethodHandle$Holder.invokeSpecial(java.lang.Object, java.lang.Object, java.lang.Object, java.lang.Object, java.lang.Object, java.lang.Object, java.lang.Object)'> (0x00000000c5922ea8) 
thrown [s\open\src\hotspot\share\interpreter\linkResolver.cpp, line 759]
Event: 23.698 Thread 0x0000021eeb355600 Exception <a 'sun/nio/fs/WindowsException'{0x00000000c86515b0}> (0x00000000c86515b0) 
thrown [s\open\src\hotspot\share\prims\jni.cpp, line 516]
Event: 23.870 Thread 0x0000021eeb355600 Exception <a 'java/io/FileNotFoundException'{0x00000000c86d4bf0}> (0x00000000c86d4bf0) 
thrown [s\open\src\hotspot\share\prims\jni.cpp, line 516]
Event: 23.909 Thread 0x0000021eeb355600 Exception <a 'java/io/FileNotFoundException'{0x00000000c86ecf58}> (0x00000000c86ecf58) 
thrown [s\open\src\hotspot\share\prims\jni.cpp, line 516]
Event: 26.236 Thread 0x0000021eeb2dd670 Exception <a 'java/lang/NoSuchMethodError'{0x00000000c7ffcf48}: 'java.lang.Object java.lang.invoke.DirectMethodHandle$Holder.invokeStaticInit(java.lang.Object, int)'> (0x00000000c7ffcf48) 
thrown [s\open\src\hotspot\share\interpreter\linkResolver.cpp, line 759]
Event: 27.168 Thread 0x0000021eeb355600 Exception <a 'sun/nio/fs/WindowsException'{0x00000000c7effb10}> (0x00000000c7effb10) 
thrown [s\open\src\hotspot\share\prims\jni.cpp, line 516]
Event: 27.744 Thread 0x0000021eeb355600 Implicit null exception at 0x0000021eda743b9e to 0x0000021eda743bec

VM Operations (20 events):
Event: 31.259 Executing VM operation: HandshakeAllThreads done
Event: 32.258 Executing VM operation: Cleanup
Event: 32.258 Executing VM operation: Cleanup done
Event: 33.259 Executing VM operation: Cleanup
Event: 33.259 Executing VM operation: Cleanup done
Event: 34.259 Executing VM operation: Cleanup
Event: 34.259 Executing VM operation: Cleanup done
Event: 35.259 Executing VM operation: Cleanup
Event: 35.260 Executing VM operation: Cleanup done
Event: 37.260 Executing VM operation: Cleanup
Event: 37.260 Executing VM operation: Cleanup done
Event: 39.260 Executing VM operation: Cleanup
Event: 39.260 Executing VM operation: Cleanup done
Event: 39.386 Executing VM operation: G1CollectForAllocation
Event: 39.397 Executing VM operation: G1CollectForAllocation done
Event: 39.557 Executing VM operation: G1CollectForAllocation
Event: 39.569 Executing VM operation: G1CollectForAllocation done
Event: 39.632 Executing VM operation: G1TryInitiateConcMark
Event: 39.634 Executing VM operation: G1TryInitiateConcMark done
Event: 39.668 Executing VM operation: G1Concurrent

Events (20 events):
Event: 27.146 loading class sun/util/calendar/ZoneInfoFile$Checksum
Event: 27.147 loading class sun/util/calendar/ZoneInfoFile$Checksum done
Event: 27.151 loading class java/time/zone/ZoneRulesProvider
Event: 27.152 loading class java/time/zone/ZoneRulesProvider done
Event: 27.152 loading class java/time/zone/ZoneRulesProvider$1
Event: 27.152 loading class java/time/zone/ZoneRulesProvider$1 done
Event: 27.153 loading class java/time/zone/TzdbZoneRulesProvider
Event: 27.153 loading class java/time/zone/TzdbZoneRulesProvider done
Event: 27.171 loading class java/time/zone/Ser
Event: 27.172 loading class java/io/Externalizable
Event: 27.172 loading class java/io/Externalizable done
Event: 27.172 loading class java/time/zone/Ser done
Event: 27.178 Thread 0x0000021ef03eaf90 Thread added: 0x0000021ef03eaf90
Event: 27.197 Thread 0x0000021ef03ec7a0 Thread added: 0x0000021ef03ec7a0
Event: 27.198 Thread 0x0000021ef03e92b0 Thread added: 0x0000021ef03e92b0
Event: 27.198 Thread 0x0000021ef03e9c50 Thread added: 0x0000021ef03e9c50
Event: 31.283 Thread 0x0000021ef03e9780 Thread added: 0x0000021ef03e9780
Event: 31.287 Thread 0x0000021ef03ebe00 Thread added: 0x0000021ef03ebe00
Event: 31.288 Thread 0x0000021ef03ea120 Thread added: 0x0000021ef03ea120
Event: 31.288 Thread 0x0000021ef03ea5f0 Thread added: 0x0000021ef03ea5f0


Dynamic libraries:
0x00007ff79c090000 - 0x00007ff79c0a0000 	C:\Program Files\Java\jdk-17\bin\java.exe
0x00007ff8e03c0000 - 0x00007ff8e05c9000 	C:\WINDOWS\SYSTEM32\ntdll.dll
0x00007ff8de2a0000 - 0x00007ff8de35e000 	C:\WINDOWS\System32\KERNEL32.DLL
0x00007ff8dd920000 - 0x00007ff8ddca4000 	C:\WINDOWS\System32\KERNELBASE.dll
0x00007ff8ddf60000 - 0x00007ff8de071000 	C:\WINDOWS\System32\ucrtbase.dll
0x00007ff8d8f90000 - 0x00007ff8d8fa9000 	C:\Program Files\Java\jdk-17\bin\jli.dll
0x00007ff8e02d0000 - 0x00007ff8e037f000 	C:\WINDOWS\System32\ADVAPI32.dll
0x00007ff8df5d0000 - 0x00007ff8df673000 	C:\WINDOWS\System32\msvcrt.dll
0x00007ff8de750000 - 0x00007ff8de7ee000 	C:\WINDOWS\System32\sechost.dll
0x00007ff8df4a0000 - 0x00007ff8df5c1000 	C:\WINDOWS\System32\RPCRT4.dll
0x00007ff8df060000 - 0x00007ff8df20d000 	C:\WINDOWS\System32\USER32.dll
0x00007ff8dd850000 - 0x00007ff8dd876000 	C:\WINDOWS\System32\win32u.dll
0x00007ff8de270000 - 0x00007ff8de29a000 	C:\WINDOWS\System32\GDI32.dll
0x00007ff8de0f0000 - 0x00007ff8de20f000 	C:\WINDOWS\System32\gdi32full.dll
0x00007ff8dd880000 - 0x00007ff8dd91d000 	C:\WINDOWS\System32\msvcp_win.dll
0x00007ff8d6710000 - 0x00007ff8d672b000 	C:\Program Files\Java\jdk-17\bin\VCRUNTIME140.dll
0x00007ff8ca2b0000 - 0x00007ff8ca555000 	C:\WINDOWS\WinSxS\amd64_microsoft.windows.common-controls_6595b64144ccf1df_6.0.22000.120_none_9d947278b86cc467\COMCTL32.dll
0x00007ff8d4aa0000 - 0x00007ff8d4aaa000 	C:\WINDOWS\SYSTEM32\VERSION.dll
0x00007ff8de210000 - 0x00007ff8de241000 	C:\WINDOWS\System32\IMM32.DLL
0x00007ff8da180000 - 0x00007ff8da18c000 	C:\Program Files\Java\jdk-17\bin\vcruntime140_1.dll
0x00007ff8cf7f0000 - 0x00007ff8cf87e000 	C:\Program Files\Java\jdk-17\bin\msvcp140.dll
0x00007ff872740000 - 0x00007ff87331e000 	C:\Program Files\Java\jdk-17\bin\server\jvm.dll
0x00007ff8de360000 - 0x00007ff8de368000 	C:\WINDOWS\System32\PSAPI.DLL
0x00007ff8cfc50000 - 0x00007ff8cfc59000 	C:\WINDOWS\SYSTEM32\WSOCK32.dll
0x00007ff8de870000 - 0x00007ff8de8df000 	C:\WINDOWS\System32\WS2_32.dll
0x00007ff8d8af0000 - 0x00007ff8d8b23000 	C:\WINDOWS\SYSTEM32\WINMM.dll
0x00007ff8dc9a0000 - 0x00007ff8dc9b8000 	C:\WINDOWS\SYSTEM32\kernel.appcore.dll
0x00007ff8da100000 - 0x00007ff8da10a000 	C:\Program Files\Java\jdk-17\bin\jimage.dll
0x00007ff8d82e0000 - 0x00007ff8d8501000 	C:\WINDOWS\SYSTEM32\DBGHELP.DLL
0x00007ff8c50f0000 - 0x00007ff8c5121000 	C:\WINDOWS\SYSTEM32\dbgcore.DLL
0x00007ff8ddd70000 - 0x00007ff8dddef000 	C:\WINDOWS\System32\bcryptPrimitives.dll
0x00007ff8d66e0000 - 0x00007ff8d6705000 	C:\Program Files\Java\jdk-17\bin\java.dll
0x00007ff8cea90000 - 0x00007ff8ceb67000 	C:\Program Files\Java\jdk-17\bin\jsvml.dll
0x00007ff8df680000 - 0x00007ff8dfe45000 	C:\WINDOWS\System32\SHELL32.dll
0x00007ff8db920000 - 0x00007ff8dc184000 	C:\WINDOWS\SYSTEM32\windows.storage.dll
0x00007ff8de8f0000 - 0x00007ff8dec66000 	C:\WINDOWS\System32\combase.dll
0x00007ff8db7b0000 - 0x00007ff8db917000 	C:\WINDOWS\SYSTEM32\wintypes.dll
0x00007ff8df210000 - 0x00007ff8df2fa000 	C:\WINDOWS\System32\SHCORE.dll
0x00007ff8deeb0000 - 0x00007ff8def0d000 	C:\WINDOWS\System32\shlwapi.dll
0x00007ff8dd780000 - 0x00007ff8dd7a5000 	C:\WINDOWS\SYSTEM32\profapi.dll
0x00007ff8d66c0000 - 0x00007ff8d66d9000 	C:\Program Files\Java\jdk-17\bin\net.dll
0x00007ff8d62e0000 - 0x00007ff8d63f3000 	C:\WINDOWS\SYSTEM32\WINHTTP.dll
0x00007ff8dce50000 - 0x00007ff8dceb7000 	C:\WINDOWS\system32\mswsock.dll
0x00007ff8cea70000 - 0x00007ff8cea86000 	C:\Program Files\Java\jdk-17\bin\nio.dll
0x00007ff8cea50000 - 0x00007ff8cea68000 	C:\Program Files\Java\jdk-17\bin\zip.dll
0x0000021ee65d0000 - 0x0000021ee65d3000 	C:\Users\mirel\.openjfx\cache\17.0.1\api-ms-win-core-console-l1-1-0.dll
0x0000021ee65e0000 - 0x0000021ee65e3000 	C:\Users\mirel\.openjfx\cache\17.0.1\api-ms-win-core-console-l1-2-0.dll
0x0000021ee6d10000 - 0x0000021ee6d13000 	C:\Users\mirel\.openjfx\cache\17.0.1\api-ms-win-core-datetime-l1-1-0.dll
0x0000021ee6d20000 - 0x0000021ee6d23000 	C:\Users\mirel\.openjfx\cache\17.0.1\api-ms-win-core-debug-l1-1-0.dll
0x0000021ee6d30000 - 0x0000021ee6d33000 	C:\Users\mirel\.openjfx\cache\17.0.1\api-ms-win-core-errorhandling-l1-1-0.dll
0x0000021ee6d40000 - 0x0000021ee6d44000 	C:\Users\mirel\.openjfx\cache\17.0.1\api-ms-win-core-file-l1-1-0.dll
0x0000021ee6d50000 - 0x0000021ee6d53000 	C:\Users\mirel\.openjfx\cache\17.0.1\api-ms-win-core-file-l1-2-0.dll
0x0000021ee6d60000 - 0x0000021ee6d63000 	C:\Users\mirel\.openjfx\cache\17.0.1\api-ms-win-core-file-l2-1-0.dll
0x0000021ee6d70000 - 0x0000021ee6d73000 	C:\Users\mirel\.openjfx\cache\17.0.1\api-ms-win-core-handle-l1-1-0.dll
0x0000021ee6d80000 - 0x0000021ee6d83000 	C:\Users\mirel\.openjfx\cache\17.0.1\api-ms-win-core-heap-l1-1-0.dll
0x0000021ee6d90000 - 0x0000021ee6d93000 	C:\Users\mirel\.openjfx\cache\17.0.1\api-ms-win-core-interlocked-l1-1-0.dll
0x0000021ee6da0000 - 0x0000021ee6da3000 	C:\Users\mirel\.openjfx\cache\17.0.1\api-ms-win-core-libraryloader-l1-1-0.dll
0x0000021ee6db0000 - 0x0000021ee6db3000 	C:\Users\mirel\.openjfx\cache\17.0.1\api-ms-win-core-localization-l1-2-0.dll
0x0000021ee6dc0000 - 0x0000021ee6dc3000 	C:\Users\mirel\.openjfx\cache\17.0.1\api-ms-win-core-memory-l1-1-0.dll
0x0000021ee6dd0000 - 0x0000021ee6dd3000 	C:\Users\mirel\.openjfx\cache\17.0.1\api-ms-win-core-namedpipe-l1-1-0.dll
0x0000021ee6de0000 - 0x0000021ee6de3000 	C:\Users\mirel\.openjfx\cache\17.0.1\api-ms-win-core-processenvironment-l1-1-0.dll
0x0000021ee6df0000 - 0x0000021ee6df3000 	C:\Users\mirel\.openjfx\cache\17.0.1\api-ms-win-core-processthreads-l1-1-0.dll
0x0000021ee6e00000 - 0x0000021ee6e03000 	C:\Users\mirel\.openjfx\cache\17.0.1\api-ms-win-core-processthreads-l1-1-1.dll
0x0000021ee6e10000 - 0x0000021ee6e13000 	C:\Users\mirel\.openjfx\cache\17.0.1\api-ms-win-core-profile-l1-1-0.dll
0x0000021ee6e20000 - 0x0000021ee6e23000 	C:\Users\mirel\.openjfx\cache\17.0.1\api-ms-win-core-rtlsupport-l1-1-0.dll
0x0000021ee6e30000 - 0x0000021ee6e33000 	C:\Users\mirel\.openjfx\cache\17.0.1\api-ms-win-core-string-l1-1-0.dll
0x0000021ee6e40000 - 0x0000021ee6e43000 	C:\Users\mirel\.openjfx\cache\17.0.1\api-ms-win-core-synch-l1-1-0.dll
0x0000021ee6e50000 - 0x0000021ee6e53000 	C:\Users\mirel\.openjfx\cache\17.0.1\api-ms-win-core-synch-l1-2-0.dll
0x0000021ee6e60000 - 0x0000021ee6e63000 	C:\Users\mirel\.openjfx\cache\17.0.1\api-ms-win-core-sysinfo-l1-1-0.dll
0x0000021ee6e70000 - 0x0000021ee6e73000 	C:\Users\mirel\.openjfx\cache\17.0.1\api-ms-win-core-timezone-l1-1-0.dll
0x0000021ee6e80000 - 0x0000021ee6e83000 	C:\Users\mirel\.openjfx\cache\17.0.1\api-ms-win-core-util-l1-1-0.dll
0x0000021ee6e90000 - 0x0000021ee6e93000 	C:\Users\mirel\.openjfx\cache\17.0.1\api-ms-win-crt-conio-l1-1-0.dll
0x0000021ee6ea0000 - 0x0000021ee6ea4000 	C:\Users\mirel\.openjfx\cache\17.0.1\api-ms-win-crt-convert-l1-1-0.dll
0x0000021ee6eb0000 - 0x0000021ee6eb3000 	C:\Users\mirel\.openjfx\cache\17.0.1\api-ms-win-crt-environment-l1-1-0.dll
0x0000021ee6ec0000 - 0x0000021ee6ec3000 	C:\Users\mirel\.openjfx\cache\17.0.1\api-ms-win-crt-filesystem-l1-1-0.dll
0x0000021ee6ed0000 - 0x0000021ee6ed3000 	C:\Users\mirel\.openjfx\cache\17.0.1\api-ms-win-crt-heap-l1-1-0.dll
0x0000021ee6ee0000 - 0x0000021ee6ee3000 	C:\Users\mirel\.openjfx\cache\17.0.1\api-ms-win-crt-locale-l1-1-0.dll
0x0000021ee6ef0000 - 0x0000021ee6ef5000 	C:\Users\mirel\.openjfx\cache\17.0.1\api-ms-win-crt-math-l1-1-0.dll
0x0000021ee6f00000 - 0x0000021ee6f05000 	C:\Users\mirel\.openjfx\cache\17.0.1\api-ms-win-crt-multibyte-l1-1-0.dll
0x0000021ee6f10000 - 0x0000021ee6f20000 	C:\Users\mirel\.openjfx\cache\17.0.1\api-ms-win-crt-private-l1-1-0.dll
0x0000021ee6f20000 - 0x0000021ee6f23000 	C:\Users\mirel\.openjfx\cache\17.0.1\api-ms-win-crt-process-l1-1-0.dll
0x0000021ee6f30000 - 0x0000021ee6f34000 	C:\Users\mirel\.openjfx\cache\17.0.1\api-ms-win-crt-runtime-l1-1-0.dll
0x0000021ee6f40000 - 0x0000021ee6f44000 	C:\Users\mirel\.openjfx\cache\17.0.1\api-ms-win-crt-stdio-l1-1-0.dll
0x0000021ee6f50000 - 0x0000021ee6f54000 	C:\Users\mirel\.openjfx\cache\17.0.1\api-ms-win-crt-string-l1-1-0.dll
0x0000021ee6f60000 - 0x0000021ee6f63000 	C:\Users\mirel\.openjfx\cache\17.0.1\api-ms-win-crt-time-l1-1-0.dll
0x0000021ee6f70000 - 0x0000021ee6f73000 	C:\Users\mirel\.openjfx\cache\17.0.1\api-ms-win-crt-utility-l1-1-0.dll
0x00007ff8bee20000 - 0x00007ff8bef1c000 	C:\Users\mirel\.openjfx\cache\17.0.1\ucrtbase.dll
0x00007ff8cea30000 - 0x00007ff8cea4a000 	C:\Users\mirel\.openjfx\cache\17.0.1\vcruntime140.dll
0x00007ff8d9a30000 - 0x00007ff8d9a3c000 	C:\Users\mirel\.openjfx\cache\17.0.1\vcruntime140_1.dll
0x00007ff8ce9a0000 - 0x00007ff8cea2d000 	C:\Users\mirel\.openjfx\cache\17.0.1\msvcp140.dll
0x00007ff8ce910000 - 0x00007ff8ce93a000 	C:\Users\mirel\.openjfx\cache\17.0.1\prism_d3d.dll
0x00007ff8b67d0000 - 0x00007ff8b6976000 	C:\WINDOWS\system32\d3d9.dll
0x00007ff8db3c0000 - 0x00007ff8db3ef000 	C:\WINDOWS\SYSTEM32\dwmapi.dll
0x00007ff8db120000 - 0x00007ff8db158000 	C:\WINDOWS\SYSTEM32\dxcore.dll
0x00007ff8daef0000 - 0x00007ff8daf9c000 	C:\WINDOWS\system32\uxtheme.dll
0x00007ff8b76e0000 - 0x00007ff8b783d000 	C:\WINDOWS\System32\DriverStore\FileRepository\iigd_dch.inf_amd64_02d4ed963abbd842\igdumdim64.dll
0x00007ff865b90000 - 0x00007ff869462000 	C:\WINDOWS\System32\DriverStore\FileRepository\iigd_dch.inf_amd64_02d4ed963abbd842\igd9dxva64.dll
0x00007ff8df300000 - 0x00007ff8df49a000 	C:\WINDOWS\System32\ole32.dll
0x00007ff8de400000 - 0x00007ff8de4d6000 	C:\WINDOWS\System32\OLEAUT32.dll
0x00007ff8dfe50000 - 0x00007ff8e02c2000 	C:\WINDOWS\System32\SETUPAPI.dll
0x00007ff8dd3c0000 - 0x00007ff8dd40c000 	C:\WINDOWS\SYSTEM32\cfgmgr32.dll
0x00007ff8d2810000 - 0x00007ff8d29b5000 	C:\WINDOWS\System32\DriverStore\FileRepository\iigd_dch.inf_amd64_02d4ed963abbd842\igdgmm64.dll
0x00007ff8d8290000 - 0x00007ff8d82d4000 	C:\WINDOWS\SYSTEM32\directxdatabasehelper.dll
0x00007ff8dc9c0000 - 0x00007ff8dc9f4000 	C:\WINDOWS\SYSTEM32\ntmarta.dll
0x00007ff8ce870000 - 0x00007ff8ce8b2000 	C:\Users\mirel\.openjfx\cache\17.0.1\glass.dll
0x00007ff8def70000 - 0x00007ff8df05c000 	C:\WINDOWS\System32\COMDLG32.dll
0x00007ff8ded20000 - 0x00007ff8dee3d000 	C:\WINDOWS\System32\MSCTF.dll
0x00007ff8b8040000 - 0x00007ff8b8066000 	C:\WINDOWS\System32\DriverStore\FileRepository\iigd_dch.inf_amd64_02d4ed963abbd842\igdinfo64.dll
0x00007ff8cfd50000 - 0x00007ff8d2806000 	C:\WINDOWS\System32\DriverStore\FileRepository\iigd_dch.inf_amd64_02d4ed963abbd842\igc64.dll
0x00007ff8ce850000 - 0x00007ff8ce864000 	C:\Users\mirel\.openjfx\cache\17.0.1\javafx_font.dll
0x00007ff8c9370000 - 0x00007ff8c95cf000 	C:\WINDOWS\SYSTEM32\dwrite.dll
0x00007ff8dec70000 - 0x00007ff8ded1f000 	C:\WINDOWS\System32\clbcatq.dll
0x00007ff8d6400000 - 0x00007ff8d65ae000 	C:\WINDOWS\SYSTEM32\WindowsCodecs.dll
0x00007ff8c8a40000 - 0x00007ff8c8a9d000 	C:\WINDOWS\system32\dataexchange.dll
0x00007ff8d9b60000 - 0x00007ff8d9dc6000 	C:\WINDOWS\system32\twinapi.appcore.dll
0x00007ff8ce410000 - 0x00007ff8ce442000 	C:\Program Files\Common Files\Microsoft Shared\Ink\rtscom.dll
0x00007ff8ce0d0000 - 0x00007ff8ce1fc000 	C:\WINDOWS\SYSTEM32\textinputframework.dll
0x00007ff8daa80000 - 0x00007ff8dabb1000 	C:\WINDOWS\SYSTEM32\CoreMessaging.dll
0x00007ff8d7780000 - 0x00007ff8d7aed000 	C:\WINDOWS\SYSTEM32\CoreUIComponents.dll
0x00007ff8dd0a0000 - 0x00007ff8dd0ac000 	C:\WINDOWS\SYSTEM32\CRYPTBASE.DLL
0x00007ff8dd0b0000 - 0x00007ff8dd0c8000 	C:\WINDOWS\SYSTEM32\CRYPTSP.dll
0x00007ff8dc900000 - 0x00007ff8dc935000 	C:\WINDOWS\system32\rsaenh.dll
0x00007ff8dcf50000 - 0x00007ff8dcf7c000 	C:\WINDOWS\SYSTEM32\USERENV.dll
0x00007ff8dd220000 - 0x00007ff8dd247000 	C:\WINDOWS\SYSTEM32\bcrypt.dll
0x00007ff8dc500000 - 0x00007ff8dc52d000 	C:\WINDOWS\SYSTEM32\IPHLPAPI.DLL
0x00007ff8de8e0000 - 0x00007ff8de8e9000 	C:\WINDOWS\System32\NSI.dll
0x00007ff8d65d0000 - 0x00007ff8d65e9000 	C:\WINDOWS\SYSTEM32\dhcpcsvc6.DLL
0x00007ff8d81b0000 - 0x00007ff8d81ce000 	C:\WINDOWS\SYSTEM32\dhcpcsvc.DLL

dbghelp: loaded successfully - version: 4.0.5 - missing functions: none
symbol engine: initialized successfully - sym options: 0x614 - pdb path: .;C:\Program Files\Java\jdk-17\bin;C:\WINDOWS\SYSTEM32;C:\WINDOWS\WinSxS\amd64_microsoft.windows.common-controls_6595b64144ccf1df_6.0.22000.120_none_9d947278b86cc467;C:\Program Files\Java\jdk-17\bin\server;C:\Users\mirel\.openjfx\cache\17.0.1;C:\WINDOWS\System32\DriverStore\FileRepository\iigd_dch.inf_amd64_02d4ed963abbd842;C:\Program Files\Common Files\Microsoft Shared\Ink

VM Arguments:
jvm_args: -XX:+ShowCodeDetailsInExceptionMessages --module-path=C:\a\aaa\SD\Projeto-Int-Programacao-II\controlador-dos-modulos\RU\target\classes;C:\Users\mirel\.m2\repository\org\json\json\20210307\json-20210307.jar;C:\Users\mirel\.m2\repository\org\openjfx\javafx-controls\17.0.1\javafx-controls-17.0.1-win.jar;C:\Users\mirel\.m2\repository\org\openjfx\javafx-graphics\17.0.1\javafx-graphics-17.0.1-win.jar;C:\Users\mirel\.m2\repository\org\openjfx\javafx-base\17.0.1\javafx-base-17.0.1-win.jar;C:\Users\mirel\.m2\repository\org\openjfx\javafx-fxml\17.0.1\javafx-fxml-17.0.1-win.jar;C:\Users\mirel\.m2\repository\org\openjfx\javafx-web\17.0.1\javafx-web-17.0.1-win.jar;C:\Users\mirel\.m2\repository\org\openjfx\javafx-media\17.0.1\javafx-media-17.0.1-win.jar;C:\Users\mirel\.m2\repository\org\controlsfx\controlsfx\11.1.1\controlsfx-11.1.1.jar;C:\Users\mirel\.m2\repository\com\dlsc\formsfx\formsfx-core\11.3.2\formsfx-core-11.3.2.jar;C:\Users\mirel\.m2\repository\org\kordamp\ikonli\ikonli-javafx\12.3.0\ikonli-javafx-12.3.0.jar;C:\Users\mirel\.m2\repository\org\kordamp\ikonli\ikonli-core\12.3.0\ikonli-core-12.3.0.jar;C:\Users\mirel\.m2\repository\org\kordamp\bootstrapfx\bootstrapfx-core\0.4.0\bootstrapfx-core-0.4.0.jar;C:\Users\mirel\.m2\repository\eu\hansolo\tilesfx\11.48\tilesfx-11.48.jar;C:\Users\mirel\.m2\repository\com\github\almasb\fxgl\17\fxgl-17.jar;C:\Users\mirel\.m2\repository\com\github\almasb\fxgl-core\17\fxgl-core-17.jar;C:\Users\mirel\.m2\repository\com\gluonhq\attach\audio\4.0.9\audio-4.0.9.jar;C:\Users\mirel\.m2\repository\com\github\almasb\fxgl-io\17\fxgl-io-17.jar;C:\Users\mirel\.m2\repository\com\gluonhq\attach\storage\4.0.9\storage-4.0.9.jar;C:\Users\mirel\.m2\repository\com\gluonhq\attach\util\4.0.9\util-4.0.9.jar;C:\Users\mirel\.m2\repository\com\github\almasb\fxgl-entity\17\fxgl-entity-17.jar;C:\Users\mirel\.m2\repository\com\github\almasb\fxgl-scene\17\fxgl-scene-17.jar;C:\Users\mirel\.m2\repository\com\github\almasb\fxgl-gameplay\17\fxgl-gameplay-17.jar;C:\Users\mirel\.m2\repository\com\fasterxml\jacks-Djdk.module.main=app 
java_command: app/app.Aplicativo
java_class_path (initial): C:\Users\mirel\.m2\repository\org\openjfx\javafx-controls\17.0.1\javafx-controls-17.0.1.jar;C:\Users\mirel\.m2\repository\org\openjfx\javafx-graphics\17.0.1\javafx-graphics-17.0.1.jar;C:\Users\mirel\.m2\repository\org\openjfx\javafx-base\17.0.1\javafx-base-17.0.1.jar;C:\Users\mirel\.m2\repository\org\openjfx\javafx-fxml\17.0.1\javafx-fxml-17.0.1.jar;C:\Users\mirel\.m2\repository\org\openjfx\javafx-web\17.0.1\javafx-web-17.0.1.jar;C:\Users\mirel\.m2\repository\org\openjfx\javafx-media\17.0.1\javafx-media-17.0.1.jar;C:\Users\mirel\.m2\repository\net\synedra\validatorfx\0.2.1\validatorfx-0.2.1.jar;C:\Users\mirel\.m2\repository\org\jetbrains\annotations\13.0\annotations-13.0.jar;C:\Users\mirel\.m2\repository\org\jetbrains\kotlin\kotlin-stdlib-common\1.5.32\kotlin-stdlib-common-1.5.32.jar
Launcher Type: SUN_STANDARD

[Global flags]
     intx CICompilerCount                          = 2                                         {product} {ergonomic}
     uint ConcGCThreads                            = 1                                         {product} {ergonomic}
     uint G1ConcRefinementThreads                  = 2                                         {product} {ergonomic}
   size_t G1HeapRegionSize                         = 1048576                                   {product} {ergonomic}
    uintx GCDrainStackTargetSize                   = 64                                        {product} {ergonomic}
   size_t InitialHeapSize                          = 65011712                                  {product} {ergonomic}
   size_t MarkStackSize                            = 4194304                                   {product} {ergonomic}
   size_t MaxHeapSize                              = 1023410176                                {product} {ergonomic}
   size_t MaxNewSize                               = 613416960                                 {product} {ergonomic}
   size_t MinHeapDeltaBytes                        = 1048576                                   {product} {ergonomic}
   size_t MinHeapSize                              = 8388608                                   {product} {ergonomic}
    uintx NonNMethodCodeHeapSize                   = 5826188                                {pd product} {ergonomic}
    uintx NonProfiledCodeHeapSize                  = 122916026                              {pd product} {ergonomic}
    uintx ProfiledCodeHeapSize                     = 122916026                              {pd product} {ergonomic}
    uintx ReservedCodeCacheSize                    = 251658240                              {pd product} {ergonomic}
     bool SegmentedCodeCache                       = true                                      {product} {ergonomic}
     bool ShowCodeDetailsInExceptionMessages       = true                                   {manageable} {command line}
   size_t SoftMaxHeapSize                          = 1023410176                             {manageable} {ergonomic}
     bool UseCompressedClassPointers               = true                           {product lp64_product} {ergonomic}
     bool UseCompressedOops                        = true                           {product lp64_product} {ergonomic}
     bool UseG1GC                                  = true                                      {product} {ergonomic}
     bool UseLargePagesIndividualAllocation        = false                                  {pd product} {ergonomic}

Logging:
Log output configuration:
 #0: stdout all=warning uptime,level,tags
 #1: stderr all=off uptime,level,tags

Environment Variables:
PATH=C:\Program Files\Common Files\Oracle\Java\javapath;C:\WINDOWS\system32;C:\WINDOWS;C:\WINDOWS\System32\Wbem;C:\WINDOWS\System32\WindowsPowerShell\v1.0\;C:\WINDOWS\System32\OpenSSH\;C:\Program Files\Intel\TXE Components\DAL\;C:\Program Files (x86)\Intel\TXE Components\DAL\;C:\Program Files\Intel\TXE Components\IPT\;C:\Program Files (x86)\Intel\TXE Components\IPT\;C:\Program Files\Git\cmd;C:\Program Files\nodejs\;C:\MinGW\bin;C:\Users\mirel\AppData\Local\Programs\Python\Python311\Scripts\;C:\Users\mirel\AppData\Local\Programs\Python\Python311\;C:\Users\mirel\AppData\Local\Microsoft\WindowsApps;C:\Program Files\JetBrains\IntelliJ IDEA 2020.2.4\bin;C:\Users\mirel\AppData\Roaming\npm;C:\Program Files\MySQL\MySQL Server 8.0\bin;C:\Users\mirel\AppData\Local\Programs\Microsoft VS Code\bin
USERNAME=mirel
LANG=en_US.UTF-8
OS=Windows_NT
PROCESSOR_IDENTIFIER=Intel64 Family 6 Model 122 Stepping 1, GenuineIntel



---------------  S Y S T E M  ---------------

OS:
 Windows 11 , 64 bit Build 22000 (10.0.22000.2124)
OS uptime: 137 days 23:52 hours

CPU: total 2 (initial active 2) (2 cores per cpu, 1 threads per core) family 6 model 122 stepping 1 microcode 0x34, cx8, cmov, fxsr, mmx, 3dnowpref, sse, sse2, sse3, ssse3, sse4.1, sse4.2, popcnt, tsc, tscinvbit, aes, erms, clmul, sha, clflush, clflushopt

Memory: 4k page, system-wide physical 3902M (318M free)
TotalPageFile size 11088M (AvailPageFile size 48M)
current process WorkingSet (physical memory assigned to process): 378M, peak: 378M
current process commit charge ("private bytes"): 401M, peak: 473M

vm_info: Java HotSpot(TM) 64-Bit Server VM (17.0.8+9-LTS-211) for windows-amd64 JRE (17.0.8+9-LTS-211), built on Jun 14 2023 10:34:31 by "mach5one" with MS VC++ 17.1 (VS2022)

END.
