#
# There is insufficient memory for the Java Runtime Environment to continue.
# Native memory allocation (malloc) failed to allocate 1145952 bytes for Chunk::new
# Possible reasons:
#   The system is out of physical RAM or swap space
#   The process is running with CompressedOops enabled, and the Java Heap may be blocking the growth of the native heap
# Possible solutions:
#   Reduce memory load on the system
#   Increase physical memory or swap space
#   Check if swap backing store is full
#   Decrease Java heap size (-Xmx/-Xms)
#   Decrease number of Java threads
#   Decrease Java thread stack sizes (-Xss)
#   Set larger code cache with -XX:ReservedCodeCacheSize=
#   JVM is running with Unscaled Compressed Oops mode in which the Java heap is
#     placed in the first 4GB address space. The Java Heap base address is the
#     maximum limit for the native heap growth. Please use -XX:HeapBaseMinAddress
#     to set the Java Heap base and to place the Java Heap above 4GB virtual address.
# This output file may be truncated or incomplete.
#
#  Out of Memory Error (arena.cpp:191), pid=3692, tid=9868
#
# JRE version: OpenJDK Runtime Environment Temurin-17.0.10+7 (17.0.10+7) (build 17.0.10+7)
# Java VM: OpenJDK 64-Bit Server VM Temurin-17.0.10+7 (17.0.10+7, mixed mode, tiered, compressed oops, compressed class ptrs, parallel gc, windows-amd64)
# No core dump will be written. Minidumps are not enabled by default on client versions of Windows
#

---------------  S U M M A R Y ------------

Command Line: --add-modules=ALL-SYSTEM --add-opens=java.base/java.util=ALL-UNNAMED --add-opens=java.base/java.lang=ALL-UNNAMED --add-opens=java.base/sun.nio.fs=ALL-UNNAMED -Declipse.application=org.eclipse.jdt.ls.core.id1 -Dosgi.bundles.defaultStartLevel=4 -Declipse.product=org.eclipse.jdt.ls.core.product -Djava.import.generatesMetadataFilesAtProjectRoot=false -DDetectVMInstallationsJob.disabled=true -Dfile.encoding=utf8 -XX:+UseParallelGC -XX:GCTimeRatio=4 -XX:AdaptiveSizePolicyWeight=90 -Dsun.zip.disableMemoryMapping=true -Xmx1G -Xms100m -Xlog:disable -javaagent:c:\Users\mirel\.vscode\extensions\redhat.java-1.28.1-win32-x64\lombok\lombok-1.18.31.jar -XX:+HeapDumpOnOutOfMemoryError -XX:HeapDumpPath=c:\Users\mirel\AppData\Roaming\Code\User\workspaceStorage\b24110e6d41277b8a0f9e992bdfee2c8\redhat.java -Daether.dependencyCollector.impl=bf c:\Users\mirel\.vscode\extensions\redhat.java-1.28.1-win32-x64\server\plugins\org.eclipse.equinox.launcher_1.6.700.v20231214-2017.jar -configuration c:\Users\mirel\AppData\Roaming\Code\User\globalStorage\redhat.java\1.28.1\config_win -data c:\Users\mirel\AppData\Roaming\Code\User\workspaceStorage\b24110e6d41277b8a0f9e992bdfee2c8\redhat.java\jdt_ws --stdio

Host: Intel(R) Celeron(R) N4000 CPU @ 1.10GHz, 2 cores, 3G,  Windows 11 , 64 bit Build 22000 (10.0.22000.2124)
Time: Thu Feb 29 10:22:04 2024 Hora Padrão de Buenos Aires elapsed time: 955.583740 seconds (0d 0h 15m 55s)

---------------  T H R E A D  ---------------

Current thread (0x0000017d2c875c00):  JavaThread "C2 CompilerThread0" daemon [_thread_in_native, id=9868, stack(0x0000002e11400000,0x0000002e11500000)]


Current CompileTask:
C2: 955583 19490  s!   4       org.eclipse.jdt.core.dom.DefaultBindingResolver::resolveName (1735 bytes)

Stack: [0x0000002e11400000,0x0000002e11500000]
Native frames: (J=compiled Java code, j=interpreted, Vv=VM code, C=native code)
V  [jvm.dll+0x67d2c9]
V  [jvm.dll+0x834afa]
V  [jvm.dll+0x8365be]
V  [jvm.dll+0x836c23]
V  [jvm.dll+0x2477ff]
V  [jvm.dll+0xac514]
V  [jvm.dll+0xacb5c]
V  [jvm.dll+0x3667d7]
V  [jvm.dll+0x330bfa]
V  [jvm.dll+0x33009a]
V  [jvm.dll+0x219ef1]
V  [jvm.dll+0x219311]
V  [jvm.dll+0x1a502d]
V  [jvm.dll+0x2290de]
V  [jvm.dll+0x2272ac]
V  [jvm.dll+0x7e9bb7]
V  [jvm.dll+0x7e3fba]
V  [jvm.dll+0x67c1b5]
C  [ucrtbase.dll+0x26c0c]
C  [KERNEL32.DLL+0x155a0]
C  [ntdll.dll+0x485b]


---------------  P R O C E S S  ---------------

Threads class SMR info:
_java_thread_list=0x0000017d3df83f30, length=35, elements={
0x0000017d18a3f040, 0x0000017d18afd300, 0x0000017d2c83d780, 0x0000017d2c856860,
0x0000017d2c871c50, 0x0000017d2c872620, 0x0000017d2c875000, 0x0000017d2c875c00,
0x0000017d2c8d5520, 0x0000017d31460060, 0x0000017d18aa04b0, 0x0000017d315f06f0,
0x0000017d31b0a440, 0x0000017d31bd2690, 0x0000017d31f89010, 0x0000017d31a971d0,
0x0000017d31667880, 0x0000017d315a4770, 0x0000017d315a2e20, 0x0000017d315a0fc0,
0x0000017d315a4260, 0x0000017d315a19e0, 0x0000017d34c853d0, 0x0000017d34c87c50,
0x0000017d34c89fc0, 0x0000017d34c86300, 0x0000017d34c83570, 0x0000017d34c849b0,
0x0000017d34c858e0, 0x0000017d34c84ec0, 0x0000017d34c83a80, 0x0000017d34c89090,
0x0000017d34c83060, 0x0000017d34c87230, 0x0000017d315a1ef0
}

Java Threads: ( => current thread )
  0x0000017d18a3f040 JavaThread "main" [_thread_blocked, id=12360, stack(0x0000002e10a00000,0x0000002e10b00000)]
  0x0000017d18afd300 JavaThread "Reference Handler" daemon [_thread_blocked, id=16460, stack(0x0000002e10e00000,0x0000002e10f00000)]
  0x0000017d2c83d780 JavaThread "Finalizer" daemon [_thread_blocked, id=10908, stack(0x0000002e10f00000,0x0000002e11000000)]
  0x0000017d2c856860 JavaThread "Signal Dispatcher" daemon [_thread_blocked, id=17208, stack(0x0000002e11000000,0x0000002e11100000)]
  0x0000017d2c871c50 JavaThread "Attach Listener" daemon [_thread_blocked, id=17880, stack(0x0000002e11100000,0x0000002e11200000)]
  0x0000017d2c872620 JavaThread "Service Thread" daemon [_thread_blocked, id=17532, stack(0x0000002e11200000,0x0000002e11300000)]
  0x0000017d2c875000 JavaThread "Monitor Deflation Thread" daemon [_thread_blocked, id=15648, stack(0x0000002e11300000,0x0000002e11400000)]
=>0x0000017d2c875c00 JavaThread "C2 CompilerThread0" daemon [_thread_in_native, id=9868, stack(0x0000002e11400000,0x0000002e11500000)]
  0x0000017d2c8d5520 JavaThread "C1 CompilerThread0" daemon [_thread_blocked, id=13736, stack(0x0000002e11500000,0x0000002e11600000)]
  0x0000017d31460060 JavaThread "Sweeper thread" daemon [_thread_blocked, id=19096, stack(0x0000002e11600000,0x0000002e11700000)]
  0x0000017d18aa04b0 JavaThread "Common-Cleaner" daemon [_thread_blocked, id=11188, stack(0x0000002e11700000,0x0000002e11800000)]
  0x0000017d315f06f0 JavaThread "Notification Thread" daemon [_thread_blocked, id=6004, stack(0x0000002e11800000,0x0000002e11900000)]
  0x0000017d31b0a440 JavaThread "Active Thread: Equinox Container: 786c7f5e-2d0a-4b46-8901-a26f34547ad4" [_thread_blocked, id=10788, stack(0x0000002e11b00000,0x0000002e11c00000)]
  0x0000017d31bd2690 JavaThread "Framework Event Dispatcher: Equinox Container: 786c7f5e-2d0a-4b46-8901-a26f34547ad4" daemon [_thread_blocked, id=420, stack(0x0000002e11c00000,0x0000002e11d00000)]
  0x0000017d31f89010 JavaThread "Start Level: Equinox Container: 786c7f5e-2d0a-4b46-8901-a26f34547ad4" daemon [_thread_blocked, id=18880, stack(0x0000002e11d00000,0x0000002e11e00000)]
  0x0000017d31a971d0 JavaThread "Bundle File Closer" daemon [_thread_blocked, id=9048, stack(0x0000002e11e00000,0x0000002e11f00000)]
  0x0000017d31667880 JavaThread "SCR Component Actor" daemon [_thread_blocked, id=13412, stack(0x0000002e11f00000,0x0000002e12000000)]
  0x0000017d315a4770 JavaThread "Worker-JM" [_thread_blocked, id=6804, stack(0x0000002e12100000,0x0000002e12200000)]
  0x0000017d315a2e20 JavaThread "Java indexing" daemon [_thread_blocked, id=18488, stack(0x0000002e12500000,0x0000002e12600000)]
  0x0000017d315a0fc0 JavaThread "JNA Cleaner" daemon [_thread_blocked, id=1004, stack(0x0000002e12000000,0x0000002e12100000)]
  0x0000017d315a4260 JavaThread "pool-2-thread-1" [_thread_blocked, id=8880, stack(0x0000002e12600000,0x0000002e12700000)]
  0x0000017d315a19e0 JavaThread "WorkspaceEventsHandler" [_thread_blocked, id=13664, stack(0x0000002e12700000,0x0000002e12800000)]
  0x0000017d34c853d0 JavaThread "pool-1-thread-1" [_thread_in_native, id=12808, stack(0x0000002e12800000,0x0000002e12900000)]
  0x0000017d34c87c50 JavaThread "Worker-3" [_thread_blocked, id=19264, stack(0x0000002e12900000,0x0000002e12a00000)]
  0x0000017d34c89fc0 JavaThread "Java Debug Server" [_thread_in_native, id=16088, stack(0x0000002e12c00000,0x0000002e12d00000)]
  0x0000017d34c86300 JavaThread "pool-6-thread-1" [_thread_in_native, id=11308, stack(0x0000002e13300000,0x0000002e13400000)]
  0x0000017d34c83570 JavaThread "RxSchedulerPurge-1" daemon [_thread_blocked, id=18644, stack(0x0000002e10900000,0x0000002e10a00000)]
  0x0000017d34c849b0 JavaThread "RxCachedWorkerPoolEvictor-1" daemon [_thread_blocked, id=17364, stack(0x0000002e12f00000,0x0000002e13000000)]
  0x0000017d34c858e0 JavaThread "RxNewThreadScheduler-1" daemon [_thread_blocked, id=5192, stack(0x0000002e13000000,0x0000002e13100000)]
  0x0000017d34c84ec0 JavaThread "process reaper (pid 9540)" daemon [_thread_in_native, id=17660, stack(0x0000002e10560000,0x0000002e10580000)]
  0x0000017d34c83a80 JavaThread "ForkJoinPool.commonPool-worker-3" daemon [_thread_blocked, id=2272, stack(0x0000002e10b00000,0x0000002e10c00000)]
  0x0000017d34c89090 JavaThread "Worker-8" [_thread_blocked, id=12212, stack(0x0000002e12e00000,0x0000002e12f00000)]
  0x0000017d34c83060 JavaThread "pool-1-thread-2" [_thread_blocked, id=11796, stack(0x0000002e12300000,0x0000002e12400000)]
  0x0000017d34c87230 JavaThread "Worker-9" [_thread_blocked, id=5220, stack(0x0000002e12200000,0x0000002e12300000)]
  0x0000017d315a1ef0 JavaThread "Thread-487" [_thread_in_Java, id=3540, stack(0x0000002e12400000,0x0000002e12500000)]

Other Threads:
  0x0000017d2c82a170 VMThread "VM Thread" [stack: 0x0000002e10d00000,0x0000002e10e00000] [id=14444]
  0x0000017d31722010 WatcherThread [stack: 0x0000002e11900000,0x0000002e11a00000] [id=13860]
  0x0000017d18a55210 GCTaskThread "GC Thread#0" [stack: 0x0000002e10c00000,0x0000002e10d00000] [id=14124]
  0x0000017d319ee4d0 GCTaskThread "GC Thread#1" [stack: 0x0000002e11a00000,0x0000002e11b00000] [id=17244]

Threads with active compile tasks:
C2 CompilerThread0   955728 19490  s!   4       org.eclipse.jdt.core.dom.DefaultBindingResolver::resolveName (1735 bytes)

VM state: not at safepoint (normal execution)

VM Mutex/Monitor currently owned by a thread: None

Heap address: 0x00000000c0000000, size: 1024 MB, Compressed Oops mode: 32-bit

CDS archive(s) not mapped
Compressed class space mapped at: 0x0000000100000000-0x0000000140000000, reserved size: 1073741824
Narrow klass base: 0x0000000000000000, Narrow klass shift: 3, Narrow klass range: 0x140000000

GC Precious Log:
 CPUs: 2 total, 2 available
 Memory: 3902M
 Large Page Support: Disabled
 NUMA Support: Disabled
 Compressed Oops: Enabled (32-bit)
 Alignments: Space 512K, Generation 512K, Heap 2M
 Heap Min Capacity: 100M
 Heap Initial Capacity: 100M
 Heap Max Capacity: 1G
 Pre-touch: Disabled
 Parallel Workers: 2

Heap:
 PSYoungGen      total 4608K, used 1386K [0x00000000eab00000, 0x00000000eb200000, 0x0000000100000000)
  eden space 4096K, 21% used [0x00000000eab00000,0x00000000eabdbf30,0x00000000eaf00000)
  from space 512K, 98% used [0x00000000eb100000,0x00000000eb17e980,0x00000000eb180000)
  to   space 1536K, 0% used [0x00000000eaf00000,0x00000000eaf00000,0x00000000eb080000)
 ParOldGen       total 137728K, used 127349K [0x00000000c0000000, 0x00000000c8680000, 0x00000000eab00000)
  object space 137728K, 92% used [0x00000000c0000000,0x00000000c7c5d6c0,0x00000000c8680000)
 Metaspace       used 89522K, committed 91136K, reserved 1179648K
  class space    used 9265K, committed 9920K, reserved 1048576K

Card table byte_map: [0x0000017d183e0000,0x0000017d185f0000] _byte_map_base: 0x0000017d17de0000

Marking Bits: (ParMarkBitMap*) 0x00007ff878acd7d0
 Begin Bits: [0x0000017d2a6e0000, 0x0000017d2b6e0000)
 End Bits:   [0x0000017d2b6e0000, 0x0000017d2c6e0000)

Polling page: 0x0000017d169e0000

Metaspace:

Usage:
  Non-class:     78.38 MB used.
      Class:      9.05 MB used.
       Both:     87.42 MB used.

Virtual space:
  Non-class space:      128.00 MB reserved,      79.31 MB ( 62%) committed,  2 nodes.
      Class space:        1.00 GB reserved,       9.69 MB ( <1%) committed,  1 nodes.
             Both:        1.12 GB reserved,      89.00 MB (  8%) committed. 

Chunk freelists:
   Non-Class:  736.00 KB
       Class:  6.13 MB
        Both:  6.84 MB

MaxMetaspaceSize: unlimited
CompressedClassSpaceSize: 1.00 GB
Initial GC threshold: 21.00 MB
Current GC threshold: 148.38 MB
CDS: off
MetaspaceReclaimPolicy: balanced
 - commit_granule_bytes: 65536.
 - commit_granule_words: 8192.
 - virtual_space_node_default_size: 8388608.
 - enlarge_chunks_in_place: 1.
 - new_chunks_are_fully_committed: 0.
 - uncommit_free_chunks: 1.
 - use_allocation_guard: 0.
 - handle_deallocations: 1.


Internal statistics:

num_allocs_failed_limit: 9.
num_arena_births: 1190.
num_arena_deaths: 32.
num_vsnodes_births: 3.
num_vsnodes_deaths: 0.
num_space_committed: 1424.
num_space_uncommitted: 0.
num_chunks_returned_to_freelist: 48.
num_chunks_taken_from_freelist: 5176.
num_chunk_merges: 22.
num_chunk_splits: 3173.
num_chunks_enlarged: 1740.
num_inconsistent_stats: 0.

CodeHeap 'non-profiled nmethods': size=120064Kb used=12890Kb max_used=12890Kb free=107173Kb
 bounds [0x0000017d231a0000, 0x0000017d23e40000, 0x0000017d2a6e0000]
CodeHeap 'profiled nmethods': size=120000Kb used=31562Kb max_used=31739Kb free=88437Kb
 bounds [0x0000017d1b6e0000, 0x0000017d1d620000, 0x0000017d22c10000]
CodeHeap 'non-nmethods': size=5696Kb used=1408Kb max_used=1475Kb free=4287Kb
 bounds [0x0000017d22c10000, 0x0000017d22e80000, 0x0000017d231a0000]
 total_blobs=15376 nmethods=14614 adapters=674
 compilation: enabled
              stopped_count=0, restarted_count=0
 full_count=0

Compilation events (20 events):
Event: 955.413 Thread 0x0000017d2c875c00 nmethod 19483 0x0000017d23e35f90 code [0x0000017d23e36100, 0x0000017d23e361d8]
Event: 955.414 Thread 0x0000017d2c875c00 19484       4       org.eclipse.jdt.internal.compiler.flow.UnconditionalFlowInfo::unconditionalInitsWithoutSideEffect (2 bytes)
Event: 955.414 Thread 0x0000017d2c875c00 nmethod 19484 0x0000017d23e36310 code [0x0000017d23e36480, 0x0000017d23e364f8]
Event: 955.423 Thread 0x0000017d2c8d5520 19485       3       org.eclipse.jdt.internal.corext.dom.SelectionAnalyzer::<init> (20 bytes)
Event: 955.423 Thread 0x0000017d2c8d5520 nmethod 19485 0x0000017d1c291810 code [0x0000017d1c291a00, 0x0000017d1c291e98]
Event: 955.441 Thread 0x0000017d2c8d5520 19486       3       org.eclipse.jdt.internal.corext.refactoring.code.LocalTypeAnalyzer::visit (39 bytes)
Event: 955.442 Thread 0x0000017d2c8d5520 nmethod 19486 0x0000017d1cdaf210 code [0x0000017d1cdaf400, 0x0000017d1cdaf9d8]
Event: 955.443 Thread 0x0000017d2c875c00 19487       4       org.eclipse.jdt.internal.corext.dom.GenericVisitor::visit (6 bytes)
Event: 955.444 Thread 0x0000017d2c875c00 nmethod 19487 0x0000017d23e36610 code [0x0000017d23e36780, 0x0000017d23e36818]
Event: 955.444 Thread 0x0000017d2c8d5520 19488       3       org.eclipse.jdt.core.dom.SimpleName::subtreeMatch0 (7 bytes)
Event: 955.445 Thread 0x0000017d2c8d5520 nmethod 19488 0x0000017d1c5d7410 code [0x0000017d1c5d75c0, 0x0000017d1c5d7788]
Event: 955.445 Thread 0x0000017d2c8d5520 19489       3       org.eclipse.jdt.internal.corext.dom.ASTNodes::getParent (19 bytes)
Event: 955.446 Thread 0x0000017d2c875c00 19490  s!   4       org.eclipse.jdt.core.dom.DefaultBindingResolver::resolveName (1735 bytes)
Event: 955.446 Thread 0x0000017d2c8d5520 nmethod 19489 0x0000017d1cf76590 code [0x0000017d1cf76740, 0x0000017d1cf769b8]
Event: 955.448 Thread 0x0000017d2c8d5520 19492       3       org.eclipse.ltk.core.refactoring.Refactoring::<init> (5 bytes)
Event: 955.448 Thread 0x0000017d2c8d5520 nmethod 19492 0x0000017d1cf16790 code [0x0000017d1cf16940, 0x0000017d1cf16af8]
Event: 955.455 Thread 0x0000017d2c8d5520 19493       3       org.eclipse.jdt.ls.core.internal.handlers.JDTLanguageServer::waitForLifecycleJobs (8 bytes)
Event: 955.456 Thread 0x0000017d2c8d5520 nmethod 19493 0x0000017d1c9cfd10 code [0x0000017d1c9cfee0, 0x0000017d1c9d0258]
Event: 955.470 Thread 0x0000017d2c8d5520 19494       3       java.util.stream.Collectors$$Lambda$222/0x00000001002e8800::accept (14 bytes)
Event: 955.470 Thread 0x0000017d2c8d5520 nmethod 19494 0x0000017d1cf30210 code [0x0000017d1cf303c0, 0x0000017d1cf30668]

GC Heap History (20 events):
Event: 952.039 GC heap before
{Heap before GC invocations=884 (full 24):
 PSYoungGen      total 6144K, used 2026K [0x00000000eab00000, 0x00000000eb700000, 0x0000000100000000)
  eden space 4096K, 0% used [0x00000000eab00000,0x00000000eab00000,0x00000000eaf00000)
  from space 2048K, 98% used [0x00000000eaf00000,0x00000000eb0fa8c0,0x00000000eb100000)
  to   space 4096K, 0% used [0x00000000eb300000,0x00000000eb300000,0x00000000eb700000)
 ParOldGen       total 139264K, used 138551K [0x00000000c0000000, 0x00000000c8800000, 0x00000000eab00000)
  object space 139264K, 99% used [0x00000000c0000000,0x00000000c874df78,0x00000000c8800000)
 Metaspace       used 89513K, committed 91136K, reserved 1179648K
  class space    used 9265K, committed 9920K, reserved 1048576K
}
Event: 952.344 GC heap after
{Heap after GC invocations=884 (full 24):
 PSYoungGen      total 8192K, used 0K [0x00000000eab00000, 0x00000000eb700000, 0x0000000100000000)
  eden space 4096K, 0% used [0x00000000eab00000,0x00000000eab00000,0x00000000eaf00000)
  from space 4096K, 0% used [0x00000000eb300000,0x00000000eb300000,0x00000000eb700000)
  to   space 4096K, 0% used [0x00000000eaf00000,0x00000000eaf00000,0x00000000eb300000)
 ParOldGen       total 137728K, used 110156K [0x00000000c0000000, 0x00000000c8680000, 0x00000000eab00000)
  object space 137728K, 79% used [0x00000000c0000000,0x00000000c6b93180,0x00000000c8680000)
 Metaspace       used 89513K, committed 91136K, reserved 1179648K
  class space    used 9265K, committed 9920K, reserved 1048576K
}
Event: 952.378 GC heap before
{Heap before GC invocations=885 (full 24):
 PSYoungGen      total 8192K, used 4096K [0x00000000eab00000, 0x00000000eb700000, 0x0000000100000000)
  eden space 4096K, 100% used [0x00000000eab00000,0x00000000eaf00000,0x00000000eaf00000)
  from space 4096K, 0% used [0x00000000eb300000,0x00000000eb300000,0x00000000eb700000)
  to   space 4096K, 0% used [0x00000000eaf00000,0x00000000eaf00000,0x00000000eb300000)
 ParOldGen       total 137728K, used 110156K [0x00000000c0000000, 0x00000000c8680000, 0x00000000eab00000)
  object space 137728K, 79% used [0x00000000c0000000,0x00000000c6b93180,0x00000000c8680000)
 Metaspace       used 89513K, committed 91136K, reserved 1179648K
  class space    used 9265K, committed 9920K, reserved 1048576K
}
Event: 952.384 GC heap after
{Heap after GC invocations=885 (full 24):
 PSYoungGen      total 8192K, used 3610K [0x00000000eab00000, 0x00000000eb700000, 0x0000000100000000)
  eden space 4096K, 0% used [0x00000000eab00000,0x00000000eab00000,0x00000000eaf00000)
  from space 4096K, 88% used [0x00000000eaf00000,0x00000000eb286980,0x00000000eb300000)
  to   space 4096K, 0% used [0x00000000eb300000,0x00000000eb300000,0x00000000eb700000)
 ParOldGen       total 137728K, used 110156K [0x00000000c0000000, 0x00000000c8680000, 0x00000000eab00000)
  object space 137728K, 79% used [0x00000000c0000000,0x00000000c6b93180,0x00000000c8680000)
 Metaspace       used 89513K, committed 91136K, reserved 1179648K
  class space    used 9265K, committed 9920K, reserved 1048576K
}
Event: 952.836 GC heap before
{Heap before GC invocations=886 (full 24):
 PSYoungGen      total 8192K, used 7706K [0x00000000eab00000, 0x00000000eb700000, 0x0000000100000000)
  eden space 4096K, 100% used [0x00000000eab00000,0x00000000eaf00000,0x00000000eaf00000)
  from space 4096K, 88% used [0x00000000eaf00000,0x00000000eb286980,0x00000000eb300000)
  to   space 4096K, 0% used [0x00000000eb300000,0x00000000eb300000,0x00000000eb700000)
 ParOldGen       total 137728K, used 110156K [0x00000000c0000000, 0x00000000c8680000, 0x00000000eab00000)
  object space 137728K, 79% used [0x00000000c0000000,0x00000000c6b93180,0x00000000c8680000)
 Metaspace       used 89513K, committed 91136K, reserved 1179648K
  class space    used 9265K, committed 9920K, reserved 1048576K
}
Event: 952.847 GC heap after
{Heap after GC invocations=886 (full 24):
 PSYoungGen      total 8192K, used 3712K [0x00000000eab00000, 0x00000000eb700000, 0x0000000100000000)
  eden space 4096K, 0% used [0x00000000eab00000,0x00000000eab00000,0x00000000eaf00000)
  from space 4096K, 90% used [0x00000000eb300000,0x00000000eb6a0000,0x00000000eb700000)
  to   space 4096K, 0% used [0x00000000eaf00000,0x00000000eaf00000,0x00000000eb300000)
 ParOldGen       total 137728K, used 113758K [0x00000000c0000000, 0x00000000c8680000, 0x00000000eab00000)
  object space 137728K, 82% used [0x00000000c0000000,0x00000000c6f17a78,0x00000000c8680000)
 Metaspace       used 89513K, committed 91136K, reserved 1179648K
  class space    used 9265K, committed 9920K, reserved 1048576K
}
Event: 952.885 GC heap before
{Heap before GC invocations=887 (full 24):
 PSYoungGen      total 8192K, used 7808K [0x00000000eab00000, 0x00000000eb700000, 0x0000000100000000)
  eden space 4096K, 100% used [0x00000000eab00000,0x00000000eaf00000,0x00000000eaf00000)
  from space 4096K, 90% used [0x00000000eb300000,0x00000000eb6a0000,0x00000000eb700000)
  to   space 4096K, 0% used [0x00000000eaf00000,0x00000000eaf00000,0x00000000eb300000)
 ParOldGen       total 137728K, used 113758K [0x00000000c0000000, 0x00000000c8680000, 0x00000000eab00000)
  object space 137728K, 82% used [0x00000000c0000000,0x00000000c6f17a78,0x00000000c8680000)
 Metaspace       used 89513K, committed 91136K, reserved 1179648K
  class space    used 9265K, committed 9920K, reserved 1048576K
}
Event: 952.893 GC heap after
{Heap after GC invocations=887 (full 24):
 PSYoungGen      total 6144K, used 1728K [0x00000000eab00000, 0x00000000eb400000, 0x0000000100000000)
  eden space 4096K, 0% used [0x00000000eab00000,0x00000000eab00000,0x00000000eaf00000)
  from space 2048K, 84% used [0x00000000eaf00000,0x00000000eb0b0000,0x00000000eb100000)
  to   space 2560K, 0% used [0x00000000eb180000,0x00000000eb180000,0x00000000eb400000)
 ParOldGen       total 137728K, used 117470K [0x00000000c0000000, 0x00000000c8680000, 0x00000000eab00000)
  object space 137728K, 85% used [0x00000000c0000000,0x00000000c72b7a78,0x00000000c8680000)
 Metaspace       used 89513K, committed 91136K, reserved 1179648K
  class space    used 9265K, committed 9920K, reserved 1048576K
}
Event: 953.183 GC heap before
{Heap before GC invocations=888 (full 24):
 PSYoungGen      total 6144K, used 5824K [0x00000000eab00000, 0x00000000eb400000, 0x0000000100000000)
  eden space 4096K, 100% used [0x00000000eab00000,0x00000000eaf00000,0x00000000eaf00000)
  from space 2048K, 84% used [0x00000000eaf00000,0x00000000eb0b0000,0x00000000eb100000)
  to   space 2560K, 0% used [0x00000000eb180000,0x00000000eb180000,0x00000000eb400000)
 ParOldGen       total 137728K, used 117470K [0x00000000c0000000, 0x00000000c8680000, 0x00000000eab00000)
  object space 137728K, 85% used [0x00000000c0000000,0x00000000c72b7a78,0x00000000c8680000)
 Metaspace       used 89513K, committed 91136K, reserved 1179648K
  class space    used 9265K, committed 9920K, reserved 1048576K
}
Event: 953.191 GC heap after
{Heap after GC invocations=888 (full 24):
 PSYoungGen      total 5632K, used 1216K [0x00000000eab00000, 0x00000000eb300000, 0x0000000100000000)
  eden space 4096K, 0% used [0x00000000eab00000,0x00000000eab00000,0x00000000eaf00000)
  from space 1536K, 79% used [0x00000000eb180000,0x00000000eb2b0000,0x00000000eb300000)
  to   space 1536K, 0% used [0x00000000eb000000,0x00000000eb000000,0x00000000eb180000)
 ParOldGen       total 137728K, used 119104K [0x00000000c0000000, 0x00000000c8680000, 0x00000000eab00000)
  object space 137728K, 86% used [0x00000000c0000000,0x00000000c7450398,0x00000000c8680000)
 Metaspace       used 89513K, committed 91136K, reserved 1179648K
  class space    used 9265K, committed 9920K, reserved 1048576K
}
Event: 953.396 GC heap before
{Heap before GC invocations=889 (full 24):
 PSYoungGen      total 5632K, used 5312K [0x00000000eab00000, 0x00000000eb300000, 0x0000000100000000)
  eden space 4096K, 100% used [0x00000000eab00000,0x00000000eaf00000,0x00000000eaf00000)
  from space 1536K, 79% used [0x00000000eb180000,0x00000000eb2b0000,0x00000000eb300000)
  to   space 1536K, 0% used [0x00000000eb000000,0x00000000eb000000,0x00000000eb180000)
 ParOldGen       total 137728K, used 119104K [0x00000000c0000000, 0x00000000c8680000, 0x00000000eab00000)
  object space 137728K, 86% used [0x00000000c0000000,0x00000000c7450398,0x00000000c8680000)
 Metaspace       used 89515K, committed 91136K, reserved 1179648K
  class space    used 9265K, committed 9920K, reserved 1048576K
}
Event: 953.417 GC heap after
{Heap after GC invocations=889 (full 24):
 PSYoungGen      total 5120K, used 768K [0x00000000eab00000, 0x00000000eb200000, 0x0000000100000000)
  eden space 4096K, 0% used [0x00000000eab00000,0x00000000eab00000,0x00000000eaf00000)
  from space 1024K, 75% used [0x00000000eb000000,0x00000000eb0c0000,0x00000000eb100000)
  to   space 1024K, 0% used [0x00000000eb100000,0x00000000eb100000,0x00000000eb200000)
 ParOldGen       total 137728K, used 120251K [0x00000000c0000000, 0x00000000c8680000, 0x00000000eab00000)
  object space 137728K, 87% used [0x00000000c0000000,0x00000000c756ec50,0x00000000c8680000)
 Metaspace       used 89515K, committed 91136K, reserved 1179648K
  class space    used 9265K, committed 9920K, reserved 1048576K
}
Event: 953.527 GC heap before
{Heap before GC invocations=890 (full 24):
 PSYoungGen      total 5120K, used 4864K [0x00000000eab00000, 0x00000000eb200000, 0x0000000100000000)
  eden space 4096K, 100% used [0x00000000eab00000,0x00000000eaf00000,0x00000000eaf00000)
  from space 1024K, 75% used [0x00000000eb000000,0x00000000eb0c0000,0x00000000eb100000)
  to   space 1024K, 0% used [0x00000000eb100000,0x00000000eb100000,0x00000000eb200000)
 ParOldGen       total 137728K, used 120251K [0x00000000c0000000, 0x00000000c8680000, 0x00000000eab00000)
  object space 137728K, 87% used [0x00000000c0000000,0x00000000c756ec50,0x00000000c8680000)
 Metaspace       used 89515K, committed 91136K, reserved 1179648K
  class space    used 9265K, committed 9920K, reserved 1048576K
}
Event: 953.539 GC heap after
{Heap after GC invocations=890 (full 24):
 PSYoungGen      total 4608K, used 96K [0x00000000eab00000, 0x00000000eb180000, 0x0000000100000000)
  eden space 4096K, 0% used [0x00000000eab00000,0x00000000eab00000,0x00000000eaf00000)
  from space 512K, 18% used [0x00000000eb100000,0x00000000eb118000,0x00000000eb180000)
  to   space 512K, 0% used [0x00000000eb080000,0x00000000eb080000,0x00000000eb100000)
 ParOldGen       total 137728K, used 120967K [0x00000000c0000000, 0x00000000c8680000, 0x00000000eab00000)
  object space 137728K, 87% used [0x00000000c0000000,0x00000000c7621c80,0x00000000c8680000)
 Metaspace       used 89515K, committed 91136K, reserved 1179648K
  class space    used 9265K, committed 9920K, reserved 1048576K
}
Event: 955.135 GC heap before
{Heap before GC invocations=891 (full 24):
 PSYoungGen      total 4608K, used 4192K [0x00000000eab00000, 0x00000000eb180000, 0x0000000100000000)
  eden space 4096K, 100% used [0x00000000eab00000,0x00000000eaf00000,0x00000000eaf00000)
  from space 512K, 18% used [0x00000000eb100000,0x00000000eb118000,0x00000000eb180000)
  to   space 512K, 0% used [0x00000000eb080000,0x00000000eb080000,0x00000000eb100000)
 ParOldGen       total 137728K, used 120967K [0x00000000c0000000, 0x00000000c8680000, 0x00000000eab00000)
  object space 137728K, 87% used [0x00000000c0000000,0x00000000c7621c80,0x00000000c8680000)
 Metaspace       used 89515K, committed 91136K, reserved 1179648K
  class space    used 9265K, committed 9920K, reserved 1048576K
}
Event: 955.140 GC heap after
{Heap after GC invocations=891 (full 24):
 PSYoungGen      total 4608K, used 32K [0x00000000eab00000, 0x00000000eb180000, 0x0000000100000000)
  eden space 4096K, 0% used [0x00000000eab00000,0x00000000eab00000,0x00000000eaf00000)
  from space 512K, 6% used [0x00000000eb080000,0x00000000eb088000,0x00000000eb100000)
  to   space 512K, 0% used [0x00000000eb100000,0x00000000eb100000,0x00000000eb180000)
 ParOldGen       total 137728K, used 120975K [0x00000000c0000000, 0x00000000c8680000, 0x00000000eab00000)
  object space 137728K, 87% used [0x00000000c0000000,0x00000000c7623c80,0x00000000c8680000)
 Metaspace       used 89515K, committed 91136K, reserved 1179648K
  class space    used 9265K, committed 9920K, reserved 1048576K
}
Event: 955.401 GC heap before
{Heap before GC invocations=892 (full 24):
 PSYoungGen      total 4608K, used 4128K [0x00000000eab00000, 0x00000000eb180000, 0x0000000100000000)
  eden space 4096K, 100% used [0x00000000eab00000,0x00000000eaf00000,0x00000000eaf00000)
  from space 512K, 6% used [0x00000000eb080000,0x00000000eb088000,0x00000000eb100000)
  to   space 512K, 0% used [0x00000000eb100000,0x00000000eb100000,0x00000000eb180000)
 ParOldGen       total 137728K, used 120975K [0x00000000c0000000, 0x00000000c8680000, 0x00000000eab00000)
  object space 137728K, 87% used [0x00000000c0000000,0x00000000c7623c80,0x00000000c8680000)
 Metaspace       used 89518K, committed 91136K, reserved 1179648K
  class space    used 9265K, committed 9920K, reserved 1048576K
}
Event: 955.405 GC heap after
{Heap after GC invocations=892 (full 24):
 PSYoungGen      total 4608K, used 480K [0x00000000eab00000, 0x00000000eb200000, 0x0000000100000000)
  eden space 4096K, 0% used [0x00000000eab00000,0x00000000eab00000,0x00000000eaf00000)
  from space 512K, 93% used [0x00000000eb100000,0x00000000eb178020,0x00000000eb180000)
  to   space 1536K, 0% used [0x00000000eaf00000,0x00000000eaf00000,0x00000000eb080000)
 ParOldGen       total 137728K, used 121699K [0x00000000c0000000, 0x00000000c8680000, 0x00000000eab00000)
  object space 137728K, 88% used [0x00000000c0000000,0x00000000c76d8cd0,0x00000000c8680000)
 Metaspace       used 89518K, committed 91136K, reserved 1179648K
  class space    used 9265K, committed 9920K, reserved 1048576K
}
Event: 955.491 GC heap before
{Heap before GC invocations=893 (full 24):
 PSYoungGen      total 4608K, used 4576K [0x00000000eab00000, 0x00000000eb200000, 0x0000000100000000)
  eden space 4096K, 100% used [0x00000000eab00000,0x00000000eaf00000,0x00000000eaf00000)
  from space 512K, 93% used [0x00000000eb100000,0x00000000eb178020,0x00000000eb180000)
  to   space 1536K, 0% used [0x00000000eaf00000,0x00000000eaf00000,0x00000000eb080000)
 ParOldGen       total 137728K, used 121699K [0x00000000c0000000, 0x00000000c8680000, 0x00000000eab00000)
  object space 137728K, 88% used [0x00000000c0000000,0x00000000c76d8cd0,0x00000000c8680000)
 Metaspace       used 89520K, committed 91136K, reserved 1179648K
  class space    used 9265K, committed 9920K, reserved 1048576K
}
Event: 955.496 GC heap after
{Heap after GC invocations=893 (full 24):
 PSYoungGen      total 5632K, used 1514K [0x00000000eab00000, 0x00000000eb200000, 0x0000000100000000)
  eden space 4096K, 0% used [0x00000000eab00000,0x00000000eab00000,0x00000000eaf00000)
  from space 1536K, 98% used [0x00000000eaf00000,0x00000000eb07a8c0,0x00000000eb080000)
  to   space 512K, 0% used [0x00000000eb100000,0x00000000eb100000,0x00000000eb180000)
 ParOldGen       total 137728K, used 122389K [0x00000000c0000000, 0x00000000c8680000, 0x00000000eab00000)
  object space 137728K, 88% used [0x00000000c0000000,0x00000000c77854f0,0x00000000c8680000)
 Metaspace       used 89520K, committed 91136K, reserved 1179648K
  class space    used 9265K, committed 9920K, reserved 1048576K
}

Dll operation events (11 events):
Event: 0.018 Loaded shared library c:\Users\mirel\.vscode\extensions\redhat.java-1.28.1-win32-x64\jre\17.0.10-win32-x86_64\bin\java.dll
Event: 0.506 Loaded shared library c:\Users\mirel\.vscode\extensions\redhat.java-1.28.1-win32-x64\jre\17.0.10-win32-x86_64\bin\zip.dll
Event: 0.513 Loaded shared library C:\Users\mirel\.vscode\extensions\redhat.java-1.28.1-win32-x64\jre\17.0.10-win32-x86_64\bin\instrument.dll
Event: 0.546 Loaded shared library C:\Users\mirel\.vscode\extensions\redhat.java-1.28.1-win32-x64\jre\17.0.10-win32-x86_64\bin\net.dll
Event: 0.584 Loaded shared library C:\Users\mirel\.vscode\extensions\redhat.java-1.28.1-win32-x64\jre\17.0.10-win32-x86_64\bin\nio.dll
Event: 0.599 Loaded shared library C:\Users\mirel\.vscode\extensions\redhat.java-1.28.1-win32-x64\jre\17.0.10-win32-x86_64\bin\zip.dll
Event: 0.654 Loaded shared library C:\Users\mirel\.vscode\extensions\redhat.java-1.28.1-win32-x64\jre\17.0.10-win32-x86_64\bin\jimage.dll
Event: 0.920 Loaded shared library c:\Users\mirel\.vscode\extensions\redhat.java-1.28.1-win32-x64\jre\17.0.10-win32-x86_64\bin\verify.dll
Event: 13.868 Loaded shared library C:\Users\mirel\AppData\Roaming\Code\User\globalStorage\redhat.java\1.28.1\config_win\org.eclipse.equinox.launcher\org.eclipse.equinox.launcher.win32.win32.x86_64_1.2.900.v20240129-1338\eclipse_11900.dll
Event: 55.418 Loaded shared library C:\Users\mirel\AppData\Local\Temp\jna-103904637\jna14219296964972050603.dll
Event: 143.938 Loaded shared library C:\Users\mirel\.vscode\extensions\redhat.java-1.28.1-win32-x64\jre\17.0.10-win32-x86_64\bin\extnet.dll

Deoptimization events (20 events):
Event: 952.869 Thread 0x0000017d315a3840 Uncommon trap: trap_request=0xffffffcc fr.pc=0x0000017d23e0ed70 relative=0x0000000000001270
Event: 952.869 Thread 0x0000017d315a3840 Uncommon trap: reason=intrinsic_or_type_checked_inlining action=make_not_entrant pc=0x0000017d23e0ed70 method=org.eclipse.jdt.internal.compiler.parser.Parser.dispatchDeclarationInto(I)V @ 299 c2
Event: 952.869 Thread 0x0000017d315a3840 DEOPT PACKING pc=0x0000017d23e0ed70 sp=0x0000002e124fe360
Event: 952.869 Thread 0x0000017d315a3840 DEOPT UNPACKING pc=0x0000017d22c6669d sp=0x0000002e124fe2d8 mode 2
Event: 953.495 Thread 0x0000017d34c89090 DEOPT PACKING pc=0x0000017d1d16a17c sp=0x0000002e12efdf60
Event: 953.495 Thread 0x0000017d34c89090 DEOPT UNPACKING pc=0x0000017d22c66e24 sp=0x0000002e12efd450 mode 0
Event: 955.444 Thread 0x0000017d315a1ef0 Uncommon trap: trap_request=0xffffff45 fr.pc=0x0000017d236566f8 relative=0x0000000000002fd8
Event: 955.444 Thread 0x0000017d315a1ef0 Uncommon trap: reason=unstable_if action=reinterpret pc=0x0000017d236566f8 method=org.eclipse.jdt.internal.corext.refactoring.code.SnippetFinder$Matcher.match(Lorg/eclipse/jdt/core/dom/SimpleName;Ljava/lang/Object;)Z @ 70 c2
Event: 955.444 Thread 0x0000017d315a1ef0 DEOPT PACKING pc=0x0000017d236566f8 sp=0x0000002e124fe2c0
Event: 955.444 Thread 0x0000017d315a1ef0 DEOPT UNPACKING pc=0x0000017d22c6669d sp=0x0000002e124fe2b0 mode 2
Event: 955.468 Thread 0x0000017d315a2910 DEOPT PACKING pc=0x0000017d1bc53a00 sp=0x0000002e12afe5c0
Event: 955.468 Thread 0x0000017d315a2910 DEOPT UNPACKING pc=0x0000017d22c66e24 sp=0x0000002e12afda80 mode 0
Event: 955.479 Thread 0x0000017d315a1ef0 Uncommon trap: trap_request=0xffffffde fr.pc=0x0000017d23d17bbc relative=0x0000000000000a9c
Event: 955.479 Thread 0x0000017d315a1ef0 Uncommon trap: reason=class_check action=maybe_recompile pc=0x0000017d23d17bbc method=org.eclipse.jdt.core.dom.TypeBinding.getName()Ljava/lang/String; @ 467 c2
Event: 955.479 Thread 0x0000017d315a1ef0 DEOPT PACKING pc=0x0000017d23d17bbc sp=0x0000002e124feeb0
Event: 955.479 Thread 0x0000017d315a1ef0 DEOPT UNPACKING pc=0x0000017d22c6669d sp=0x0000002e124fee40 mode 2
Event: 955.479 Thread 0x0000017d315a1ef0 Uncommon trap: trap_request=0xffffffde fr.pc=0x0000017d23d17bbc relative=0x0000000000000a9c
Event: 955.479 Thread 0x0000017d315a1ef0 Uncommon trap: reason=class_check action=maybe_recompile pc=0x0000017d23d17bbc method=org.eclipse.jdt.core.dom.TypeBinding.getName()Ljava/lang/String; @ 467 c2
Event: 955.479 Thread 0x0000017d315a1ef0 DEOPT PACKING pc=0x0000017d23d17bbc sp=0x0000002e124feea0
Event: 955.479 Thread 0x0000017d315a1ef0 DEOPT UNPACKING pc=0x0000017d22c6669d sp=0x0000002e124fee30 mode 2

Classes unloaded (16 events):
Event: 47.298 Thread 0x0000017d2c82a170 Unloading class 0x0000000100250400 'java/lang/invoke/LambdaForm$MH+0x0000000100250400'
Event: 47.298 Thread 0x0000017d2c82a170 Unloading class 0x0000000100250000 'java/lang/invoke/LambdaForm$MH+0x0000000100250000'
Event: 47.298 Thread 0x0000017d2c82a170 Unloading class 0x000000010024bc00 'java/lang/invoke/LambdaForm$MH+0x000000010024bc00'
Event: 47.298 Thread 0x0000017d2c82a170 Unloading class 0x000000010024b800 'java/lang/invoke/LambdaForm$MH+0x000000010024b800'
Event: 47.298 Thread 0x0000017d2c82a170 Unloading class 0x000000010024b400 'java/lang/invoke/LambdaForm$BMH+0x000000010024b400'
Event: 47.298 Thread 0x0000017d2c82a170 Unloading class 0x000000010024b000 'java/lang/invoke/LambdaForm$DMH+0x000000010024b000'
Event: 47.298 Thread 0x0000017d2c82a170 Unloading class 0x0000000100248400 'java/lang/invoke/LambdaForm$DMH+0x0000000100248400'
Event: 90.163 Thread 0x0000017d2c82a170 Unloading class 0x0000000100729c00 'java/lang/invoke/LambdaForm$DMH+0x0000000100729c00'
Event: 90.163 Thread 0x0000017d2c82a170 Unloading class 0x0000000100729400 'java/lang/invoke/LambdaForm$DMH+0x0000000100729400'
Event: 90.163 Thread 0x0000017d2c82a170 Unloading class 0x0000000100729800 'java/lang/invoke/LambdaForm$DMH+0x0000000100729800'
Event: 90.163 Thread 0x0000017d2c82a170 Unloading class 0x0000000100729000 'java/lang/invoke/LambdaForm$DMH+0x0000000100729000'
Event: 931.907 Thread 0x0000017d2c82a170 Unloading class 0x0000000100129000 'jdk/internal/reflect/GeneratedMethodAccessor5'
Event: 931.907 Thread 0x0000017d2c82a170 Unloading class 0x0000000100128c00 'jdk/internal/reflect/GeneratedMethodAccessor4'
Event: 931.907 Thread 0x0000017d2c82a170 Unloading class 0x0000000100128800 'jdk/internal/reflect/GeneratedMethodAccessor3'
Event: 931.907 Thread 0x0000017d2c82a170 Unloading class 0x0000000100128400 'jdk/internal/reflect/GeneratedMethodAccessor2'
Event: 931.907 Thread 0x0000017d2c82a170 Unloading class 0x0000000100128000 'jdk/internal/reflect/GeneratedMethodAccessor1'

Classes redefined (0 events):
No events

Internal exceptions (20 events):
Event: 865.057 Thread 0x0000017d34c853d0 Exception <a 'java/lang/ArrayIndexOutOfBoundsException'{0x00000000eac816f0}> (0x00000000eac816f0) 
thrown [s\src\hotspot\share\runtime\sharedRuntime.cpp, line 631]
Event: 865.616 Thread 0x0000017d34c853d0 Exception <a 'java/lang/ArrayIndexOutOfBoundsException'{0x00000000eabe43c8}> (0x00000000eabe43c8) 
thrown [s\src\hotspot\share\runtime\sharedRuntime.cpp, line 631]
Event: 865.618 Thread 0x0000017d34c853d0 Exception <a 'java/lang/ArrayIndexOutOfBoundsException'{0x00000000eabf3ae8}> (0x00000000eabf3ae8) 
thrown [s\src\hotspot\share\runtime\sharedRuntime.cpp, line 631]
Event: 865.650 Thread 0x0000017d34c853d0 Exception <a 'java/lang/ArrayIndexOutOfBoundsException'{0x00000000eac29a58}> (0x00000000eac29a58) 
thrown [s\src\hotspot\share\runtime\sharedRuntime.cpp, line 631]
Event: 865.650 Thread 0x0000017d34c853d0 Exception <a 'java/lang/ArrayIndexOutOfBoundsException'{0x00000000eac2a020}> (0x00000000eac2a020) 
thrown [s\src\hotspot\share\runtime\sharedRuntime.cpp, line 631]
Event: 874.527 Thread 0x0000017d34c853d0 Exception <a 'java/lang/ClassCastException'{0x00000000eab3a170}> (0x00000000eab3a170) 
thrown [s\src\hotspot\share\runtime\sharedRuntime.cpp, line 631]
Event: 874.527 Thread 0x0000017d34c853d0 Exception <a 'java/lang/ClassCastException'{0x00000000eab3a5d8}> (0x00000000eab3a5d8) 
thrown [s\src\hotspot\share\runtime\sharedRuntime.cpp, line 631]
Event: 874.527 Thread 0x0000017d34c853d0 Exception <a 'java/lang/ClassCastException'{0x00000000eab3aa40}> (0x00000000eab3aa40) 
thrown [s\src\hotspot\share\runtime\sharedRuntime.cpp, line 631]
Event: 876.736 Thread 0x0000017d34c853d0 Exception <a 'java/lang/ClassCastException'{0x00000000eab3afc8}> (0x00000000eab3afc8) 
thrown [s\src\hotspot\share\runtime\sharedRuntime.cpp, line 631]
Event: 876.736 Thread 0x0000017d34c853d0 Exception <a 'java/lang/ClassCastException'{0x00000000eab3b430}> (0x00000000eab3b430) 
thrown [s\src\hotspot\share\runtime\sharedRuntime.cpp, line 631]
Event: 876.736 Thread 0x0000017d34c853d0 Exception <a 'java/lang/ClassCastException'{0x00000000eab3bb08}> (0x00000000eab3bb08) 
thrown [s\src\hotspot\share\runtime\sharedRuntime.cpp, line 631]
Event: 883.038 Thread 0x0000017d34c844a0 Exception <a 'java/lang/reflect/InvocationTargetException'{0x00000000eabb2050}> (0x00000000eabb2050) 
thrown [s\src\hotspot\share\runtime\reflection.cpp, line 1121]
Event: 910.544 Thread 0x0000017d34c853d0 Exception <a 'java/lang/ClassCastException'{0x00000000eac19df8}> (0x00000000eac19df8) 
thrown [s\src\hotspot\share\runtime\sharedRuntime.cpp, line 631]
Event: 910.544 Thread 0x0000017d34c853d0 Exception <a 'java/lang/ClassCastException'{0x00000000eac1a260}> (0x00000000eac1a260) 
thrown [s\src\hotspot\share\runtime\sharedRuntime.cpp, line 631]
Event: 910.544 Thread 0x0000017d34c853d0 Exception <a 'java/lang/ClassCastException'{0x00000000eac1a6c8}> (0x00000000eac1a6c8) 
thrown [s\src\hotspot\share\runtime\sharedRuntime.cpp, line 631]
Event: 910.774 Thread 0x0000017d34c853d0 Implicit null exception at 0x0000017d23890ed0 to 0x0000017d23891132
Event: 934.324 Thread 0x0000017d34c83060 Exception <a 'java/lang/ClassNotFoundException'{0x00000000eab60638}: sun/net/www/protocol/jdt/Handler> (0x00000000eab60638) 
thrown [s\src\hotspot\share\classfile\systemDictionary.cpp, line 256]
Event: 936.487 Thread 0x0000017d34c83060 Implicit null exception at 0x0000017d23b9c416 to 0x0000017d23b9c468
Event: 941.692 Thread 0x0000017d34c83060 Implicit null exception at 0x0000017d23ce3cba to 0x0000017d23ce5c74
Event: 955.444 Thread 0x0000017d315a1ef0 Implicit null exception at 0x0000017d23653948 to 0x0000017d236566c0

VM Operations (20 events):
Event: 952.032 Executing VM operation: ParallelGCFailedAllocation
Event: 952.353 Executing VM operation: ParallelGCFailedAllocation done
Event: 952.377 Executing VM operation: ParallelGCFailedAllocation
Event: 952.389 Executing VM operation: ParallelGCFailedAllocation done
Event: 952.836 Executing VM operation: ParallelGCFailedAllocation
Event: 952.847 Executing VM operation: ParallelGCFailedAllocation done
Event: 952.885 Executing VM operation: ParallelGCFailedAllocation
Event: 952.893 Executing VM operation: ParallelGCFailedAllocation done
Event: 953.100 Executing VM operation: ParallelGCFailedAllocation
Event: 953.222 Executing VM operation: ParallelGCFailedAllocation done
Event: 953.396 Executing VM operation: ParallelGCFailedAllocation
Event: 953.417 Executing VM operation: ParallelGCFailedAllocation done
Event: 953.527 Executing VM operation: ParallelGCFailedAllocation
Event: 953.539 Executing VM operation: ParallelGCFailedAllocation done
Event: 955.063 Executing VM operation: ParallelGCFailedAllocation
Event: 955.142 Executing VM operation: ParallelGCFailedAllocation done
Event: 955.401 Executing VM operation: ParallelGCFailedAllocation
Event: 955.406 Executing VM operation: ParallelGCFailedAllocation done
Event: 955.488 Executing VM operation: ParallelGCFailedAllocation
Event: 955.499 Executing VM operation: ParallelGCFailedAllocation done

Events (20 events):
Event: 952.352 Thread 0x0000017d315a1ef0 Thread added: 0x0000017d315a1ef0
Event: 952.353 Thread 0x0000017d315a2400 Thread added: 0x0000017d315a2400
Event: 952.353 Thread 0x0000017d315a2910 Thread added: 0x0000017d315a2910
Event: 952.385 Thread 0x0000017d315a2400 Thread exited: 0x0000017d315a2400
Event: 952.387 Thread 0x0000017d315a1ef0 Thread exited: 0x0000017d315a1ef0
Event: 952.391 Thread 0x0000017d315a2910 Thread exited: 0x0000017d315a2910
Event: 952.966 Thread 0x0000017d315a1ef0 Thread added: 0x0000017d315a1ef0
Event: 953.231 Thread 0x0000017d315a1ef0 Thread exited: 0x0000017d315a1ef0
Event: 953.347 Thread 0x0000017d315a3840 Thread exited: 0x0000017d315a3840
Event: 953.853 Thread 0x0000017d315a1ef0 Thread added: 0x0000017d315a1ef0
Event: 953.948 Thread 0x0000017d315a1ef0 Thread exited: 0x0000017d315a1ef0
Event: 954.773 Thread 0x0000017d315a1ef0 Thread added: 0x0000017d315a1ef0
Event: 955.159 Thread 0x0000017d315a1ef0 Thread exited: 0x0000017d315a1ef0
Event: 955.344 Thread 0x0000017d315a1ef0 Thread added: 0x0000017d315a1ef0
Event: 955.380 Thread 0x0000017d315a2400 Thread added: 0x0000017d315a2400
Event: 955.407 Thread 0x0000017d315a2400 Thread exited: 0x0000017d315a2400
Event: 955.448 Thread 0x0000017d315a2910 Thread added: 0x0000017d315a2910
Event: 955.467 Thread 0x0000017d315a3840 Thread added: 0x0000017d315a3840
Event: 955.473 Thread 0x0000017d315a2910 Thread exited: 0x0000017d315a2910
Event: 955.499 Thread 0x0000017d315a3840 Thread exited: 0x0000017d315a3840


Dynamic libraries:
0x00007ff7eed10000 - 0x00007ff7eed1e000 	c:\Users\mirel\.vscode\extensions\redhat.java-1.28.1-win32-x64\jre\17.0.10-win32-x86_64\bin\java.exe
0x00007ff8e03c0000 - 0x00007ff8e05c9000 	C:\WINDOWS\SYSTEM32\ntdll.dll
0x00007ff8de2a0000 - 0x00007ff8de35e000 	C:\WINDOWS\System32\KERNEL32.DLL
0x00007ff8dd920000 - 0x00007ff8ddca4000 	C:\WINDOWS\System32\KERNELBASE.dll
0x00007ff8ddf60000 - 0x00007ff8de071000 	C:\WINDOWS\System32\ucrtbase.dll
0x00007ff8cdd90000 - 0x00007ff8cdda7000 	c:\Users\mirel\.vscode\extensions\redhat.java-1.28.1-win32-x64\jre\17.0.10-win32-x86_64\bin\jli.dll
0x00007ff8df060000 - 0x00007ff8df20d000 	C:\WINDOWS\System32\USER32.dll
0x00007ff8dd850000 - 0x00007ff8dd876000 	C:\WINDOWS\System32\win32u.dll
0x00007ff8de270000 - 0x00007ff8de29a000 	C:\WINDOWS\System32\GDI32.dll
0x00007ff8de0f0000 - 0x00007ff8de20f000 	C:\WINDOWS\System32\gdi32full.dll
0x00007ff8dd880000 - 0x00007ff8dd91d000 	C:\WINDOWS\System32\msvcp_win.dll
0x00007ff8cdcf0000 - 0x00007ff8cdd0b000 	c:\Users\mirel\.vscode\extensions\redhat.java-1.28.1-win32-x64\jre\17.0.10-win32-x86_64\bin\VCRUNTIME140.dll
0x00007ff8ca2b0000 - 0x00007ff8ca555000 	C:\WINDOWS\WinSxS\amd64_microsoft.windows.common-controls_6595b64144ccf1df_6.0.22000.120_none_9d947278b86cc467\COMCTL32.dll
0x00007ff8df5d0000 - 0x00007ff8df673000 	C:\WINDOWS\System32\msvcrt.dll
0x00007ff8de210000 - 0x00007ff8de241000 	C:\WINDOWS\System32\IMM32.DLL
0x00007ff8cfcc0000 - 0x00007ff8cfccc000 	c:\Users\mirel\.vscode\extensions\redhat.java-1.28.1-win32-x64\jre\17.0.10-win32-x86_64\bin\vcruntime140_1.dll
0x00007ff8cb620000 - 0x00007ff8cb6ad000 	c:\Users\mirel\.vscode\extensions\redhat.java-1.28.1-win32-x64\jre\17.0.10-win32-x86_64\bin\msvcp140.dll
0x00007ff877f30000 - 0x00007ff878b92000 	c:\Users\mirel\.vscode\extensions\redhat.java-1.28.1-win32-x64\jre\17.0.10-win32-x86_64\bin\server\jvm.dll
0x00007ff8e02d0000 - 0x00007ff8e037f000 	C:\WINDOWS\System32\ADVAPI32.dll
0x00007ff8de750000 - 0x00007ff8de7ee000 	C:\WINDOWS\System32\sechost.dll
0x00007ff8df4a0000 - 0x00007ff8df5c1000 	C:\WINDOWS\System32\RPCRT4.dll
0x00007ff8dc1a0000 - 0x00007ff8dc1ed000 	C:\WINDOWS\SYSTEM32\POWRPROF.dll
0x00007ff8da140000 - 0x00007ff8da149000 	C:\WINDOWS\SYSTEM32\WSOCK32.dll
0x00007ff8de870000 - 0x00007ff8de8df000 	C:\WINDOWS\System32\WS2_32.dll
0x00007ff8cfb00000 - 0x00007ff8cfb33000 	C:\WINDOWS\SYSTEM32\WINMM.dll
0x00007ff8d4aa0000 - 0x00007ff8d4aaa000 	C:\WINDOWS\SYSTEM32\VERSION.dll
0x00007ff8dc290000 - 0x00007ff8dc2a3000 	C:\WINDOWS\SYSTEM32\UMPDC.dll
0x00007ff8dc9a0000 - 0x00007ff8dc9b8000 	C:\WINDOWS\SYSTEM32\kernel.appcore.dll
0x00007ff8cf980000 - 0x00007ff8cf98a000 	c:\Users\mirel\.vscode\extensions\redhat.java-1.28.1-win32-x64\jre\17.0.10-win32-x86_64\bin\jimage.dll
0x00007ff8d82e0000 - 0x00007ff8d8501000 	C:\WINDOWS\SYSTEM32\DBGHELP.DLL
0x00007ff8c50f0000 - 0x00007ff8c5121000 	C:\WINDOWS\SYSTEM32\dbgcore.DLL
0x00007ff8ddd70000 - 0x00007ff8dddef000 	C:\WINDOWS\System32\bcryptPrimitives.dll
0x00007ff8cf430000 - 0x00007ff8cf43e000 	c:\Users\mirel\.vscode\extensions\redhat.java-1.28.1-win32-x64\jre\17.0.10-win32-x86_64\bin\instrument.dll
0x00007ff8ccb50000 - 0x00007ff8ccb75000 	c:\Users\mirel\.vscode\extensions\redhat.java-1.28.1-win32-x64\jre\17.0.10-win32-x86_64\bin\java.dll
0x00007ff8cdcd0000 - 0x00007ff8cdce8000 	c:\Users\mirel\.vscode\extensions\redhat.java-1.28.1-win32-x64\jre\17.0.10-win32-x86_64\bin\zip.dll
0x00007ff8df680000 - 0x00007ff8dfe45000 	C:\WINDOWS\System32\SHELL32.dll
0x00007ff8db920000 - 0x00007ff8dc184000 	C:\WINDOWS\SYSTEM32\windows.storage.dll
0x00007ff8de8f0000 - 0x00007ff8dec66000 	C:\WINDOWS\System32\combase.dll
0x00007ff8db7b0000 - 0x00007ff8db917000 	C:\WINDOWS\SYSTEM32\wintypes.dll
0x00007ff8df210000 - 0x00007ff8df2fa000 	C:\WINDOWS\System32\SHCORE.dll
0x00007ff8deeb0000 - 0x00007ff8def0d000 	C:\WINDOWS\System32\shlwapi.dll
0x00007ff8dd780000 - 0x00007ff8dd7a5000 	C:\WINDOWS\SYSTEM32\profapi.dll
0x00007ff8cc6b0000 - 0x00007ff8cc6c9000 	C:\Users\mirel\.vscode\extensions\redhat.java-1.28.1-win32-x64\jre\17.0.10-win32-x86_64\bin\net.dll
0x00007ff8d62e0000 - 0x00007ff8d63f3000 	C:\WINDOWS\SYSTEM32\WINHTTP.dll
0x00007ff8dce50000 - 0x00007ff8dceb7000 	C:\WINDOWS\system32\mswsock.dll
0x00007ff8cc390000 - 0x00007ff8cc3a6000 	C:\Users\mirel\.vscode\extensions\redhat.java-1.28.1-win32-x64\jre\17.0.10-win32-x86_64\bin\nio.dll
0x00007ff8cf340000 - 0x00007ff8cf350000 	c:\Users\mirel\.vscode\extensions\redhat.java-1.28.1-win32-x64\jre\17.0.10-win32-x86_64\bin\verify.dll
0x00007ff8cb9d0000 - 0x00007ff8cba0e000 	C:\Users\mirel\AppData\Roaming\Code\User\globalStorage\redhat.java\1.28.1\config_win\org.eclipse.equinox.launcher\org.eclipse.equinox.launcher.win32.win32.x86_64_1.2.900.v20240129-1338\eclipse_11900.dll
0x00007ff8df300000 - 0x00007ff8df49a000 	C:\WINDOWS\System32\ole32.dll
0x00007ff8dd0b0000 - 0x00007ff8dd0c8000 	C:\WINDOWS\SYSTEM32\CRYPTSP.dll
0x00007ff8dc900000 - 0x00007ff8dc935000 	C:\WINDOWS\system32\rsaenh.dll
0x00007ff8dcf50000 - 0x00007ff8dcf7c000 	C:\WINDOWS\SYSTEM32\USERENV.dll
0x00007ff8dd220000 - 0x00007ff8dd247000 	C:\WINDOWS\SYSTEM32\bcrypt.dll
0x00007ff8dd0a0000 - 0x00007ff8dd0ac000 	C:\WINDOWS\SYSTEM32\CRYPTBASE.dll
0x00007ff8dc500000 - 0x00007ff8dc52d000 	C:\WINDOWS\SYSTEM32\IPHLPAPI.DLL
0x00007ff8de8e0000 - 0x00007ff8de8e9000 	C:\WINDOWS\System32\NSI.dll
0x00007ff8d65d0000 - 0x00007ff8d65e9000 	C:\WINDOWS\SYSTEM32\dhcpcsvc6.DLL
0x00007ff8d81b0000 - 0x00007ff8d81ce000 	C:\WINDOWS\SYSTEM32\dhcpcsvc.DLL
0x00007ff8dc580000 - 0x00007ff8dc667000 	C:\WINDOWS\SYSTEM32\DNSAPI.dll
0x00007ff8cb5a0000 - 0x00007ff8cb5e5000 	C:\Users\mirel\AppData\Local\Temp\jna-103904637\jna14219296964972050603.dll
0x00007ff8de360000 - 0x00007ff8de368000 	C:\WINDOWS\System32\PSAPI.DLL
0x00007ff8dc9c0000 - 0x00007ff8dc9f4000 	C:\WINDOWS\SYSTEM32\ntmarta.dll
0x00007ff8da1f0000 - 0x00007ff8da1f9000 	C:\Users\mirel\.vscode\extensions\redhat.java-1.28.1-win32-x64\jre\17.0.10-win32-x86_64\bin\extnet.dll

dbghelp: loaded successfully - version: 4.0.5 - missing functions: none
symbol engine: initialized successfully - sym options: 0x614 - pdb path: .;c:\Users\mirel\.vscode\extensions\redhat.java-1.28.1-win32-x64\jre\17.0.10-win32-x86_64\bin;C:\WINDOWS\SYSTEM32;C:\WINDOWS\WinSxS\amd64_microsoft.windows.common-controls_6595b64144ccf1df_6.0.22000.120_none_9d947278b86cc467;c:\Users\mirel\.vscode\extensions\redhat.java-1.28.1-win32-x64\jre\17.0.10-win32-x86_64\bin\server;C:\Users\mirel\AppData\Roaming\Code\User\globalStorage\redhat.java\1.28.1\config_win\org.eclipse.equinox.launcher\org.eclipse.equinox.launcher.win32.win32.x86_64_1.2.900.v20240129-1338;C:\Users\mirel\AppData\Local\Temp\jna-103904637

VM Arguments:
jvm_args: --add-modules=ALL-SYSTEM --add-opens=java.base/java.util=ALL-UNNAMED --add-opens=java.base/java.lang=ALL-UNNAMED --add-opens=java.base/sun.nio.fs=ALL-UNNAMED -Declipse.application=org.eclipse.jdt.ls.core.id1 -Dosgi.bundles.defaultStartLevel=4 -Declipse.product=org.eclipse.jdt.ls.core.product -Djava.import.generatesMetadataFilesAtProjectRoot=false -DDetectVMInstallationsJob.disabled=true -Dfile.encoding=utf8 -XX:+UseParallelGC -XX:GCTimeRatio=4 -XX:AdaptiveSizePolicyWeight=90 -Dsun.zip.disableMemoryMapping=true -Xmx1G -Xms100m -Xlog:disable -javaagent:c:\Users\mirel\.vscode\extensions\redhat.java-1.28.1-win32-x64\lombok\lombok-1.18.31.jar -XX:+HeapDumpOnOutOfMemoryError -XX:HeapDumpPath=c:\Users\mirel\AppData\Roaming\Code\User\workspaceStorage\b24110e6d41277b8a0f9e992bdfee2c8\redhat.java -Daether.dependencyCollector.impl=bf 
java_command: c:\Users\mirel\.vscode\extensions\redhat.java-1.28.1-win32-x64\server\plugins\org.eclipse.equinox.launcher_1.6.700.v20231214-2017.jar -configuration c:\Users\mirel\AppData\Roaming\Code\User\globalStorage\redhat.java\1.28.1\config_win -data c:\Users\mirel\AppData\Roaming\Code\User\workspaceStorage\b24110e6d41277b8a0f9e992bdfee2c8\redhat.java\jdt_ws --stdio
java_class_path (initial): c:\Users\mirel\.vscode\extensions\redhat.java-1.28.1-win32-x64\server\plugins\org.eclipse.equinox.launcher_1.6.700.v20231214-2017.jar
Launcher Type: SUN_STANDARD

[Global flags]
    uintx AdaptiveSizePolicyWeight                 = 90                                        {product} {command line}
     intx CICompilerCount                          = 2                                         {product} {ergonomic}
    uintx GCTimeRatio                              = 4                                         {product} {command line}
     bool HeapDumpOnOutOfMemoryError               = true                                   {manageable} {command line}
    ccstr HeapDumpPath                             = c:\Users\mirel\AppData\Roaming\Code\User\workspaceStorage\b24110e6d41277b8a0f9e992bdfee2c8\redhat.java         {manageable} {command line}
   size_t InitialHeapSize                          = 104857600                                 {product} {command line}
   size_t MaxHeapSize                              = 1073741824                                {product} {command line}
   size_t MaxNewSize                               = 357564416                                 {product} {ergonomic}
   size_t MinHeapDeltaBytes                        = 524288                                    {product} {ergonomic}
   size_t MinHeapSize                              = 104857600                                 {product} {command line}
   size_t NewSize                                  = 34603008                                  {product} {ergonomic}
    uintx NonNMethodCodeHeapSize                   = 5826188                                {pd product} {ergonomic}
    uintx NonProfiledCodeHeapSize                  = 122916026                              {pd product} {ergonomic}
   size_t OldSize                                  = 70254592                                  {product} {ergonomic}
    uintx ProfiledCodeHeapSize                     = 122916026                              {pd product} {ergonomic}
    uintx ReservedCodeCacheSize                    = 251658240                              {pd product} {ergonomic}
     bool SegmentedCodeCache                       = true                                      {product} {ergonomic}
   size_t SoftMaxHeapSize                          = 1073741824                             {manageable} {ergonomic}
     bool UseCompressedClassPointers               = true                           {product lp64_product} {ergonomic}
     bool UseCompressedOops                        = true                           {product lp64_product} {ergonomic}
     bool UseLargePagesIndividualAllocation        = false                                  {pd product} {ergonomic}
     bool UseParallelGC                            = true                                      {product} {command line}

Logging:
Log output configuration:
 #0: stdout all=off uptime,level,tags
 #1: stderr all=off uptime,level,tags

Environment Variables:
PATH=C:\Program Files\Common Files\Oracle\Java\javapath;C:\WINDOWS\system32;C:\WINDOWS;C:\WINDOWS\System32\Wbem;C:\WINDOWS\System32\WindowsPowerShell\v1.0\;C:\WINDOWS\System32\OpenSSH\;C:\Program Files\Intel\TXE Components\DAL\;C:\Program Files (x86)\Intel\TXE Components\DAL\;C:\Program Files\Intel\TXE Components\IPT\;C:\Program Files (x86)\Intel\TXE Components\IPT\;C:\Program Files\Git\cmd;C:\Program Files\nodejs\;C:\MinGW\bin;C:\Users\mirel\AppData\Local\Programs\Python\Python311\Scripts\;C:\Users\mirel\AppData\Local\Programs\Python\Python311\;C:\Users\mirel\AppData\Local\Microsoft\WindowsApps;C:\Program Files\JetBrains\IntelliJ IDEA 2020.2.4\bin;C:\Users\mirel\AppData\Roaming\npm;C:\Program Files\MySQL\MySQL Server 8.0\bin;C:\Users\mirel\AppData\Local\Programs\Microsoft VS Code\bin
USERNAME=mirel
OS=Windows_NT
PROCESSOR_IDENTIFIER=Intel64 Family 6 Model 122 Stepping 1, GenuineIntel
TMP=C:\Users\mirel\AppData\Local\Temp
TEMP=C:\Users\mirel\AppData\Local\Temp



Periodic native trim disabled


---------------  S Y S T E M  ---------------

OS:
 Windows 11 , 64 bit Build 22000 (10.0.22000.2124)
OS uptime: 136 days 23:17 hours

CPU: total 2 (initial active 2) (2 cores per cpu, 1 threads per core) family 6 model 122 stepping 1 microcode 0x34, cx8, cmov, fxsr, mmx, 3dnowpref, sse, sse2, sse3, ssse3, sse4.1, sse4.2, popcnt, tsc, tscinvbit, aes, erms, clmul, sha, clflush, clflushopt
Processor Information for all 2 processors :
  Max Mhz: 1101, Current Mhz: 1101, Mhz Limit: 1101

Memory: 4k page, system-wide physical 3902M (302M free)
TotalPageFile size 11088M (AvailPageFile size 3M)
current process WorkingSet (physical memory assigned to process): 346M, peak: 350M
current process commit charge ("private bytes"): 405M, peak: 414M

vm_info: OpenJDK 64-Bit Server VM (17.0.10+7) for windows-amd64 JRE (17.0.10+7), built on Jan 16 2024 23:25:11 by "admin" with MS VC++ 16.10 / 16.11 (VS2019)

END.
