#
# There is insufficient memory for the Java Runtime Environment to continue.
# Native memory allocation (mmap) failed to map 10485760 bytes for G1 virtual space
# Possible reasons:
#   The system is out of physical RAM or swap space
#   The process is running with CompressedOops enabled, and the Java Heap may be blocking the growth of the native heap
# Possible solutions:
#   Reduce memory load on the system
#   Increase physical memory or swap space
#   Check if swap backing store is full
#   Decrease Java heap size (-Xmx/-Xms)
#   Decrease number of Java threads
#   Decrease Java thread stack sizes (-Xss)
#   Set larger code cache with -XX:ReservedCodeCacheSize=
#   JVM is running with Unscaled Compressed Oops mode in which the Java heap is
#     placed in the first 4GB address space. The Java Heap base address is the
#     maximum limit for the native heap growth. Please use -XX:HeapBaseMinAddress
#     to set the Java Heap base and to place the Java Heap above 4GB virtual address.
# This output file may be truncated or incomplete.
#
#  Out of Memory Error (os_windows.cpp:3550), pid=17448, tid=6176
#
# JRE version: Java(TM) SE Runtime Environment (17.0.8+9) (build 17.0.8+9-LTS-211)
# Java VM: Java HotSpot(TM) 64-Bit Server VM (17.0.8+9-LTS-211, mixed mode, sharing, tiered, compressed oops, compressed class ptrs, g1 gc, windows-amd64)
# No core dump will be written. Minidumps are not enabled by default on client versions of Windows
#

---------------  S U M M A R Y ------------

Command Line: -XX:+ShowCodeDetailsInExceptionMessages --module-path=C:\a\aaa\SD\Projeto-Int-Programacao-II\controlador-dos-modulos\RU\target\classes;C:\Users\mirel\.m2\repository\org\json\json\20210307\json-20210307.jar;C:\Users\mirel\.m2\repository\org\openjfx\javafx-controls\17.0.1\javafx-controls-17.0.1-win.jar;C:\Users\mirel\.m2\repository\org\openjfx\javafx-graphics\17.0.1\javafx-graphics-17.0.1-win.jar;C:\Users\mirel\.m2\repository\org\openjfx\javafx-base\17.0.1\javafx-base-17.0.1-win.jar;C:\Users\mirel\.m2\repository\org\openjfx\javafx-fxml\17.0.1\javafx-fxml-17.0.1-win.jar;C:\Users\mirel\.m2\repository\org\openjfx\javafx-web\17.0.1\javafx-web-17.0.1-win.jar;C:\Users\mirel\.m2\repository\org\openjfx\javafx-media\17.0.1\javafx-media-17.0.1-win.jar;C:\Users\mirel\.m2\repository\org\controlsfx\controlsfx\11.1.1\controlsfx-11.1.1.jar;C:\Users\mirel\.m2\repository\com\dlsc\formsfx\formsfx-core\11.3.2\formsfx-core-11.3.2.jar;C:\Users\mirel\.m2\repository\org\kordamp\ikonli\ikonli-javafx\12.3.0\ikonli-javafx-12.3.0.jar;C:\Users\mirel\.m2\repository\org\kordamp\ikonli\ikonli-core\12.3.0\ikonli-core-12.3.0.jar;C:\Users\mirel\.m2\repository\org\kordamp\bootstrapfx\bootstrapfx-core\0.4.0\bootstrapfx-core-0.4.0.jar;C:\Users\mirel\.m2\repository\eu\hansolo\tilesfx\11.48\tilesfx-11.48.jar;C:\Users\mirel\.m2\repository\com\github\almasb\fxgl\17\fxgl-17.jar;C:\Users\mirel\.m2\repository\com\github\almasb\fxgl-core\17\fxgl-core-17.jar;C:\Users\mirel\.m2\repository\com\gluonhq\attach\audio\4.0.9\audio-4.0.9.jar;C:\Users\mirel\.m2\repository\com\github\almasb\fxgl-io\17\fxgl-io-17.jar;C:\Users\mirel\.m2\repository\com\gluonhq\attach\storage\4.0.9\storage-4.0.9.jar;C:\Users\mirel\.m2\repository\com\gluonhq\attach\util\4.0.9\util-4.0.9.jar;C:\Users\mirel\.m2\repository\com\github\almasb\fxgl-entity\17\fxgl-entity-17.jar;C:\Users\mirel\.m2\repository\com\github\almasb\fxgl-scene\17\fxgl-scene-17.jar;C:\Users\mirel\.m2\repository\com\github\almasb\fxgl-gameplay\17\fxgl-gameplay-17.jar;C:\Users\mirel\.m2\repository\com\fasterxml\jacks-Djdk.module.main=app app/app.Aplicativo

Host: Intel(R) Celeron(R) N4000 CPU @ 1.10GHz, 2 cores, 3G,  Windows 11 , 64 bit Build 22000 (10.0.22000.2124)
Time: Fri Mar  1 10:19:17 2024 Hora Padrão de Buenos Aires elapsed time: 101.450372 seconds (0d 0h 1m 41s)

---------------  T H R E A D  ---------------

Current thread (0x0000025878a8ade0):  VMThread "VM Thread" [stack: 0x000000626bb00000,0x000000626bc00000] [id=6176]

Stack: [0x000000626bb00000,0x000000626bc00000]
Native frames: (J=compiled Java code, j=interpreted, Vv=VM code, C=native code)
V  [jvm.dll+0x677d0a]
V  [jvm.dll+0x7d8c54]
V  [jvm.dll+0x7da3fe]
V  [jvm.dll+0x7daa63]
V  [jvm.dll+0x245c5f]
V  [jvm.dll+0x674bb9]
V  [jvm.dll+0x6694f2]
V  [jvm.dll+0x3031d6]
V  [jvm.dll+0x30a756]
V  [jvm.dll+0x359f9e]
V  [jvm.dll+0x35a1cf]
V  [jvm.dll+0x2da3e8]
V  [jvm.dll+0x2dd486]
V  [jvm.dll+0x2e7c88]
V  [jvm.dll+0x31b6e0]
V  [jvm.dll+0x7df26b]
V  [jvm.dll+0x7dffa4]
V  [jvm.dll+0x7e04bd]
V  [jvm.dll+0x7e0894]
V  [jvm.dll+0x7e0960]
V  [jvm.dll+0x788bba]
V  [jvm.dll+0x676b35]
C  [ucrtbase.dll+0x26c0c]
C  [KERNEL32.DLL+0x155a0]
C  [ntdll.dll+0x485b]

VM_Operation (0x000000626b7ff900): G1Concurrent, mode: safepoint, requested by thread 0x000002585deab870


---------------  P R O C E S S  ---------------

Threads class SMR info:
_java_thread_list=0x000002587d0b4a50, length=21, elements={
0x000002585de60c30, 0x0000025878a8e870, 0x0000025878a91430, 0x0000025878aa6dd0,
0x0000025878aa88a0, 0x0000025878aab170, 0x0000025878aaba30, 0x0000025878aac620,
0x0000025878abb900, 0x0000025878abc200, 0x0000025878b8f930, 0x000002587d233cb0,
0x000002587d34dc20, 0x000002587d83a850, 0x000002587d7d6c20, 0x000002587da2cb20,
0x000002587d9e3c50, 0x0000025843494900, 0x000002584365eb80, 0x000002587d2a3a30,
0x000002587d2a1880
}

Java Threads: ( => current thread )
  0x000002585de60c30 JavaThread "main" [_thread_blocked, id=8852, stack(0x000000626b500000,0x000000626b600000)]
  0x0000025878a8e870 JavaThread "Reference Handler" daemon [_thread_blocked, id=8652, stack(0x000000626bc00000,0x000000626bd00000)]
  0x0000025878a91430 JavaThread "Finalizer" daemon [_thread_blocked, id=10324, stack(0x000000626bd00000,0x000000626be00000)]
  0x0000025878aa6dd0 JavaThread "Signal Dispatcher" daemon [_thread_blocked, id=13576, stack(0x000000626be00000,0x000000626bf00000)]
  0x0000025878aa88a0 JavaThread "Attach Listener" daemon [_thread_blocked, id=5952, stack(0x000000626bf00000,0x000000626c000000)]
  0x0000025878aab170 JavaThread "Service Thread" daemon [_thread_blocked, id=14808, stack(0x000000626c000000,0x000000626c100000)]
  0x0000025878aaba30 JavaThread "Monitor Deflation Thread" daemon [_thread_blocked, id=15260, stack(0x000000626c100000,0x000000626c200000)]
  0x0000025878aac620 JavaThread "C2 CompilerThread0" daemon [_thread_blocked, id=4912, stack(0x000000626c200000,0x000000626c300000)]
  0x0000025878abb900 JavaThread "C1 CompilerThread0" daemon [_thread_blocked, id=15580, stack(0x000000626c300000,0x000000626c400000)]
  0x0000025878abc200 JavaThread "Sweeper thread" daemon [_thread_blocked, id=308, stack(0x000000626c400000,0x000000626c500000)]
  0x0000025878b8f930 JavaThread "Common-Cleaner" daemon [_thread_blocked, id=18128, stack(0x000000626c500000,0x000000626c600000)]
  0x000002587d233cb0 JavaThread "Notification Thread" daemon [_thread_blocked, id=11164, stack(0x000000626c700000,0x000000626c800000)]
  0x000002587d34dc20 JavaThread "QuantumRenderer-0" daemon [_thread_blocked, id=10988, stack(0x000000626c900000,0x000000626ca00000)]
  0x000002587d83a850 JavaThread "InvokeLaterDispatcher" daemon [_thread_blocked, id=16096, stack(0x000000626ca00000,0x000000626cb00000)]
  0x000002587d7d6c20 JavaThread "JavaFX Application Thread" [_thread_blocked, id=17524, stack(0x000000626cb00000,0x000000626cc00000)]
  0x000002587da2cb20 JavaThread "Thread-1" daemon [_thread_blocked, id=13196, stack(0x000000626ce00000,0x000000626cf00000)]
  0x000002587d9e3c50 JavaThread "JavaFX-Launcher" [_thread_blocked, id=10328, stack(0x000000626cf00000,0x000000626d000000)]
  0x0000025843494900 JavaThread "Prism Font Disposer" daemon [_thread_blocked, id=2544, stack(0x000000626d300000,0x000000626d400000)]
  0x000002584365eb80 JavaThread "Cleaner-0" daemon [_thread_blocked, id=17260, stack(0x000000626d400000,0x000000626d500000)]
  0x000002587d2a3a30 JavaThread "HttpClient-3-SelectorManager" daemon [_thread_blocked, id=14112, stack(0x000000626d500000,0x000000626d600000)]
  0x000002587d2a1880 JavaThread "HttpClient-4-SelectorManager" daemon [_thread_in_native, id=14276, stack(0x000000626da00000,0x000000626db00000)]

Other Threads:
=>0x0000025878a8ade0 VMThread "VM Thread" [stack: 0x000000626bb00000,0x000000626bc00000] [id=6176]
  0x000002587d130500 WatcherThread [stack: 0x000000626c800000,0x000000626c900000] [id=1368]
  0x000002585dea2630 GCTaskThread "GC Thread#0" [stack: 0x000000626b600000,0x000000626b700000] [id=10188]
  0x000002587d08f9f0 GCTaskThread "GC Thread#1" [stack: 0x000000626c600000,0x000000626c700000] [id=8060]
  0x000002585deab870 ConcurrentGCThread "G1 Main Marker" [stack: 0x000000626b700000,0x000000626b800000] [id=11360]
  0x000002585deac3e0 ConcurrentGCThread "G1 Conc#0" [stack: 0x000000626b800000,0x000000626b900000] [id=10732]
  0x000002585dee6bc0 ConcurrentGCThread "G1 Refine#0" [stack: 0x000000626b900000,0x000000626ba00000] [id=15376]
  0x000002585dee75e0 ConcurrentGCThread "G1 Service" [stack: 0x000000626ba00000,0x000000626bb00000] [id=15768]

Threads with active compile tasks:

VM state: at safepoint (normal execution)

VM Mutex/Monitor currently owned by a thread:  ([mutex/lock_event])
[0x000002585de5af40] Threads_lock - owner thread: 0x0000025878a8ade0
[0x000002585de5c890] Heap_lock - owner thread: 0x000002585deab870

Heap address: 0x00000000c3000000, size: 976 MB, Compressed Oops mode: 32-bit

CDS archive(s) mapped at: [0x0000025800000000-0x0000025800bd0000-0x0000025800bd0000), size 12386304, SharedBaseAddress: 0x0000025800000000, ArchiveRelocationMode: 1.
Compressed class space mapped at: 0x0000025801000000-0x0000025841000000, reserved size: 1073741824
Narrow klass base: 0x0000025800000000, Narrow klass shift: 0, Narrow klass range: 0x100000000

GC Precious Log:
 CPUs: 2 total, 2 available
 Memory: 3902M
 Large Page Support: Disabled
 NUMA Support: Disabled
 Compressed Oops: Enabled (32-bit)
 Heap Region Size: 1M
 Heap Min Capacity: 8M
 Heap Initial Capacity: 62M
 Heap Max Capacity: 976M
 Pre-touch: Disabled
 Parallel Workers: 2
 Concurrent Workers: 1
 Concurrent Refinement Workers: 2
 Periodic GC: Disabled

Heap:
 garbage-first heap   total 158720K, used 98506K [0x00000000c3000000, 0x0000000100000000)
  region size 1024K, 3 young (3072K), 2 survivors (2048K)
 Metaspace       used 23187K, committed 23552K, reserved 1114112K
  class space    used 3112K, committed 3264K, reserved 1048576K

Heap Regions: E=young(eden), S=young(survivor), O=old, HS=humongous(starts), HC=humongous(continues), CS=collection set, F=free, OA=open archive, CA=closed archive, TAMS=top-at-mark-start (previous, next)
|   0|0x00000000c3000000, 0x00000000c3100000, 0x00000000c3100000|100%| O|  |TAMS 0x00000000c3100000, 0x00000000c3000000| Untracked 
|   1|0x00000000c3100000, 0x00000000c3200000, 0x00000000c3200000|100%| O|  |TAMS 0x00000000c3200000, 0x00000000c3100000| Updating 
|   2|0x00000000c3200000, 0x00000000c3300000, 0x00000000c3300000|100%|HS|  |TAMS 0x00000000c3300000, 0x00000000c3200000| Complete 
|   3|0x00000000c3300000, 0x00000000c3400000, 0x00000000c3400000|100%|HC|  |TAMS 0x00000000c3400000, 0x00000000c3300000| Complete 
|   4|0x00000000c3400000, 0x00000000c3500000, 0x00000000c3500000|100%|HS|  |TAMS 0x00000000c3500000, 0x00000000c3400000| Complete 
|   5|0x00000000c3500000, 0x00000000c3600000, 0x00000000c3600000|100%|HC|  |TAMS 0x00000000c3600000, 0x00000000c3500000| Complete 
|   6|0x00000000c3600000, 0x00000000c3700000, 0x00000000c3700000|100%|HC|  |TAMS 0x00000000c3700000, 0x00000000c3600000| Complete 
|   7|0x00000000c3700000, 0x00000000c3800000, 0x00000000c3800000|100%|HC|  |TAMS 0x00000000c3800000, 0x00000000c3700000| Complete 
|   8|0x00000000c3800000, 0x00000000c3900000, 0x00000000c3900000|100%|HC|  |TAMS 0x00000000c3900000, 0x00000000c3800000| Complete 
|   9|0x00000000c3900000, 0x00000000c3a00000, 0x00000000c3a00000|100%|HC|  |TAMS 0x00000000c3a00000, 0x00000000c3900000| Complete 
|  10|0x00000000c3a00000, 0x00000000c3b00000, 0x00000000c3b00000|100%|HC|  |TAMS 0x00000000c3b00000, 0x00000000c3a00000| Complete 
|  11|0x00000000c3b00000, 0x00000000c3c00000, 0x00000000c3c00000|100%|HC|  |TAMS 0x00000000c3c00000, 0x00000000c3b00000| Complete 
|  12|0x00000000c3c00000, 0x00000000c3d00000, 0x00000000c3d00000|100%|HC|  |TAMS 0x00000000c3d00000, 0x00000000c3c00000| Complete 
|  13|0x00000000c3d00000, 0x00000000c3e00000, 0x00000000c3e00000|100%|HC|  |TAMS 0x00000000c3e00000, 0x00000000c3d00000| Complete 
|  14|0x00000000c3e00000, 0x00000000c3f00000, 0x00000000c3f00000|100%|HC|  |TAMS 0x00000000c3f00000, 0x00000000c3e00000| Complete 
|  15|0x00000000c3f00000, 0x00000000c4000000, 0x00000000c4000000|100%|HC|  |TAMS 0x00000000c4000000, 0x00000000c3f00000| Complete 
|  16|0x00000000c4000000, 0x00000000c4100000, 0x00000000c4100000|100%|HC|  |TAMS 0x00000000c4100000, 0x00000000c4000000| Complete 
|  17|0x00000000c4100000, 0x00000000c4200000, 0x00000000c4200000|100%|HC|  |TAMS 0x00000000c4200000, 0x00000000c4100000| Complete 
|  18|0x00000000c4200000, 0x00000000c4300000, 0x00000000c4300000|100%|HC|  |TAMS 0x00000000c4300000, 0x00000000c4200000| Complete 
|  19|0x00000000c4300000, 0x00000000c4400000, 0x00000000c4400000|100%| O|  |TAMS 0x00000000c4400000, 0x00000000c4300000| Untracked 
|  20|0x00000000c4400000, 0x00000000c4500000, 0x00000000c4500000|100%|HS|  |TAMS 0x00000000c4500000, 0x00000000c4400000| Complete 
|  21|0x00000000c4500000, 0x00000000c4600000, 0x00000000c4600000|100%|HC|  |TAMS 0x00000000c4600000, 0x00000000c4500000| Complete 
|  22|0x00000000c4600000, 0x00000000c4700000, 0x00000000c4700000|100%|HC|  |TAMS 0x00000000c4700000, 0x00000000c4600000| Complete 
|  23|0x00000000c4700000, 0x00000000c4800000, 0x00000000c4800000|100%|HC|  |TAMS 0x00000000c4800000, 0x00000000c4700000| Complete 
|  24|0x00000000c4800000, 0x00000000c4900000, 0x00000000c4900000|100%| O|  |TAMS 0x00000000c4900000, 0x00000000c4800000| Untracked 
|  25|0x00000000c4900000, 0x00000000c4a00000, 0x00000000c4a00000|100%|HS|  |TAMS 0x00000000c4a00000, 0x00000000c4900000| Complete 
|  26|0x00000000c4a00000, 0x00000000c4b00000, 0x00000000c4b00000|100%|HC|  |TAMS 0x00000000c4b00000, 0x00000000c4a00000| Complete 
|  27|0x00000000c4b00000, 0x00000000c4c00000, 0x00000000c4c00000|100%|HC|  |TAMS 0x00000000c4c00000, 0x00000000c4b00000| Complete 
|  28|0x00000000c4c00000, 0x00000000c4d00000, 0x00000000c4d00000|100%|HC|  |TAMS 0x00000000c4d00000, 0x00000000c4c00000| Complete 
|  29|0x00000000c4d00000, 0x00000000c4e00000, 0x00000000c4e00000|100%| O|  |TAMS 0x00000000c4e00000, 0x00000000c4d00000| Untracked 
|  30|0x00000000c4e00000, 0x00000000c4f00000, 0x00000000c4f00000|100%| O|  |TAMS 0x00000000c4f00000, 0x00000000c4e00000| Untracked 
|  31|0x00000000c4f00000, 0x00000000c5000000, 0x00000000c5000000|100%| O|  |TAMS 0x00000000c5000000, 0x00000000c4f00000| Untracked 
|  32|0x00000000c5000000, 0x00000000c5100000, 0x00000000c5100000|100%| O|  |TAMS 0x00000000c5100000, 0x00000000c5000000| Untracked 
|  33|0x00000000c5100000, 0x00000000c5200000, 0x00000000c5200000|100%| O|  |TAMS 0x00000000c5200000, 0x00000000c5100000| Untracked 
|  34|0x00000000c5200000, 0x00000000c5300000, 0x00000000c5300000|100%| O|  |TAMS 0x00000000c5300000, 0x00000000c5200000| Updating 
|  35|0x00000000c5300000, 0x00000000c5400000, 0x00000000c5400000|100%|HS|  |TAMS 0x00000000c5400000, 0x00000000c5300000| Complete 
|  36|0x00000000c5400000, 0x00000000c5500000, 0x00000000c5500000|100%|HC|  |TAMS 0x00000000c5500000, 0x00000000c5400000| Complete 
|  37|0x00000000c5500000, 0x00000000c5600000, 0x00000000c5600000|100%|HC|  |TAMS 0x00000000c5600000, 0x00000000c5500000| Complete 
|  38|0x00000000c5600000, 0x00000000c5700000, 0x00000000c5700000|100%|HC|  |TAMS 0x00000000c5700000, 0x00000000c5600000| Complete 
|  39|0x00000000c5700000, 0x00000000c5800000, 0x00000000c5800000|100%|HS|  |TAMS 0x00000000c5800000, 0x00000000c5700000| Complete 
|  40|0x00000000c5800000, 0x00000000c5900000, 0x00000000c5900000|100%|HC|  |TAMS 0x00000000c5900000, 0x00000000c5800000| Complete 
|  41|0x00000000c5900000, 0x00000000c5a00000, 0x00000000c5a00000|100%|HC|  |TAMS 0x00000000c5a00000, 0x00000000c5900000| Complete 
|  42|0x00000000c5a00000, 0x00000000c5b00000, 0x00000000c5b00000|100%|HC|  |TAMS 0x00000000c5b00000, 0x00000000c5a00000| Complete 
|  43|0x00000000c5b00000, 0x00000000c5c00000, 0x00000000c5c00000|100%|HS|  |TAMS 0x00000000c5c00000, 0x00000000c5b00000| Complete 
|  44|0x00000000c5c00000, 0x00000000c5d00000, 0x00000000c5d00000|100%|HC|  |TAMS 0x00000000c5d00000, 0x00000000c5c00000| Complete 
|  45|0x00000000c5d00000, 0x00000000c5e00000, 0x00000000c5e00000|100%|HC|  |TAMS 0x00000000c5e00000, 0x00000000c5d00000| Complete 
|  46|0x00000000c5e00000, 0x00000000c5f00000, 0x00000000c5f00000|100%|HC|  |TAMS 0x00000000c5f00000, 0x00000000c5e00000| Complete 
|  47|0x00000000c5f00000, 0x00000000c6000000, 0x00000000c6000000|100%|HS|  |TAMS 0x00000000c6000000, 0x00000000c5f00000| Complete 
|  48|0x00000000c6000000, 0x00000000c6100000, 0x00000000c6100000|100%|HC|  |TAMS 0x00000000c6100000, 0x00000000c6000000| Complete 
|  49|0x00000000c6100000, 0x00000000c6200000, 0x00000000c6200000|100%|HC|  |TAMS 0x00000000c6200000, 0x00000000c6100000| Complete 
|  50|0x00000000c6200000, 0x00000000c6300000, 0x00000000c6300000|100%|HC|  |TAMS 0x00000000c6300000, 0x00000000c6200000| Complete 
|  51|0x00000000c6300000, 0x00000000c6400000, 0x00000000c6400000|100%|HS|  |TAMS 0x00000000c6400000, 0x00000000c6300000| Complete 
|  52|0x00000000c6400000, 0x00000000c6500000, 0x00000000c6500000|100%|HC|  |TAMS 0x00000000c6500000, 0x00000000c6400000| Complete 
|  53|0x00000000c6500000, 0x00000000c6600000, 0x00000000c6600000|100%|HC|  |TAMS 0x00000000c6600000, 0x00000000c6500000| Complete 
|  54|0x00000000c6600000, 0x00000000c6700000, 0x00000000c6700000|100%|HC|  |TAMS 0x00000000c6700000, 0x00000000c6600000| Complete 
|  55|0x00000000c6700000, 0x00000000c6800000, 0x00000000c6800000|100%| O|  |TAMS 0x00000000c6800000, 0x00000000c6700000| Untracked 
|  56|0x00000000c6800000, 0x00000000c681a200, 0x00000000c6900000| 10%| O|  |TAMS 0x00000000c681a200, 0x00000000c6800000| Updating 
|  57|0x00000000c6900000, 0x00000000c6a00000, 0x00000000c6a00000|100%| O|  |TAMS 0x00000000c6a00000, 0x00000000c6900000| Updating 
|  58|0x00000000c6a00000, 0x00000000c6b00000, 0x00000000c6b00000|100%|HS|  |TAMS 0x00000000c6b00000, 0x00000000c6a00000| Complete 
|  59|0x00000000c6b00000, 0x00000000c6c00000, 0x00000000c6c00000|100%|HC|  |TAMS 0x00000000c6c00000, 0x00000000c6b00000| Complete 
|  60|0x00000000c6c00000, 0x00000000c6d00000, 0x00000000c6d00000|100%|HC|  |TAMS 0x00000000c6d00000, 0x00000000c6c00000| Complete 
|  61|0x00000000c6d00000, 0x00000000c6e00000, 0x00000000c6e00000|100%|HC|  |TAMS 0x00000000c6e00000, 0x00000000c6d00000| Complete 
|  62|0x00000000c6e00000, 0x00000000c6f00000, 0x00000000c6f00000|100%|HS|  |TAMS 0x00000000c6e00000, 0x00000000c6e00000| Complete 
|  63|0x00000000c6f00000, 0x00000000c7000000, 0x00000000c7000000|100%|HC|  |TAMS 0x00000000c6f00000, 0x00000000c6f00000| Complete 
|  64|0x00000000c7000000, 0x00000000c7100000, 0x00000000c7100000|100%|HC|  |TAMS 0x00000000c7000000, 0x00000000c7000000| Complete 
|  65|0x00000000c7100000, 0x00000000c7200000, 0x00000000c7200000|100%|HC|  |TAMS 0x00000000c7100000, 0x00000000c7100000| Complete 
|  66|0x00000000c7200000, 0x00000000c7200000, 0x00000000c7300000|  0%| F|  |TAMS 0x00000000c7200000, 0x00000000c7200000| Untracked 
|  67|0x00000000c7300000, 0x00000000c7400000, 0x00000000c7400000|100%|HS|  |TAMS 0x00000000c7400000, 0x00000000c7300000| Complete 
|  68|0x00000000c7400000, 0x00000000c7500000, 0x00000000c7500000|100%|HC|  |TAMS 0x00000000c7500000, 0x00000000c7400000| Complete 
|  69|0x00000000c7500000, 0x00000000c7600000, 0x00000000c7600000|100%|HC|  |TAMS 0x00000000c7600000, 0x00000000c7500000| Complete 
|  70|0x00000000c7600000, 0x00000000c7700000, 0x00000000c7700000|100%|HC|  |TAMS 0x00000000c7700000, 0x00000000c7600000| Complete 
|  71|0x00000000c7700000, 0x00000000c7800000, 0x00000000c7800000|100%|HC|  |TAMS 0x00000000c7800000, 0x00000000c7700000| Complete 
|  72|0x00000000c7800000, 0x00000000c7900000, 0x00000000c7900000|100%|HC|  |TAMS 0x00000000c7900000, 0x00000000c7800000| Complete 
|  73|0x00000000c7900000, 0x00000000c7a00000, 0x00000000c7a00000|100%|HC|  |TAMS 0x00000000c7a00000, 0x00000000c7900000| Complete 
|  74|0x00000000c7a00000, 0x00000000c7b00000, 0x00000000c7b00000|100%|HC|  |TAMS 0x00000000c7b00000, 0x00000000c7a00000| Complete 
|  75|0x00000000c7b00000, 0x00000000c7c00000, 0x00000000c7c00000|100%|HC|  |TAMS 0x00000000c7c00000, 0x00000000c7b00000| Complete 
|  76|0x00000000c7c00000, 0x00000000c7d00000, 0x00000000c7d00000|100%|HC|  |TAMS 0x00000000c7d00000, 0x00000000c7c00000| Complete 
|  77|0x00000000c7d00000, 0x00000000c7e00000, 0x00000000c7e00000|100%|HC|  |TAMS 0x00000000c7e00000, 0x00000000c7d00000| Complete 
|  78|0x00000000c7e00000, 0x00000000c7f00000, 0x00000000c7f00000|100%|HC|  |TAMS 0x00000000c7f00000, 0x00000000c7e00000| Complete 
|  79|0x00000000c7f00000, 0x00000000c8000000, 0x00000000c8000000|100%|HC|  |TAMS 0x00000000c8000000, 0x00000000c7f00000| Complete 
|  80|0x00000000c8000000, 0x00000000c8100000, 0x00000000c8100000|100%|HC|  |TAMS 0x00000000c8100000, 0x00000000c8000000| Complete 
|  81|0x00000000c8100000, 0x00000000c8200000, 0x00000000c8200000|100%|HC|  |TAMS 0x00000000c8200000, 0x00000000c8100000| Complete 
|  82|0x00000000c8200000, 0x00000000c8300000, 0x00000000c8300000|100%|HS|  |TAMS 0x00000000c8300000, 0x00000000c8200000| Complete 
|  83|0x00000000c8300000, 0x00000000c8400000, 0x00000000c8400000|100%|HC|  |TAMS 0x00000000c8400000, 0x00000000c8300000| Complete 
|  84|0x00000000c8400000, 0x00000000c8500000, 0x00000000c8500000|100%|HC|  |TAMS 0x00000000c8500000, 0x00000000c8400000| Complete 
|  85|0x00000000c8500000, 0x00000000c8600000, 0x00000000c8600000|100%|HC|  |TAMS 0x00000000c8600000, 0x00000000c8500000| Complete 
|  86|0x00000000c8600000, 0x00000000c8700000, 0x00000000c8700000|100%|HC|  |TAMS 0x00000000c8700000, 0x00000000c8600000| Complete 
|  87|0x00000000c8700000, 0x00000000c8800000, 0x00000000c8800000|100%|HC|  |TAMS 0x00000000c8800000, 0x00000000c8700000| Complete 
|  88|0x00000000c8800000, 0x00000000c8900000, 0x00000000c8900000|100%|HC|  |TAMS 0x00000000c8900000, 0x00000000c8800000| Complete 
|  89|0x00000000c8900000, 0x00000000c8a00000, 0x00000000c8a00000|100%|HC|  |TAMS 0x00000000c8a00000, 0x00000000c8900000| Complete 
|  90|0x00000000c8a00000, 0x00000000c8b00000, 0x00000000c8b00000|100%|HC|  |TAMS 0x00000000c8b00000, 0x00000000c8a00000| Complete 
|  91|0x00000000c8b00000, 0x00000000c8c00000, 0x00000000c8c00000|100%|HC|  |TAMS 0x00000000c8c00000, 0x00000000c8b00000| Complete 
|  92|0x00000000c8c00000, 0x00000000c8d00000, 0x00000000c8d00000|100%|HC|  |TAMS 0x00000000c8d00000, 0x00000000c8c00000| Complete 
|  93|0x00000000c8d00000, 0x00000000c8e00000, 0x00000000c8e00000|100%|HC|  |TAMS 0x00000000c8e00000, 0x00000000c8d00000| Complete 
|  94|0x00000000c8e00000, 0x00000000c8f00000, 0x00000000c8f00000|100%|HC|  |TAMS 0x00000000c8f00000, 0x00000000c8e00000| Complete 
|  95|0x00000000c8f00000, 0x00000000c9000000, 0x00000000c9000000|100%|HC|  |TAMS 0x00000000c9000000, 0x00000000c8f00000| Complete 
|  96|0x00000000c9000000, 0x00000000c9100000, 0x00000000c9100000|100%|HC|  |TAMS 0x00000000c9100000, 0x00000000c9000000| Complete 
|  97|0x00000000c9100000, 0x00000000c9100000, 0x00000000c9200000|  0%| F|  |TAMS 0x00000000c9100000, 0x00000000c9100000| Untracked 
|  98|0x00000000c9200000, 0x00000000c9200000, 0x00000000c9300000|  0%| F|  |TAMS 0x00000000c9200000, 0x00000000c9200000| Untracked 
|  99|0x00000000c9300000, 0x00000000c9300000, 0x00000000c9400000|  0%| F|  |TAMS 0x00000000c9300000, 0x00000000c9300000| Untracked 
| 100|0x00000000c9400000, 0x00000000c9400000, 0x00000000c9500000|  0%| F|  |TAMS 0x00000000c9400000, 0x00000000c9400000| Untracked 
| 101|0x00000000c9500000, 0x00000000c9500000, 0x00000000c9600000|  0%| F|  |TAMS 0x00000000c9500000, 0x00000000c9500000| Untracked 
| 102|0x00000000c9600000, 0x00000000c9600000, 0x00000000c9700000|  0%| F|  |TAMS 0x00000000c9600000, 0x00000000c9600000| Untracked 
| 103|0x00000000c9700000, 0x00000000c9700000, 0x00000000c9800000|  0%| F|  |TAMS 0x00000000c9700000, 0x00000000c9700000| Untracked 
| 104|0x00000000c9800000, 0x00000000c9800000, 0x00000000c9900000|  0%| F|  |TAMS 0x00000000c9800000, 0x00000000c9800000| Untracked 
| 105|0x00000000c9900000, 0x00000000c9900000, 0x00000000c9a00000|  0%| F|  |TAMS 0x00000000c9900000, 0x00000000c9900000| Untracked 
| 106|0x00000000c9a00000, 0x00000000c9a00000, 0x00000000c9b00000|  0%| F|  |TAMS 0x00000000c9a00000, 0x00000000c9a00000| Untracked 
| 107|0x00000000c9b00000, 0x00000000c9b00000, 0x00000000c9c00000|  0%| F|  |TAMS 0x00000000c9b00000, 0x00000000c9b00000| Untracked 
| 108|0x00000000c9c00000, 0x00000000c9c00000, 0x00000000c9d00000|  0%| F|  |TAMS 0x00000000c9c00000, 0x00000000c9c00000| Untracked 
| 109|0x00000000c9d00000, 0x00000000c9d00000, 0x00000000c9e00000|  0%| F|  |TAMS 0x00000000c9d00000, 0x00000000c9d00000| Untracked 
| 110|0x00000000c9e00000, 0x00000000c9e00000, 0x00000000c9f00000|  0%| F|  |TAMS 0x00000000c9e00000, 0x00000000c9e00000| Untracked 
| 111|0x00000000c9f00000, 0x00000000c9f00000, 0x00000000ca000000|  0%| F|  |TAMS 0x00000000c9f00000, 0x00000000c9f00000| Untracked 
| 112|0x00000000ca000000, 0x00000000ca000000, 0x00000000ca100000|  0%| F|  |TAMS 0x00000000ca000000, 0x00000000ca000000| Untracked 
| 113|0x00000000ca100000, 0x00000000ca100000, 0x00000000ca200000|  0%| F|  |TAMS 0x00000000ca100000, 0x00000000ca100000| Untracked 
| 114|0x00000000ca200000, 0x00000000ca200000, 0x00000000ca300000|  0%| F|  |TAMS 0x00000000ca200000, 0x00000000ca200000| Untracked 
| 115|0x00000000ca300000, 0x00000000ca300000, 0x00000000ca400000|  0%| F|  |TAMS 0x00000000ca300000, 0x00000000ca300000| Untracked 
| 116|0x00000000ca400000, 0x00000000ca400000, 0x00000000ca500000|  0%| F|  |TAMS 0x00000000ca400000, 0x00000000ca400000| Untracked 
| 117|0x00000000ca500000, 0x00000000ca500000, 0x00000000ca600000|  0%| F|  |TAMS 0x00000000ca500000, 0x00000000ca500000| Untracked 
| 118|0x00000000ca600000, 0x00000000ca600000, 0x00000000ca700000|  0%| F|  |TAMS 0x00000000ca600000, 0x00000000ca600000| Untracked 
| 119|0x00000000ca700000, 0x00000000ca700000, 0x00000000ca800000|  0%| F|  |TAMS 0x00000000ca700000, 0x00000000ca700000| Untracked 
| 120|0x00000000ca800000, 0x00000000ca800000, 0x00000000ca900000|  0%| F|  |TAMS 0x00000000ca800000, 0x00000000ca800000| Untracked 
| 121|0x00000000ca900000, 0x00000000ca900000, 0x00000000caa00000|  0%| F|  |TAMS 0x00000000ca900000, 0x00000000ca900000| Untracked 
| 122|0x00000000caa00000, 0x00000000caa00000, 0x00000000cab00000|  0%| F|  |TAMS 0x00000000caa00000, 0x00000000caa00000| Untracked 
| 123|0x00000000cab00000, 0x00000000cab00000, 0x00000000cac00000|  0%| F|  |TAMS 0x00000000cab00000, 0x00000000cab00000| Untracked 
| 124|0x00000000cac00000, 0x00000000cac00000, 0x00000000cad00000|  0%| F|  |TAMS 0x00000000cac00000, 0x00000000cac00000| Untracked 
| 125|0x00000000cad00000, 0x00000000cad00000, 0x00000000cae00000|  0%| F|  |TAMS 0x00000000cad00000, 0x00000000cad00000| Untracked 
| 126|0x00000000cae00000, 0x00000000cae00000, 0x00000000caf00000|  0%| F|  |TAMS 0x00000000cae00000, 0x00000000cae00000| Untracked 
| 127|0x00000000caf00000, 0x00000000caf00000, 0x00000000cb000000|  0%| F|  |TAMS 0x00000000caf00000, 0x00000000caf00000| Untracked 
| 128|0x00000000cb000000, 0x00000000cb000000, 0x00000000cb100000|  0%| F|  |TAMS 0x00000000cb000000, 0x00000000cb000000| Untracked 
| 129|0x00000000cb100000, 0x00000000cb100000, 0x00000000cb200000|  0%| F|  |TAMS 0x00000000cb100000, 0x00000000cb100000| Untracked 
| 130|0x00000000cb200000, 0x00000000cb200000, 0x00000000cb300000|  0%| F|  |TAMS 0x00000000cb200000, 0x00000000cb200000| Untracked 
| 131|0x00000000cb300000, 0x00000000cb300000, 0x00000000cb400000|  0%| F|  |TAMS 0x00000000cb300000, 0x00000000cb300000| Untracked 
| 132|0x00000000cb400000, 0x00000000cb400000, 0x00000000cb500000|  0%| F|  |TAMS 0x00000000cb400000, 0x00000000cb400000| Untracked 
| 133|0x00000000cb500000, 0x00000000cb500000, 0x00000000cb600000|  0%| F|  |TAMS 0x00000000cb500000, 0x00000000cb500000| Untracked 
| 134|0x00000000cb600000, 0x00000000cb600000, 0x00000000cb700000|  0%| F|  |TAMS 0x00000000cb600000, 0x00000000cb600000| Untracked 
| 135|0x00000000cb700000, 0x00000000cb700000, 0x00000000cb800000|  0%| F|  |TAMS 0x00000000cb700000, 0x00000000cb700000| Untracked 
| 136|0x00000000cb800000, 0x00000000cb800000, 0x00000000cb900000|  0%| F|  |TAMS 0x00000000cb800000, 0x00000000cb800000| Untracked 
| 137|0x00000000cb900000, 0x00000000cb900000, 0x00000000cba00000|  0%| F|  |TAMS 0x00000000cb900000, 0x00000000cb900000| Untracked 
| 138|0x00000000cba00000, 0x00000000cba00000, 0x00000000cbb00000|  0%| F|  |TAMS 0x00000000cba00000, 0x00000000cba00000| Untracked 
| 139|0x00000000cbb00000, 0x00000000cbb00000, 0x00000000cbc00000|  0%| F|  |TAMS 0x00000000cbb00000, 0x00000000cbb00000| Untracked 
| 140|0x00000000cbc00000, 0x00000000cbc00000, 0x00000000cbd00000|  0%| F|  |TAMS 0x00000000cbc00000, 0x00000000cbc00000| Untracked 
| 141|0x00000000cbd00000, 0x00000000cbd00000, 0x00000000cbe00000|  0%| F|  |TAMS 0x00000000cbd00000, 0x00000000cbd00000| Untracked 
| 142|0x00000000cbe00000, 0x00000000cbe00000, 0x00000000cbf00000|  0%| F|  |TAMS 0x00000000cbe00000, 0x00000000cbe00000| Untracked 
| 143|0x00000000cbf00000, 0x00000000cbf00000, 0x00000000cc000000|  0%| F|  |TAMS 0x00000000cbf00000, 0x00000000cbf00000| Untracked 
| 144|0x00000000cc000000, 0x00000000cc000000, 0x00000000cc100000|  0%| F|  |TAMS 0x00000000cc000000, 0x00000000cc000000| Untracked 
| 145|0x00000000cc100000, 0x00000000cc100000, 0x00000000cc200000|  0%| F|  |TAMS 0x00000000cc100000, 0x00000000cc100000| Untracked 
| 146|0x00000000cc200000, 0x00000000cc200000, 0x00000000cc300000|  0%| F|  |TAMS 0x00000000cc200000, 0x00000000cc200000| Untracked 
| 147|0x00000000cc300000, 0x00000000cc300000, 0x00000000cc400000|  0%| F|  |TAMS 0x00000000cc300000, 0x00000000cc300000| Untracked 
| 148|0x00000000cc400000, 0x00000000cc400000, 0x00000000cc500000|  0%| F|  |TAMS 0x00000000cc400000, 0x00000000cc400000| Untracked 
| 149|0x00000000cc500000, 0x00000000cc500000, 0x00000000cc600000|  0%| F|  |TAMS 0x00000000cc500000, 0x00000000cc500000| Untracked 
| 150|0x00000000cc600000, 0x00000000cc600000, 0x00000000cc700000|  0%| F|  |TAMS 0x00000000cc600000, 0x00000000cc600000| Untracked 
| 151|0x00000000cc700000, 0x00000000cc700000, 0x00000000cc800000|  0%| F|  |TAMS 0x00000000cc700000, 0x00000000cc700000| Untracked 
| 152|0x00000000cc800000, 0x00000000cc818718, 0x00000000cc900000|  9%| S|CS|TAMS 0x00000000cc800000, 0x00000000cc800000| Complete 
| 153|0x00000000cc900000, 0x00000000cca00000, 0x00000000cca00000|100%| S|CS|TAMS 0x00000000cc900000, 0x00000000cc900000| Complete 
| 154|0x00000000cca00000, 0x00000000cca80000, 0x00000000ccb00000| 50%| E|  |TAMS 0x00000000cca00000, 0x00000000cca00000| Complete 

Card table byte_map: [0x000002585dc30000,0x000002585de20000] _byte_map_base: 0x000002585d618000

Marking Bits (Prev, Next): (CMBitMap*) 0x000002585dea2c80, (CMBitMap*) 0x000002585dea2c40
 Prev Bits: [0x0000025875840000, 0x0000025876780000)
 Next Bits: [0x0000025874900000, 0x0000025875840000)

Polling page: 0x000002585bdf0000

Metaspace:

Usage:
  Non-class:     19.60 MB used.
      Class:      3.04 MB used.
       Both:     22.64 MB used.

Virtual space:
  Non-class space:       64.00 MB reserved,      19.81 MB ( 31%) committed,  1 nodes.
      Class space:        1.00 GB reserved,       3.19 MB ( <1%) committed,  1 nodes.
             Both:        1.06 GB reserved,      23.00 MB (  2%) committed. 

Chunk freelists:
   Non-Class:  11.99 MB
       Class:  12.73 MB
        Both:  24.73 MB

MaxMetaspaceSize: unlimited
CompressedClassSpaceSize: 1.00 GB
Initial GC threshold: 21.00 MB
Current GC threshold: 38.25 MB
CDS: on
MetaspaceReclaimPolicy: balanced
 - commit_granule_bytes: 65536.
 - commit_granule_words: 8192.
 - virtual_space_node_default_size: 8388608.
 - enlarge_chunks_in_place: 1.
 - new_chunks_are_fully_committed: 0.
 - uncommit_free_chunks: 1.
 - use_allocation_guard: 0.
 - handle_deallocations: 1.


Internal statistics:

num_allocs_failed_limit: 0.
num_arena_births: 320.
num_arena_deaths: 0.
num_vsnodes_births: 2.
num_vsnodes_deaths: 0.
num_space_committed: 368.
num_space_uncommitted: 0.
num_chunks_returned_to_freelist: 0.
num_chunks_taken_from_freelist: 1020.
num_chunk_merges: 0.
num_chunk_splits: 675.
num_chunks_enlarged: 502.
num_purges: 0.
num_inconsistent_stats: 0.

CodeHeap 'non-profiled nmethods': size=120064Kb used=1888Kb max_used=1888Kb free=118175Kb
 bounds [0x000002586d1d0000, 0x000002586d440000, 0x0000025874710000]
CodeHeap 'profiled nmethods': size=120000Kb used=9416Kb max_used=9416Kb free=110583Kb
 bounds [0x0000025865710000, 0x0000025866050000, 0x000002586cc40000]
CodeHeap 'non-nmethods': size=5696Kb used=1469Kb max_used=1505Kb free=4226Kb
 bounds [0x000002586cc40000, 0x000002586ceb0000, 0x000002586d1d0000]
 total_blobs=5238 nmethods=4398 adapters=752
 compilation: enabled
              stopped_count=0, restarted_count=0
 full_count=0

Compilation events (20 events):
Event: 100.988 Thread 0x0000025878aac620 4390       4       com.sun.javafx.iio.png.PNGIDATChunkInputStream::read (128 bytes)
Event: 100.995 Thread 0x0000025878aac620 nmethod 4390 0x000002586d3a7390 code [0x000002586d3a7560, 0x000002586d3a79e8]
Event: 101.184 Thread 0x0000025878abb900 4391       3       com.sun.org.apache.xerces.internal.impl.XMLEntityScanner::scanContent (295 bytes)
Event: 101.186 Thread 0x0000025878abb900 nmethod 4391 0x0000025866036b90 code [0x0000025866036de0, 0x00000258660377e8]
Event: 101.191 Thread 0x0000025878abb900 4392       3       javafx.fxml.FXMLLoader::processCharacters (20 bytes)
Event: 101.193 Thread 0x0000025878abb900 nmethod 4392 0x0000025866037b90 code [0x0000025866037d40, 0x0000025866038018]
Event: 101.193 Thread 0x0000025878abb900 4393       3       javax.xml.stream.util.StreamReaderDelegate::isWhiteSpace (10 bytes)
Event: 101.193 Thread 0x0000025878abb900 nmethod 4393 0x0000025866038110 code [0x00000258660382c0, 0x0000025866038488]
Event: 101.194 Thread 0x0000025878abb900 4394       3       javafx.beans.property.StringPropertyBase::<init> (30 bytes)
Event: 101.195 Thread 0x0000025878abb900 nmethod 4394 0x0000025866038590 code [0x0000025866038740, 0x0000025866038ab8]
Event: 101.196 Thread 0x0000025878abb900 4395       3       javafx.scene.Parent$2::onChanged (729 bytes)
Event: 101.206 Thread 0x0000025878abb900 nmethod 4395 0x0000025866038c10 code [0x0000025866039420, 0x000002586603f3c8]
Event: 101.207 Thread 0x0000025878abb900 4397       3       com.sun.org.apache.xerces.internal.util.XMLAttributesImpl::checkDuplicatesNS (110 bytes)
Event: 101.208 Thread 0x0000025878abb900 nmethod 4397 0x0000025866040f10 code [0x00000258660410e0, 0x0000025866041508]
Event: 101.208 Thread 0x0000025878abb900 4396       3       javafx.scene.Node$4::onChanged (8 bytes)
Event: 101.208 Thread 0x0000025878abb900 nmethod 4396 0x0000025866041710 code [0x00000258660418c0, 0x0000025866041a08]
Event: 101.224 Thread 0x0000025878aac620 4398       4       jdk.internal.reflect.ClassFileAssembler::emitByte (11 bytes)
Event: 101.227 Thread 0x0000025878aac620 nmethod 4398 0x000002586d3a7e10 code [0x000002586d3a7fa0, 0x000002586d3a80e8]
Event: 101.332 Thread 0x0000025878abb900 4399       3       java.util.LinkedList$ListItr::<init> (47 bytes)
Event: 101.333 Thread 0x0000025878abb900 nmethod 4399 0x0000025866041b10 code [0x0000025866041cc0, 0x0000025866041fa8]

GC Heap History (20 events):
Event: 4.390 GC heap before
{Heap before GC invocations=2 (full 0):
 garbage-first heap   total 63488K, used 37399K [0x00000000c3000000, 0x0000000100000000)
  region size 1024K, 37 young (37888K), 1 survivors (1024K)
 Metaspace       used 11617K, committed 11776K, reserved 1114112K
  class space    used 1638K, committed 1728K, reserved 1048576K
}
Event: 4.405 GC heap after
{Heap after GC invocations=3 (full 0):
 garbage-first heap   total 63488K, used 6269K [0x00000000c3000000, 0x0000000100000000)
  region size 1024K, 5 young (5120K), 5 survivors (5120K)
 Metaspace       used 11617K, committed 11776K, reserved 1114112K
  class space    used 1638K, committed 1728K, reserved 1048576K
}
Event: 18.432 GC heap before
{Heap before GC invocations=3 (full 0):
 garbage-first heap   total 63488K, used 49277K [0x00000000c3000000, 0x0000000100000000)
  region size 1024K, 27 young (27648K), 5 survivors (5120K)
 Metaspace       used 20483K, committed 20736K, reserved 1114112K
  class space    used 2765K, committed 2880K, reserved 1048576K
}
Event: 18.450 GC heap after
{Heap after GC invocations=4 (full 0):
 garbage-first heap   total 63488K, used 31645K [0x00000000c3000000, 0x0000000100000000)
  region size 1024K, 4 young (4096K), 4 survivors (4096K)
 Metaspace       used 20483K, committed 20736K, reserved 1114112K
  class space    used 2765K, committed 2880K, reserved 1048576K
}
Event: 18.551 GC heap before
{Heap before GC invocations=4 (full 0):
 garbage-first heap   total 63488K, used 35741K [0x00000000c3000000, 0x0000000100000000)
  region size 1024K, 5 young (5120K), 4 survivors (4096K)
 Metaspace       used 20486K, committed 20736K, reserved 1114112K
  class space    used 2765K, committed 2880K, reserved 1048576K
}
Event: 18.558 GC heap after
{Heap after GC invocations=5 (full 0):
 garbage-first heap   total 63488K, used 36417K [0x00000000c3000000, 0x0000000100000000)
  region size 1024K, 1 young (1024K), 1 survivors (1024K)
 Metaspace       used 20486K, committed 20736K, reserved 1114112K
  class space    used 2765K, committed 2880K, reserved 1048576K
}
Event: 23.191 GC heap before
{Heap before GC invocations=6 (full 0):
 garbage-first heap   total 83968K, used 79425K [0x00000000c3000000, 0x0000000100000000)
  region size 1024K, 10 young (10240K), 1 survivors (1024K)
 Metaspace       used 21243K, committed 21568K, reserved 1114112K
  class space    used 2860K, committed 3008K, reserved 1048576K
}
Event: 23.196 GC heap after
{Heap after GC invocations=7 (full 0):
 garbage-first heap   total 83968K, used 72524K [0x00000000c3000000, 0x0000000100000000)
  region size 1024K, 1 young (1024K), 1 survivors (1024K)
 Metaspace       used 21243K, committed 21568K, reserved 1114112K
  class space    used 2860K, committed 3008K, reserved 1048576K
}
Event: 23.802 GC heap before
{Heap before GC invocations=7 (full 0):
 garbage-first heap   total 83968K, used 75596K [0x00000000c3000000, 0x0000000100000000)
  region size 1024K, 4 young (4096K), 1 survivors (1024K)
 Metaspace       used 21382K, committed 21696K, reserved 1114112K
  class space    used 2879K, committed 3008K, reserved 1048576K
}
Event: 23.809 GC heap after
{Heap after GC invocations=8 (full 0):
 garbage-first heap   total 83968K, used 72799K [0x00000000c3000000, 0x0000000100000000)
  region size 1024K, 1 young (1024K), 1 survivors (1024K)
 Metaspace       used 21382K, committed 21696K, reserved 1114112K
  class space    used 2879K, committed 3008K, reserved 1048576K
}
Event: 24.179 GC heap before
{Heap before GC invocations=8 (full 0):
 garbage-first heap   total 83968K, used 75871K [0x00000000c3000000, 0x0000000100000000)
  region size 1024K, 4 young (4096K), 1 survivors (1024K)
 Metaspace       used 21846K, committed 22144K, reserved 1114112K
  class space    used 2962K, committed 3136K, reserved 1048576K
}
Event: 24.183 GC heap after
{Heap after GC invocations=9 (full 0):
 garbage-first heap   total 83968K, used 73495K [0x00000000c3000000, 0x0000000100000000)
  region size 1024K, 1 young (1024K), 1 survivors (1024K)
 Metaspace       used 21846K, committed 22144K, reserved 1114112K
  class space    used 2962K, committed 3136K, reserved 1048576K
}
Event: 27.442 GC heap before
{Heap before GC invocations=10 (full 0):
 garbage-first heap   total 124928K, used 78615K [0x00000000c3000000, 0x0000000100000000)
  region size 1024K, 6 young (6144K), 1 survivors (1024K)
 Metaspace       used 22955K, committed 23232K, reserved 1114112K
  class space    used 3110K, committed 3264K, reserved 1048576K
}
Event: 27.457 GC heap after
{Heap after GC invocations=11 (full 0):
 garbage-first heap   total 124928K, used 74856K [0x00000000c3000000, 0x0000000100000000)
  region size 1024K, 1 young (1024K), 1 survivors (1024K)
 Metaspace       used 22955K, committed 23232K, reserved 1114112K
  class space    used 3110K, committed 3264K, reserved 1048576K
}
Event: 100.817 GC heap before
{Heap before GC invocations=11 (full 0):
 garbage-first heap   total 124928K, used 76904K [0x00000000c3000000, 0x0000000100000000)
  region size 1024K, 4 young (4096K), 1 survivors (1024K)
 Metaspace       used 23171K, committed 23488K, reserved 1114112K
  class space    used 3111K, committed 3264K, reserved 1048576K
}
Event: 100.863 GC heap after
{Heap after GC invocations=12 (full 0):
 garbage-first heap   total 124928K, used 75033K [0x00000000c3000000, 0x0000000100000000)
  region size 1024K, 2 young (2048K), 2 survivors (2048K)
 Metaspace       used 23171K, committed 23488K, reserved 1114112K
  class space    used 3111K, committed 3264K, reserved 1048576K
}
Event: 101.231 GC heap before
{Heap before GC invocations=13 (full 0):
 garbage-first heap   total 155648K, used 90393K [0x00000000c3000000, 0x0000000100000000)
  region size 1024K, 3 young (3072K), 2 survivors (2048K)
 Metaspace       used 23186K, committed 23552K, reserved 1114112K
  class space    used 3112K, committed 3264K, reserved 1048576K
}
Event: 101.236 GC heap after
{Heap after GC invocations=14 (full 0):
 garbage-first heap   total 155648K, used 90216K [0x00000000c3000000, 0x0000000100000000)
  region size 1024K, 1 young (1024K), 1 survivors (1024K)
 Metaspace       used 23186K, committed 23552K, reserved 1114112K
  class space    used 3112K, committed 3264K, reserved 1048576K
}
Event: 101.336 GC heap before
{Heap before GC invocations=15 (full 0):
 garbage-first heap   total 158720K, used 94312K [0x00000000c3000000, 0x0000000100000000)
  region size 1024K, 2 young (2048K), 1 survivors (1024K)
 Metaspace       used 23187K, committed 23552K, reserved 1114112K
  class space    used 3112K, committed 3264K, reserved 1048576K
}
Event: 101.339 GC heap after
{Heap after GC invocations=16 (full 0):
 garbage-first heap   total 158720K, used 94410K [0x00000000c3000000, 0x0000000100000000)
  region size 1024K, 2 young (2048K), 2 survivors (2048K)
 Metaspace       used 23187K, committed 23552K, reserved 1114112K
  class space    used 3112K, committed 3264K, reserved 1048576K
}

Deoptimization events (20 events):
Event: 27.537 Thread 0x000002587d7d6c20 DEOPT PACKING pc=0x000002586d33c578 sp=0x000000626cbfe130
Event: 27.537 Thread 0x000002587d7d6c20 DEOPT UNPACKING pc=0x000002586cc9239d sp=0x000000626cbfe060 mode 2
Event: 29.536 Thread 0x000002587d7d6c20 Uncommon trap: trap_request=0xffffffd6 fr.pc=0x000002586d35c3d4 relative=0x0000000000001c14
Event: 29.536 Thread 0x000002587d7d6c20 Uncommon trap: reason=array_check action=maybe_recompile pc=0x000002586d35c3d4 method=javafx.css.CompoundSelector.applies(Ljavafx/css/Styleable;[Ljava/util/Set;I)Z @ 128 c2
Event: 29.536 Thread 0x000002587d7d6c20 DEOPT PACKING pc=0x000002586d35c3d4 sp=0x000000626cbfc540
Event: 29.536 Thread 0x000002587d7d6c20 DEOPT UNPACKING pc=0x000002586cc9239d sp=0x000000626cbfc528 mode 2
Event: 29.538 Thread 0x000002587d7d6c20 Uncommon trap: trap_request=0xffffffd6 fr.pc=0x000002586d35c3d4 relative=0x0000000000001c14
Event: 29.538 Thread 0x000002587d7d6c20 Uncommon trap: reason=array_check action=maybe_recompile pc=0x000002586d35c3d4 method=javafx.css.CompoundSelector.applies(Ljavafx/css/Styleable;[Ljava/util/Set;I)Z @ 128 c2
Event: 29.538 Thread 0x000002587d7d6c20 DEOPT PACKING pc=0x000002586d35c3d4 sp=0x000000626cbfc340
Event: 29.538 Thread 0x000002587d7d6c20 DEOPT UNPACKING pc=0x000002586cc9239d sp=0x000000626cbfc328 mode 2
Event: 29.647 Thread 0x000002587d34dc20 Uncommon trap: trap_request=0xffffff45 fr.pc=0x000002586d348354 relative=0x0000000000002e34
Event: 29.647 Thread 0x000002587d34dc20 Uncommon trap: reason=unstable_if action=reinterpret pc=0x000002586d348354 method=com.sun.marlin.Renderer._endRendering(IILcom/sun/marlin/MarlinAlphaConsumer;)V @ 1092 c2
Event: 29.647 Thread 0x000002587d34dc20 DEOPT PACKING pc=0x000002586d348354 sp=0x000000626c9fc440
Event: 29.647 Thread 0x000002587d34dc20 DEOPT UNPACKING pc=0x000002586cc9239d sp=0x000000626c9fc2c0 mode 2
Event: 29.660 Thread 0x000002587d34dc20 Uncommon trap: trap_request=0xffffff45 fr.pc=0x000002586d291d10 relative=0x0000000000002a10
Event: 29.660 Thread 0x000002587d34dc20 Uncommon trap: reason=unstable_if action=reinterpret pc=0x000002586d291d10 method=com.sun.marlin.Renderer._endRendering(IILcom/sun/marlin/MarlinAlphaConsumer;)V @ 1926 c2
Event: 29.661 Thread 0x000002587d34dc20 DEOPT PACKING pc=0x000002586d291d10 sp=0x000000626c9fc550
Event: 29.661 Thread 0x000002587d34dc20 DEOPT UNPACKING pc=0x000002586cc9239d sp=0x000000626c9fc448 mode 2
Event: 100.204 Thread 0x000002587d34dc20 DEOPT PACKING pc=0x0000025865fd485a sp=0x000000626c9fd970
Event: 100.206 Thread 0x000002587d34dc20 DEOPT UNPACKING pc=0x000002586cc92b24 sp=0x000000626c9fcda8 mode 0

Classes unloaded (0 events):
No events

Classes redefined (0 events):
No events

Internal exceptions (20 events):
Event: 16.781 Thread 0x000002587d7d6c20 Exception <a 'sun/nio/fs/WindowsException'{0x00000000c61e5eb8}> (0x00000000c61e5eb8) 
thrown [s\open\src\hotspot\share\prims\jni.cpp, line 516]
Event: 16.798 Thread 0x000002587d7d6c20 Exception <a 'java/lang/NoSuchMethodError'{0x00000000c61f4980}: 'int java.lang.invoke.DirectMethodHandle$Holder.invokeStatic(java.lang.Object, java.lang.Object, java.lang.Object, java.lang.Object)'> (0x00000000c61f4980) 
thrown [s\open\src\hotspot\share\interpreter\linkResolver.cpp, line 759]
Event: 16.799 Thread 0x000002587d7d6c20 Exception <a 'java/lang/NoSuchMethodError'{0x00000000c61f86d8}: 'int java.lang.invoke.DirectMethodHandle$Holder.invokeStaticInit(java.lang.Object, java.lang.Object, java.lang.Object, java.lang.Object)'> (0x00000000c61f86d8) 
thrown [s\open\src\hotspot\share\interpreter\linkResolver.cpp, line 759]
Event: 16.801 Thread 0x000002587d7d6c20 Exception <a 'java/lang/IncompatibleClassChangeError'{0x00000000c6001f90}: Found class java.lang.Object, but interface was expected> (0x00000000c6001f90) 
thrown [s\open\src\hotspot\share\interpreter\linkResolver.cpp, line 826]
Event: 17.093 Thread 0x000002587d7d6c20 Exception <a 'java/lang/NoSuchMethodError'{0x00000000c5cb17a8}: 'java.lang.Object java.lang.invoke.DirectMethodHandle$Holder.invokeStaticInit(java.lang.Object, int, int, int, int)'> (0x00000000c5cb17a8) 
thrown [s\open\src\hotspot\share\interpreter\linkResolver.cpp, line 759]
Event: 17.220 Thread 0x000002587d7d6c20 Exception <a 'java/lang/NoSuchMethodError'{0x00000000c5cdd988}: 'java.lang.Object java.lang.invoke.DirectMethodHandle$Holder.invokeStaticInit(java.lang.Object, java.lang.Object, int, int, int, int)'> (0x00000000c5cdd988) 
thrown [s\open\src\hotspot\share\interpreter\linkResolver.cpp, line 759]
Event: 17.350 Thread 0x000002587d7d6c20 Exception <a 'sun/nio/fs/WindowsException'{0x00000000c5b4d698}> (0x00000000c5b4d698) 
thrown [s\open\src\hotspot\share\prims\jni.cpp, line 516]
Event: 17.391 Thread 0x000002587d7d6c20 Exception <a 'java/lang/ClassNotFoundException'{0x00000000c5b567e8}: jdk/net/ExtendedSocketOptions> (0x00000000c5b567e8) 
thrown [s\open\src\hotspot\share\classfile\systemDictionary.cpp, line 256]
Event: 17.451 Thread 0x000002587d7d6c20 Exception <a 'java/lang/NoSuchMethodError'{0x00000000c5bf2e40}: 'java.lang.Object java.lang.invoke.DirectMethodHandle$Holder.invokeSpecial(java.lang.Object, java.lang.Object, java.lang.Object, java.lang.Object, int)'> (0x00000000c5bf2e40) 
thrown [s\open\src\hotspot\share\interpreter\linkResolver.cpp, line 759]
Event: 17.451 Thread 0x000002587d7d6c20 Exception <a 'java/lang/NoSuchMethodError'{0x00000000c5bf6f58}: 'java.lang.Object java.lang.invoke.Invokers$Holder.linkToTargetMethod(java.lang.Object, java.lang.Object, int, java.lang.Object)'> (0x00000000c5bf6f58) 
thrown [s\open\src\hotspot\share\interpreter\linkResolver.cpp, line 759]
Event: 17.548 Thread 0x00000258443036b0 Exception <a 'java/lang/NoSuchMethodError'{0x00000000c5b6a598}: 'void java.lang.invoke.DirectMethodHandle$Holder.invokeStatic(java.lang.Object, java.lang.Object, int)'> (0x00000000c5b6a598) 
thrown [s\open\src\hotspot\share\interpreter\linkResolver.cpp, line 759]
Event: 17.885 Thread 0x0000025844304ec0 Exception <a 'java/lang/NoSuchMethodError'{0x00000000c59653d8}: 'java.lang.Object java.lang.invoke.DirectMethodHandle$Holder.newInvokeSpecial(java.lang.Object, java.lang.Object, long, java.lang.Object, java.lang.Object, java.lang.Object)'> (0x00000000c59653d8) 
thrown [s\open\src\hotspot\share\interpreter\linkResolver.cpp, line 759]
Event: 17.893 Thread 0x0000025844304ec0 Exception <a 'java/lang/NoSuchMethodError'{0x00000000c597d6d0}: 'void java.lang.invoke.DirectMethodHandle$Holder.invokeSpecial(java.lang.Object, java.lang.Object, java.lang.Object, java.lang.Object, java.lang.Object, java.lang.Object, java.lang.Object)'> (0x00000000c597d6d0) 
thrown [s\open\src\hotspot\share\interpreter\linkResolver.cpp, line 759]
Event: 23.272 Thread 0x000002587d7d6c20 Exception <a 'sun/nio/fs/WindowsException'{0x00000000c7162fd0}> (0x00000000c7162fd0) 
thrown [s\open\src\hotspot\share\prims\jni.cpp, line 516]
Event: 23.516 Thread 0x000002587d7d6c20 Exception <a 'java/io/FileNotFoundException'{0x00000000c71e7bd8}> (0x00000000c71e7bd8) 
thrown [s\open\src\hotspot\share\prims\jni.cpp, line 516]
Event: 23.575 Thread 0x000002587d7d6c20 Exception <a 'java/io/FileNotFoundException'{0x00000000c7000898}> (0x00000000c7000898) 
thrown [s\open\src\hotspot\share\prims\jni.cpp, line 516]
Event: 25.775 Thread 0x000002587d34dc20 Exception <a 'java/lang/NoSuchMethodError'{0x00000000ca8242b8}: 'java.lang.Object java.lang.invoke.DirectMethodHandle$Holder.invokeStaticInit(java.lang.Object, int)'> (0x00000000ca8242b8) 
thrown [s\open\src\hotspot\share\interpreter\linkResolver.cpp, line 759]
Event: 26.814 Thread 0x000002587d7d6c20 Exception <a 'sun/nio/fs/WindowsException'{0x00000000ca768cd0}> (0x00000000ca768cd0) 
thrown [s\open\src\hotspot\share\prims\jni.cpp, line 516]
Event: 27.534 Thread 0x000002587d7d6c20 Implicit null exception at 0x000002586d34eae1 to 0x000002586d34f504
Event: 27.537 Thread 0x000002587d7d6c20 Implicit null exception at 0x000002586d33c51e to 0x000002586d33c56c

VM Operations (20 events):
Event: 31.697 Executing VM operation: Cleanup done
Event: 32.697 Executing VM operation: Cleanup
Event: 32.697 Executing VM operation: Cleanup done
Event: 100.143 Executing VM operation: Cleanup
Event: 100.146 Executing VM operation: Cleanup done
Event: 100.816 Executing VM operation: G1TryInitiateConcMark
Event: 100.863 Executing VM operation: G1TryInitiateConcMark done
Event: 100.922 Executing VM operation: G1Concurrent
Event: 100.957 Executing VM operation: G1Concurrent done
Event: 100.972 Executing VM operation: G1Concurrent
Event: 100.978 Executing VM operation: G1Concurrent done
Event: 101.231 Executing VM operation: G1TryInitiateConcMark
Event: 101.236 Executing VM operation: G1TryInitiateConcMark done
Event: 101.271 Executing VM operation: G1Concurrent
Event: 101.293 Executing VM operation: G1Concurrent done
Event: 101.307 Executing VM operation: G1Concurrent
Event: 101.307 Executing VM operation: G1Concurrent done
Event: 101.335 Executing VM operation: G1TryInitiateConcMark
Event: 101.340 Executing VM operation: G1TryInitiateConcMark done
Event: 101.372 Executing VM operation: G1Concurrent

Events (20 events):
Event: 26.816 loading class java/time/zone/Ser
Event: 26.818 loading class java/io/Externalizable
Event: 26.818 loading class java/io/Externalizable done
Event: 26.818 loading class java/time/zone/Ser done
Event: 26.824 Thread 0x000002587d2a3a30 Thread added: 0x000002587d2a3a30
Event: 26.837 Thread 0x000002587d2a5240 Thread added: 0x000002587d2a5240
Event: 26.838 Thread 0x000002587d2a48a0 Thread added: 0x000002587d2a48a0
Event: 26.838 Thread 0x000002587d2a4d70 Thread added: 0x000002587d2a4d70
Event: 27.189 loading class java/time/DayOfWeek
Event: 27.190 loading class java/time/DayOfWeek done
Event: 30.490 Thread 0x000002587d2a1880 Thread added: 0x000002587d2a1880
Event: 30.500 Thread 0x000002587d2a43d0 Thread added: 0x000002587d2a43d0
Event: 30.502 Thread 0x000002587d2a3f00 Thread added: 0x000002587d2a3f00
Event: 30.503 Thread 0x000002587d2a1d50 Thread added: 0x000002587d2a1d50
Event: 86.872 Thread 0x000002587d2a5240 Thread exited: 0x000002587d2a5240
Event: 87.148 Thread 0x000002587d2a48a0 Thread exited: 0x000002587d2a48a0
Event: 87.164 Thread 0x000002587d2a4d70 Thread exited: 0x000002587d2a4d70
Event: 90.509 Thread 0x000002587d2a43d0 Thread exited: 0x000002587d2a43d0
Event: 90.557 Thread 0x000002587d2a1d50 Thread exited: 0x000002587d2a1d50
Event: 90.557 Thread 0x000002587d2a3f00 Thread exited: 0x000002587d2a3f00


Dynamic libraries:
0x00007ff7356b0000 - 0x00007ff7356c0000 	C:\Program Files\Java\jdk-17\bin\java.exe
0x00007ff8e03c0000 - 0x00007ff8e05c9000 	C:\WINDOWS\SYSTEM32\ntdll.dll
0x00007ff8de2a0000 - 0x00007ff8de35e000 	C:\WINDOWS\System32\KERNEL32.DLL
0x00007ff8dd920000 - 0x00007ff8ddca4000 	C:\WINDOWS\System32\KERNELBASE.dll
0x00007ff8ddf60000 - 0x00007ff8de071000 	C:\WINDOWS\System32\ucrtbase.dll
0x00007ff8d8f20000 - 0x00007ff8d8f39000 	C:\Program Files\Java\jdk-17\bin\jli.dll
0x00007ff8e02d0000 - 0x00007ff8e037f000 	C:\WINDOWS\System32\ADVAPI32.dll
0x00007ff8df5d0000 - 0x00007ff8df673000 	C:\WINDOWS\System32\msvcrt.dll
0x00007ff8de750000 - 0x00007ff8de7ee000 	C:\WINDOWS\System32\sechost.dll
0x00007ff8df4a0000 - 0x00007ff8df5c1000 	C:\WINDOWS\System32\RPCRT4.dll
0x00007ff8ce8a0000 - 0x00007ff8ce8bb000 	C:\Program Files\Java\jdk-17\bin\VCRUNTIME140.dll
0x00007ff8df060000 - 0x00007ff8df20d000 	C:\WINDOWS\System32\USER32.dll
0x00007ff8dd850000 - 0x00007ff8dd876000 	C:\WINDOWS\System32\win32u.dll
0x00007ff8de270000 - 0x00007ff8de29a000 	C:\WINDOWS\System32\GDI32.dll
0x00007ff8de0f0000 - 0x00007ff8de20f000 	C:\WINDOWS\System32\gdi32full.dll
0x00007ff8dd880000 - 0x00007ff8dd91d000 	C:\WINDOWS\System32\msvcp_win.dll
0x00007ff8d4aa0000 - 0x00007ff8d4aaa000 	C:\WINDOWS\SYSTEM32\VERSION.dll
0x00007ff8ca2b0000 - 0x00007ff8ca555000 	C:\WINDOWS\WinSxS\amd64_microsoft.windows.common-controls_6595b64144ccf1df_6.0.22000.120_none_9d947278b86cc467\COMCTL32.dll
0x00007ff8de210000 - 0x00007ff8de241000 	C:\WINDOWS\System32\IMM32.DLL
0x00007ff8da190000 - 0x00007ff8da19c000 	C:\Program Files\Java\jdk-17\bin\vcruntime140_1.dll
0x00007ff8ce3c0000 - 0x00007ff8ce44e000 	C:\Program Files\Java\jdk-17\bin\msvcp140.dll
0x00007ff872740000 - 0x00007ff87331e000 	C:\Program Files\Java\jdk-17\bin\server\jvm.dll
0x00007ff8d8af0000 - 0x00007ff8d8b23000 	C:\WINDOWS\SYSTEM32\WINMM.dll
0x00007ff8cfc50000 - 0x00007ff8cfc59000 	C:\WINDOWS\SYSTEM32\WSOCK32.dll
0x00007ff8de360000 - 0x00007ff8de368000 	C:\WINDOWS\System32\PSAPI.DLL
0x00007ff8de870000 - 0x00007ff8de8df000 	C:\WINDOWS\System32\WS2_32.dll
0x00007ff8dc9a0000 - 0x00007ff8dc9b8000 	C:\WINDOWS\SYSTEM32\kernel.appcore.dll
0x00007ff8d8f10000 - 0x00007ff8d8f1a000 	C:\Program Files\Java\jdk-17\bin\jimage.dll
0x00007ff8d82e0000 - 0x00007ff8d8501000 	C:\WINDOWS\SYSTEM32\DBGHELP.DLL
0x00007ff8c50f0000 - 0x00007ff8c5121000 	C:\WINDOWS\SYSTEM32\dbgcore.DLL
0x00007ff8ddd70000 - 0x00007ff8dddef000 	C:\WINDOWS\System32\bcryptPrimitives.dll
0x00007ff8ce820000 - 0x00007ff8ce845000 	C:\Program Files\Java\jdk-17\bin\java.dll
0x00007ff8bee40000 - 0x00007ff8bef17000 	C:\Program Files\Java\jdk-17\bin\jsvml.dll
0x00007ff8df680000 - 0x00007ff8dfe45000 	C:\WINDOWS\System32\SHELL32.dll
0x00007ff8db920000 - 0x00007ff8dc184000 	C:\WINDOWS\SYSTEM32\windows.storage.dll
0x00007ff8de8f0000 - 0x00007ff8dec66000 	C:\WINDOWS\System32\combase.dll
0x00007ff8db7b0000 - 0x00007ff8db917000 	C:\WINDOWS\SYSTEM32\wintypes.dll
0x00007ff8df210000 - 0x00007ff8df2fa000 	C:\WINDOWS\System32\SHCORE.dll
0x00007ff8deeb0000 - 0x00007ff8def0d000 	C:\WINDOWS\System32\shlwapi.dll
0x00007ff8dd780000 - 0x00007ff8dd7a5000 	C:\WINDOWS\SYSTEM32\profapi.dll
0x00007ff8ce880000 - 0x00007ff8ce899000 	C:\Program Files\Java\jdk-17\bin\net.dll
0x00007ff8d62e0000 - 0x00007ff8d63f3000 	C:\WINDOWS\SYSTEM32\WINHTTP.dll
0x00007ff8dce50000 - 0x00007ff8dceb7000 	C:\WINDOWS\system32\mswsock.dll
0x00007ff8ce7e0000 - 0x00007ff8ce7f6000 	C:\Program Files\Java\jdk-17\bin\nio.dll
0x00007ff8ce7a0000 - 0x00007ff8ce7b8000 	C:\Program Files\Java\jdk-17\bin\zip.dll
0x000002585be60000 - 0x000002585be63000 	C:\Users\mirel\.openjfx\cache\17.0.1\api-ms-win-core-console-l1-1-0.dll
0x000002585be70000 - 0x000002585be73000 	C:\Users\mirel\.openjfx\cache\17.0.1\api-ms-win-core-console-l1-2-0.dll
0x000002585be80000 - 0x000002585be83000 	C:\Users\mirel\.openjfx\cache\17.0.1\api-ms-win-core-datetime-l1-1-0.dll
0x000002585de20000 - 0x000002585de23000 	C:\Users\mirel\.openjfx\cache\17.0.1\api-ms-win-core-debug-l1-1-0.dll
0x000002585de30000 - 0x000002585de33000 	C:\Users\mirel\.openjfx\cache\17.0.1\api-ms-win-core-errorhandling-l1-1-0.dll
0x0000025878cc0000 - 0x0000025878cc4000 	C:\Users\mirel\.openjfx\cache\17.0.1\api-ms-win-core-file-l1-1-0.dll
0x0000025878cd0000 - 0x0000025878cd3000 	C:\Users\mirel\.openjfx\cache\17.0.1\api-ms-win-core-file-l1-2-0.dll
0x0000025878ce0000 - 0x0000025878ce3000 	C:\Users\mirel\.openjfx\cache\17.0.1\api-ms-win-core-file-l2-1-0.dll
0x0000025878cf0000 - 0x0000025878cf3000 	C:\Users\mirel\.openjfx\cache\17.0.1\api-ms-win-core-handle-l1-1-0.dll
0x0000025878d00000 - 0x0000025878d03000 	C:\Users\mirel\.openjfx\cache\17.0.1\api-ms-win-core-heap-l1-1-0.dll
0x0000025878d10000 - 0x0000025878d13000 	C:\Users\mirel\.openjfx\cache\17.0.1\api-ms-win-core-interlocked-l1-1-0.dll
0x0000025878d20000 - 0x0000025878d23000 	C:\Users\mirel\.openjfx\cache\17.0.1\api-ms-win-core-libraryloader-l1-1-0.dll
0x0000025878d30000 - 0x0000025878d33000 	C:\Users\mirel\.openjfx\cache\17.0.1\api-ms-win-core-localization-l1-2-0.dll
0x0000025878d40000 - 0x0000025878d43000 	C:\Users\mirel\.openjfx\cache\17.0.1\api-ms-win-core-memory-l1-1-0.dll
0x0000025878d50000 - 0x0000025878d53000 	C:\Users\mirel\.openjfx\cache\17.0.1\api-ms-win-core-namedpipe-l1-1-0.dll
0x0000025878d60000 - 0x0000025878d63000 	C:\Users\mirel\.openjfx\cache\17.0.1\api-ms-win-core-processenvironment-l1-1-0.dll
0x0000025878d70000 - 0x0000025878d73000 	C:\Users\mirel\.openjfx\cache\17.0.1\api-ms-win-core-processthreads-l1-1-0.dll
0x0000025878d80000 - 0x0000025878d83000 	C:\Users\mirel\.openjfx\cache\17.0.1\api-ms-win-core-processthreads-l1-1-1.dll
0x0000025878d90000 - 0x0000025878d93000 	C:\Users\mirel\.openjfx\cache\17.0.1\api-ms-win-core-profile-l1-1-0.dll
0x0000025878da0000 - 0x0000025878da3000 	C:\Users\mirel\.openjfx\cache\17.0.1\api-ms-win-core-rtlsupport-l1-1-0.dll
0x0000025878db0000 - 0x0000025878db3000 	C:\Users\mirel\.openjfx\cache\17.0.1\api-ms-win-core-string-l1-1-0.dll
0x0000025878dc0000 - 0x0000025878dc3000 	C:\Users\mirel\.openjfx\cache\17.0.1\api-ms-win-core-synch-l1-1-0.dll
0x0000025878dd0000 - 0x0000025878dd3000 	C:\Users\mirel\.openjfx\cache\17.0.1\api-ms-win-core-synch-l1-2-0.dll
0x0000025878de0000 - 0x0000025878de3000 	C:\Users\mirel\.openjfx\cache\17.0.1\api-ms-win-core-sysinfo-l1-1-0.dll
0x0000025878df0000 - 0x0000025878df3000 	C:\Users\mirel\.openjfx\cache\17.0.1\api-ms-win-core-timezone-l1-1-0.dll
0x0000025878e00000 - 0x0000025878e03000 	C:\Users\mirel\.openjfx\cache\17.0.1\api-ms-win-core-util-l1-1-0.dll
0x0000025878e10000 - 0x0000025878e13000 	C:\Users\mirel\.openjfx\cache\17.0.1\api-ms-win-crt-conio-l1-1-0.dll
0x0000025878e20000 - 0x0000025878e24000 	C:\Users\mirel\.openjfx\cache\17.0.1\api-ms-win-crt-convert-l1-1-0.dll
0x0000025878e30000 - 0x0000025878e33000 	C:\Users\mirel\.openjfx\cache\17.0.1\api-ms-win-crt-environment-l1-1-0.dll
0x0000025878e40000 - 0x0000025878e43000 	C:\Users\mirel\.openjfx\cache\17.0.1\api-ms-win-crt-filesystem-l1-1-0.dll
0x0000025878e50000 - 0x0000025878e53000 	C:\Users\mirel\.openjfx\cache\17.0.1\api-ms-win-crt-heap-l1-1-0.dll
0x0000025878e60000 - 0x0000025878e63000 	C:\Users\mirel\.openjfx\cache\17.0.1\api-ms-win-crt-locale-l1-1-0.dll
0x0000025878e70000 - 0x0000025878e75000 	C:\Users\mirel\.openjfx\cache\17.0.1\api-ms-win-crt-math-l1-1-0.dll
0x0000025878e80000 - 0x0000025878e85000 	C:\Users\mirel\.openjfx\cache\17.0.1\api-ms-win-crt-multibyte-l1-1-0.dll
0x0000025878e90000 - 0x0000025878ea0000 	C:\Users\mirel\.openjfx\cache\17.0.1\api-ms-win-crt-private-l1-1-0.dll
0x0000025878ea0000 - 0x0000025878ea3000 	C:\Users\mirel\.openjfx\cache\17.0.1\api-ms-win-crt-process-l1-1-0.dll
0x0000025878eb0000 - 0x0000025878eb4000 	C:\Users\mirel\.openjfx\cache\17.0.1\api-ms-win-crt-runtime-l1-1-0.dll
0x0000025878ec0000 - 0x0000025878ec4000 	C:\Users\mirel\.openjfx\cache\17.0.1\api-ms-win-crt-stdio-l1-1-0.dll
0x0000025878ed0000 - 0x0000025878ed4000 	C:\Users\mirel\.openjfx\cache\17.0.1\api-ms-win-crt-string-l1-1-0.dll
0x0000025878ee0000 - 0x0000025878ee3000 	C:\Users\mirel\.openjfx\cache\17.0.1\api-ms-win-crt-time-l1-1-0.dll
0x0000025878ef0000 - 0x0000025878ef3000 	C:\Users\mirel\.openjfx\cache\17.0.1\api-ms-win-crt-utility-l1-1-0.dll
0x00007ff8bdef0000 - 0x00007ff8bdfec000 	C:\Users\mirel\.openjfx\cache\17.0.1\ucrtbase.dll
0x00007ff8ce660000 - 0x00007ff8ce67a000 	C:\Users\mirel\.openjfx\cache\17.0.1\vcruntime140.dll
0x00007ff8d8bc0000 - 0x00007ff8d8bcc000 	C:\Users\mirel\.openjfx\cache\17.0.1\vcruntime140_1.dll
0x00007ff8cd990000 - 0x00007ff8cda1d000 	C:\Users\mirel\.openjfx\cache\17.0.1\msvcp140.dll
0x00007ff8cdbd0000 - 0x00007ff8cdbfa000 	C:\Users\mirel\.openjfx\cache\17.0.1\prism_d3d.dll
0x00007ff8b67d0000 - 0x00007ff8b6976000 	C:\WINDOWS\system32\d3d9.dll
0x00007ff8db3c0000 - 0x00007ff8db3ef000 	C:\WINDOWS\SYSTEM32\dwmapi.dll
0x00007ff8db120000 - 0x00007ff8db158000 	C:\WINDOWS\SYSTEM32\dxcore.dll
0x00007ff8daef0000 - 0x00007ff8daf9c000 	C:\WINDOWS\system32\uxtheme.dll
0x00007ff8b3e60000 - 0x00007ff8b3fbd000 	C:\WINDOWS\System32\DriverStore\FileRepository\iigd_dch.inf_amd64_02d4ed963abbd842\igdumdim64.dll
0x00007ff865b90000 - 0x00007ff869462000 	C:\WINDOWS\System32\DriverStore\FileRepository\iigd_dch.inf_amd64_02d4ed963abbd842\igd9dxva64.dll
0x00007ff8df300000 - 0x00007ff8df49a000 	C:\WINDOWS\System32\ole32.dll
0x00007ff8de400000 - 0x00007ff8de4d6000 	C:\WINDOWS\System32\OLEAUT32.dll
0x00007ff8dfe50000 - 0x00007ff8e02c2000 	C:\WINDOWS\System32\SETUPAPI.dll
0x00007ff8dd3c0000 - 0x00007ff8dd40c000 	C:\WINDOWS\SYSTEM32\cfgmgr32.dll
0x00007ff8d2810000 - 0x00007ff8d29b5000 	C:\WINDOWS\System32\DriverStore\FileRepository\iigd_dch.inf_amd64_02d4ed963abbd842\igdgmm64.dll
0x00007ff8d8290000 - 0x00007ff8d82d4000 	C:\WINDOWS\SYSTEM32\directxdatabasehelper.dll
0x00007ff8dc9c0000 - 0x00007ff8dc9f4000 	C:\WINDOWS\SYSTEM32\ntmarta.dll
0x00007ff8c1a20000 - 0x00007ff8c1a62000 	C:\Users\mirel\.openjfx\cache\17.0.1\glass.dll
0x00007ff8def70000 - 0x00007ff8df05c000 	C:\WINDOWS\System32\COMDLG32.dll
0x00007ff8ded20000 - 0x00007ff8dee3d000 	C:\WINDOWS\System32\MSCTF.dll
0x00007ff8b8040000 - 0x00007ff8b8066000 	C:\WINDOWS\System32\DriverStore\FileRepository\iigd_dch.inf_amd64_02d4ed963abbd842\igdinfo64.dll
0x00007ff8cfd50000 - 0x00007ff8d2806000 	C:\WINDOWS\System32\DriverStore\FileRepository\iigd_dch.inf_amd64_02d4ed963abbd842\igc64.dll
0x00007ff8ce3a0000 - 0x00007ff8ce3b4000 	C:\Users\mirel\.openjfx\cache\17.0.1\javafx_font.dll
0x00007ff8c9370000 - 0x00007ff8c95cf000 	C:\WINDOWS\SYSTEM32\dwrite.dll
0x00007ff8dec70000 - 0x00007ff8ded1f000 	C:\WINDOWS\System32\clbcatq.dll
0x00007ff8d6400000 - 0x00007ff8d65ae000 	C:\WINDOWS\SYSTEM32\WindowsCodecs.dll
0x00007ff8c8a40000 - 0x00007ff8c8a9d000 	C:\WINDOWS\system32\dataexchange.dll
0x00007ff8d9b60000 - 0x00007ff8d9dc6000 	C:\WINDOWS\system32\twinapi.appcore.dll
0x00007ff8c97b0000 - 0x00007ff8c97e2000 	C:\Program Files\Common Files\Microsoft Shared\Ink\rtscom.dll
0x00007ff8ce0d0000 - 0x00007ff8ce1fc000 	C:\WINDOWS\SYSTEM32\textinputframework.dll
0x00007ff8daa80000 - 0x00007ff8dabb1000 	C:\WINDOWS\SYSTEM32\CoreMessaging.dll
0x00007ff8d7780000 - 0x00007ff8d7aed000 	C:\WINDOWS\SYSTEM32\CoreUIComponents.dll
0x00007ff8dd0a0000 - 0x00007ff8dd0ac000 	C:\WINDOWS\SYSTEM32\CRYPTBASE.DLL
0x00007ff8cfbb0000 - 0x00007ff8cfbbe000 	C:\Program Files\Java\jdk-17\bin\sunmscapi.dll
0x00007ff8dddf0000 - 0x00007ff8ddf5a000 	C:\WINDOWS\System32\CRYPT32.dll
0x00007ff8dd1f0000 - 0x00007ff8dd21a000 	C:\WINDOWS\SYSTEM32\ncrypt.dll
0x00007ff8dd1b0000 - 0x00007ff8dd1e7000 	C:\WINDOWS\SYSTEM32\NTASN1.dll
0x00007ff8dd0b0000 - 0x00007ff8dd0c8000 	C:\WINDOWS\SYSTEM32\CRYPTSP.dll
0x00007ff8dc900000 - 0x00007ff8dc935000 	C:\WINDOWS\system32\rsaenh.dll
0x00007ff8dcf50000 - 0x00007ff8dcf7c000 	C:\WINDOWS\SYSTEM32\USERENV.dll
0x00007ff8dd220000 - 0x00007ff8dd247000 	C:\WINDOWS\SYSTEM32\bcrypt.dll

dbghelp: loaded successfully - version: 4.0.5 - missing functions: none
symbol engine: initialized successfully - sym options: 0x614 - pdb path: .;C:\Program Files\Java\jdk-17\bin;C:\WINDOWS\SYSTEM32;C:\WINDOWS\WinSxS\amd64_microsoft.windows.common-controls_6595b64144ccf1df_6.0.22000.120_none_9d947278b86cc467;C:\Program Files\Java\jdk-17\bin\server;C:\Users\mirel\.openjfx\cache\17.0.1;C:\WINDOWS\System32\DriverStore\FileRepository\iigd_dch.inf_amd64_02d4ed963abbd842;C:\Program Files\Common Files\Microsoft Shared\Ink

VM Arguments:
jvm_args: -XX:+ShowCodeDetailsInExceptionMessages --module-path=C:\a\aaa\SD\Projeto-Int-Programacao-II\controlador-dos-modulos\RU\target\classes;C:\Users\mirel\.m2\repository\org\json\json\20210307\json-20210307.jar;C:\Users\mirel\.m2\repository\org\openjfx\javafx-controls\17.0.1\javafx-controls-17.0.1-win.jar;C:\Users\mirel\.m2\repository\org\openjfx\javafx-graphics\17.0.1\javafx-graphics-17.0.1-win.jar;C:\Users\mirel\.m2\repository\org\openjfx\javafx-base\17.0.1\javafx-base-17.0.1-win.jar;C:\Users\mirel\.m2\repository\org\openjfx\javafx-fxml\17.0.1\javafx-fxml-17.0.1-win.jar;C:\Users\mirel\.m2\repository\org\openjfx\javafx-web\17.0.1\javafx-web-17.0.1-win.jar;C:\Users\mirel\.m2\repository\org\openjfx\javafx-media\17.0.1\javafx-media-17.0.1-win.jar;C:\Users\mirel\.m2\repository\org\controlsfx\controlsfx\11.1.1\controlsfx-11.1.1.jar;C:\Users\mirel\.m2\repository\com\dlsc\formsfx\formsfx-core\11.3.2\formsfx-core-11.3.2.jar;C:\Users\mirel\.m2\repository\org\kordamp\ikonli\ikonli-javafx\12.3.0\ikonli-javafx-12.3.0.jar;C:\Users\mirel\.m2\repository\org\kordamp\ikonli\ikonli-core\12.3.0\ikonli-core-12.3.0.jar;C:\Users\mirel\.m2\repository\org\kordamp\bootstrapfx\bootstrapfx-core\0.4.0\bootstrapfx-core-0.4.0.jar;C:\Users\mirel\.m2\repository\eu\hansolo\tilesfx\11.48\tilesfx-11.48.jar;C:\Users\mirel\.m2\repository\com\github\almasb\fxgl\17\fxgl-17.jar;C:\Users\mirel\.m2\repository\com\github\almasb\fxgl-core\17\fxgl-core-17.jar;C:\Users\mirel\.m2\repository\com\gluonhq\attach\audio\4.0.9\audio-4.0.9.jar;C:\Users\mirel\.m2\repository\com\github\almasb\fxgl-io\17\fxgl-io-17.jar;C:\Users\mirel\.m2\repository\com\gluonhq\attach\storage\4.0.9\storage-4.0.9.jar;C:\Users\mirel\.m2\repository\com\gluonhq\attach\util\4.0.9\util-4.0.9.jar;C:\Users\mirel\.m2\repository\com\github\almasb\fxgl-entity\17\fxgl-entity-17.jar;C:\Users\mirel\.m2\repository\com\github\almasb\fxgl-scene\17\fxgl-scene-17.jar;C:\Users\mirel\.m2\repository\com\github\almasb\fxgl-gameplay\17\fxgl-gameplay-17.jar;C:\Users\mirel\.m2\repository\com\fasterxml\jacks-Djdk.module.main=app 
java_command: app/app.Aplicativo
java_class_path (initial): C:\Users\mirel\.m2\repository\org\openjfx\javafx-controls\17.0.1\javafx-controls-17.0.1.jar;C:\Users\mirel\.m2\repository\org\openjfx\javafx-graphics\17.0.1\javafx-graphics-17.0.1.jar;C:\Users\mirel\.m2\repository\org\openjfx\javafx-base\17.0.1\javafx-base-17.0.1.jar;C:\Users\mirel\.m2\repository\org\openjfx\javafx-fxml\17.0.1\javafx-fxml-17.0.1.jar;C:\Users\mirel\.m2\repository\org\openjfx\javafx-web\17.0.1\javafx-web-17.0.1.jar;C:\Users\mirel\.m2\repository\org\openjfx\javafx-media\17.0.1\javafx-media-17.0.1.jar;C:\Users\mirel\.m2\repository\net\synedra\validatorfx\0.2.1\validatorfx-0.2.1.jar;C:\Users\mirel\.m2\repository\org\jetbrains\annotations\13.0\annotations-13.0.jar;C:\Users\mirel\.m2\repository\org\jetbrains\kotlin\kotlin-stdlib-common\1.5.32\kotlin-stdlib-common-1.5.32.jar
Launcher Type: SUN_STANDARD

[Global flags]
     intx CICompilerCount                          = 2                                         {product} {ergonomic}
     uint ConcGCThreads                            = 1                                         {product} {ergonomic}
     uint G1ConcRefinementThreads                  = 2                                         {product} {ergonomic}
   size_t G1HeapRegionSize                         = 1048576                                   {product} {ergonomic}
    uintx GCDrainStackTargetSize                   = 64                                        {product} {ergonomic}
   size_t InitialHeapSize                          = 65011712                                  {product} {ergonomic}
   size_t MarkStackSize                            = 4194304                                   {product} {ergonomic}
   size_t MaxHeapSize                              = 1023410176                                {product} {ergonomic}
   size_t MaxNewSize                               = 613416960                                 {product} {ergonomic}
   size_t MinHeapDeltaBytes                        = 1048576                                   {product} {ergonomic}
   size_t MinHeapSize                              = 8388608                                   {product} {ergonomic}
    uintx NonNMethodCodeHeapSize                   = 5826188                                {pd product} {ergonomic}
    uintx NonProfiledCodeHeapSize                  = 122916026                              {pd product} {ergonomic}
    uintx ProfiledCodeHeapSize                     = 122916026                              {pd product} {ergonomic}
    uintx ReservedCodeCacheSize                    = 251658240                              {pd product} {ergonomic}
     bool SegmentedCodeCache                       = true                                      {product} {ergonomic}
     bool ShowCodeDetailsInExceptionMessages       = true                                   {manageable} {command line}
   size_t SoftMaxHeapSize                          = 1023410176                             {manageable} {ergonomic}
     bool UseCompressedClassPointers               = true                           {product lp64_product} {ergonomic}
     bool UseCompressedOops                        = true                           {product lp64_product} {ergonomic}
     bool UseG1GC                                  = true                                      {product} {ergonomic}
     bool UseLargePagesIndividualAllocation        = false                                  {pd product} {ergonomic}

Logging:
Log output configuration:
 #0: stdout all=warning uptime,level,tags
 #1: stderr all=off uptime,level,tags

Environment Variables:
PATH=C:\Program Files\Common Files\Oracle\Java\javapath;C:\WINDOWS\system32;C:\WINDOWS;C:\WINDOWS\System32\Wbem;C:\WINDOWS\System32\WindowsPowerShell\v1.0\;C:\WINDOWS\System32\OpenSSH\;C:\Program Files\Intel\TXE Components\DAL\;C:\Program Files (x86)\Intel\TXE Components\DAL\;C:\Program Files\Intel\TXE Components\IPT\;C:\Program Files (x86)\Intel\TXE Components\IPT\;C:\Program Files\Git\cmd;C:\Program Files\nodejs\;C:\MinGW\bin;C:\Users\mirel\AppData\Local\Programs\Python\Python311\Scripts\;C:\Users\mirel\AppData\Local\Programs\Python\Python311\;C:\Users\mirel\AppData\Local\Microsoft\WindowsApps;C:\Program Files\JetBrains\IntelliJ IDEA 2020.2.4\bin;C:\Users\mirel\AppData\Roaming\npm;C:\Program Files\MySQL\MySQL Server 8.0\bin;C:\Users\mirel\AppData\Local\Programs\Microsoft VS Code\bin
USERNAME=mirel
LANG=en_US.UTF-8
OS=Windows_NT
PROCESSOR_IDENTIFIER=Intel64 Family 6 Model 122 Stepping 1, GenuineIntel



---------------  S Y S T E M  ---------------

OS:
 Windows 11 , 64 bit Build 22000 (10.0.22000.2124)
OS uptime: 137 days 23:14 hours

CPU: total 2 (initial active 2) (2 cores per cpu, 1 threads per core) family 6 model 122 stepping 1 microcode 0x34, cx8, cmov, fxsr, mmx, 3dnowpref, sse, sse2, sse3, ssse3, sse4.1, sse4.2, popcnt, tsc, tscinvbit, aes, erms, clmul, sha, clflush, clflushopt

Memory: 4k page, system-wide physical 3902M (132M free)
TotalPageFile size 11088M (AvailPageFile size 37M)
current process WorkingSet (physical memory assigned to process): 104M, peak: 339M
current process commit charge ("private bytes"): 440M, peak: 450M

vm_info: Java HotSpot(TM) 64-Bit Server VM (17.0.8+9-LTS-211) for windows-amd64 JRE (17.0.8+9-LTS-211), built on Jun 14 2023 10:34:31 by "mach5one" with MS VC++ 17.1 (VS2022)

END.
