#
# There is insufficient memory for the Java Runtime Environment to continue.
# Native memory allocation (malloc) failed to allocate 2085264 bytes for Chunk::new
# Possible reasons:
#   The system is out of physical RAM or swap space
#   The process is running with CompressedOops enabled, and the Java Heap may be blocking the growth of the native heap
# Possible solutions:
#   Reduce memory load on the system
#   Increase physical memory or swap space
#   Check if swap backing store is full
#   Decrease Java heap size (-Xmx/-Xms)
#   Decrease number of Java threads
#   Decrease Java thread stack sizes (-Xss)
#   Set larger code cache with -XX:ReservedCodeCacheSize=
#   JVM is running with Unscaled Compressed Oops mode in which the Java heap is
#     placed in the first 4GB address space. The Java Heap base address is the
#     maximum limit for the native heap growth. Please use -XX:HeapBaseMinAddress
#     to set the Java Heap base and to place the Java Heap above 4GB virtual address.
# This output file may be truncated or incomplete.
#
#  Out of Memory Error (arena.cpp:191), pid=14256, tid=18780
#
# JRE version: OpenJDK Runtime Environment Temurin-17.0.10+7 (17.0.10+7) (build 17.0.10+7)
# Java VM: OpenJDK 64-Bit Server VM Temurin-17.0.10+7 (17.0.10+7, mixed mode, tiered, compressed oops, compressed class ptrs, parallel gc, windows-amd64)
# No core dump will be written. Minidumps are not enabled by default on client versions of Windows
#

---------------  S U M M A R Y ------------

Command Line: --add-modules=ALL-SYSTEM --add-opens=java.base/java.util=ALL-UNNAMED --add-opens=java.base/java.lang=ALL-UNNAMED --add-opens=java.base/sun.nio.fs=ALL-UNNAMED -Declipse.application=org.eclipse.jdt.ls.core.id1 -Dosgi.bundles.defaultStartLevel=4 -Declipse.product=org.eclipse.jdt.ls.core.product -Djava.import.generatesMetadataFilesAtProjectRoot=false -DDetectVMInstallationsJob.disabled=true -Dfile.encoding=utf8 -XX:+UseParallelGC -XX:GCTimeRatio=4 -XX:AdaptiveSizePolicyWeight=90 -Dsun.zip.disableMemoryMapping=true -Xmx1G -Xms100m -Xlog:disable -javaagent:c:\Users\mirel\.vscode\extensions\redhat.java-1.28.1-win32-x64\lombok\lombok-1.18.31.jar -XX:+HeapDumpOnOutOfMemoryError -XX:HeapDumpPath=c:\Users\mirel\AppData\Roaming\Code\User\workspaceStorage\b24110e6d41277b8a0f9e992bdfee2c8\redhat.java -Daether.dependencyCollector.impl=bf c:\Users\mirel\.vscode\extensions\redhat.java-1.28.1-win32-x64\server\plugins\org.eclipse.equinox.launcher_1.6.700.v20231214-2017.jar -configuration c:\Users\mirel\AppData\Roaming\Code\User\globalStorage\redhat.java\1.28.1\config_win -data c:\Users\mirel\AppData\Roaming\Code\User\workspaceStorage\b24110e6d41277b8a0f9e992bdfee2c8\redhat.java\jdt_ws --stdio

Host: Intel(R) Celeron(R) N4000 CPU @ 1.10GHz, 2 cores, 3G,  Windows 11 , 64 bit Build 22000 (10.0.22000.2124)
Time: Thu Feb 29 10:22:30 2024 Hora Padrão de Buenos Aires elapsed time: 24.243344 seconds (0d 0h 0m 24s)

---------------  T H R E A D  ---------------

Current thread (0x000001669537c880):  JavaThread "C2 CompilerThread0" daemon [_thread_in_native, id=18780, stack(0x0000000cd6800000,0x0000000cd6900000)]


Current CompileTask:
C2:  24243 6771       4       org.lombokweb.asm.ClassReader::readMethod (1066 bytes)

Stack: [0x0000000cd6800000,0x0000000cd6900000]
Native frames: (J=compiled Java code, j=interpreted, Vv=VM code, C=native code)
V  [jvm.dll+0x67d2c9]
V  [jvm.dll+0x834afa]
V  [jvm.dll+0x8365be]
V  [jvm.dll+0x836c23]
V  [jvm.dll+0x2477ff]
V  [jvm.dll+0xac514]
V  [jvm.dll+0xacb5c]
V  [jvm.dll+0x3667d7]
V  [jvm.dll+0x1bcf72]
V  [jvm.dll+0x21a049]
V  [jvm.dll+0x219311]
V  [jvm.dll+0x1a502d]
V  [jvm.dll+0x2290de]
V  [jvm.dll+0x2272ac]
V  [jvm.dll+0x7e9bb7]
V  [jvm.dll+0x7e3fba]
V  [jvm.dll+0x67c1b5]
C  [ucrtbase.dll+0x26c0c]
C  [KERNEL32.DLL+0x155a0]
C  [ntdll.dll+0x485b]


---------------  P R O C E S S  ---------------

Threads class SMR info:
_java_thread_list=0x000001669cbc06f0, length=31, elements={
0x00000166ff93e8c0, 0x00000166ff9fde90, 0x000001669534dbc0, 0x0000016695379f10,
0x000001669537a8e0, 0x000001669537b3b0, 0x000001669537bc80, 0x000001669537c880,
0x00000166953e2450, 0x00000166953e7130, 0x00000166ff99fe50, 0x000001669a28d490,
0x000001669a873b90, 0x000001669a9de640, 0x000001669b05d270, 0x000001669b18e8c0,
0x000001669ab45530, 0x000001669aa95060, 0x000001669aa964a0, 0x000001669aa95f90,
0x000001669aa96ec0, 0x000001669aa97df0, 0x000001669aa95570, 0x000001669aa95a80,
0x000001669aa978e0, 0x000001669aa98300, 0x000001669aa98810, 0x000001669bd60110,
0x000001669bd62480, 0x000001669bd61040, 0x000001669bd66b60
}

Java Threads: ( => current thread )
  0x00000166ff93e8c0 JavaThread "main" [_thread_blocked, id=13084, stack(0x0000000cd5f00000,0x0000000cd6000000)]
  0x00000166ff9fde90 JavaThread "Reference Handler" daemon [_thread_blocked, id=10664, stack(0x0000000cd6200000,0x0000000cd6300000)]
  0x000001669534dbc0 JavaThread "Finalizer" daemon [_thread_blocked, id=6440, stack(0x0000000cd6300000,0x0000000cd6400000)]
  0x0000016695379f10 JavaThread "Signal Dispatcher" daemon [_thread_blocked, id=32, stack(0x0000000cd6400000,0x0000000cd6500000)]
  0x000001669537a8e0 JavaThread "Attach Listener" daemon [_thread_blocked, id=18116, stack(0x0000000cd6500000,0x0000000cd6600000)]
  0x000001669537b3b0 JavaThread "Service Thread" daemon [_thread_blocked, id=7956, stack(0x0000000cd6600000,0x0000000cd6700000)]
  0x000001669537bc80 JavaThread "Monitor Deflation Thread" daemon [_thread_blocked, id=11816, stack(0x0000000cd6700000,0x0000000cd6800000)]
=>0x000001669537c880 JavaThread "C2 CompilerThread0" daemon [_thread_in_native, id=18780, stack(0x0000000cd6800000,0x0000000cd6900000)]
  0x00000166953e2450 JavaThread "C1 CompilerThread0" daemon [_thread_blocked, id=900, stack(0x0000000cd6900000,0x0000000cd6a00000)]
  0x00000166953e7130 JavaThread "Sweeper thread" daemon [_thread_blocked, id=18320, stack(0x0000000cd6a00000,0x0000000cd6b00000)]
  0x00000166ff99fe50 JavaThread "Common-Cleaner" daemon [_thread_blocked, id=18884, stack(0x0000000cd6b00000,0x0000000cd6c00000)]
  0x000001669a28d490 JavaThread "Notification Thread" daemon [_thread_blocked, id=10724, stack(0x0000000cd6c00000,0x0000000cd6d00000)]
  0x000001669a873b90 JavaThread "Active Thread: Equinox Container: 66de4931-c812-4352-b643-5cbc6ce70c2c" [_thread_blocked, id=18028, stack(0x0000000cd6f00000,0x0000000cd7000000)]
  0x000001669a9de640 JavaThread "Framework Event Dispatcher: Equinox Container: 66de4931-c812-4352-b643-5cbc6ce70c2c" daemon [_thread_blocked, id=9192, stack(0x0000000cd7000000,0x0000000cd7100000)]
  0x000001669b05d270 JavaThread "Start Level: Equinox Container: 66de4931-c812-4352-b643-5cbc6ce70c2c" daemon [_thread_blocked, id=18660, stack(0x0000000cd7100000,0x0000000cd7200000)]
  0x000001669b18e8c0 JavaThread "Bundle File Closer" daemon [_thread_blocked, id=13892, stack(0x0000000cd7200000,0x0000000cd7300000)]
  0x000001669ab45530 JavaThread "SCR Component Actor" daemon [_thread_blocked, id=9832, stack(0x0000000cd7300000,0x0000000cd7400000)]
  0x000001669aa95060 JavaThread "Worker-JM" [_thread_blocked, id=17732, stack(0x0000000cd7500000,0x0000000cd7600000)]
  0x000001669aa964a0 JavaThread "Worker-0: Update project RU" [_thread_blocked, id=15016, stack(0x0000000cd7600000,0x0000000cd7700000)]
  0x000001669aa95f90 JavaThread "Worker-1: Building" [_thread_in_vm, id=6308, stack(0x0000000cd7700000,0x0000000cd7800000)]
  0x000001669aa96ec0 JavaThread "Worker-2" [_thread_blocked, id=7880, stack(0x0000000cd7800000,0x0000000cd7900000)]
  0x000001669aa97df0 JavaThread "Java indexing" daemon [_thread_blocked, id=15496, stack(0x0000000cd7900000,0x0000000cd7a00000)]
  0x000001669aa95570 JavaThread "Worker-3" [_thread_blocked, id=6884, stack(0x0000000cd7a00000,0x0000000cd7b00000)]
  0x000001669aa95a80 JavaThread "Worker-4" [_thread_blocked, id=4640, stack(0x0000000cd7b00000,0x0000000cd7c00000)]
  0x000001669aa978e0 JavaThread "JNA Cleaner" daemon [_thread_blocked, id=18360, stack(0x0000000cd7400000,0x0000000cd7500000)]
  0x000001669aa98300 JavaThread "pool-2-thread-1" [_thread_blocked, id=3192, stack(0x0000000cd7c00000,0x0000000cd7d00000)]
  0x000001669aa98810 JavaThread "WorkspaceEventsHandler" [_thread_blocked, id=19320, stack(0x0000000cd7d00000,0x0000000cd7e00000)]
  0x000001669bd60110 JavaThread "pool-1-thread-1" [_thread_in_Java, id=14136, stack(0x0000000cd7e00000,0x0000000cd7f00000)]
  0x000001669bd62480 JavaThread "Compiler Source File Reader" daemon [_thread_blocked, id=15140, stack(0x0000000cd7f00000,0x0000000cd8000000)]
  0x000001669bd61040 JavaThread "Compiler Source File Reader" daemon [_thread_blocked, id=14456, stack(0x0000000cd8000000,0x0000000cd8100000)]
  0x000001669bd66b60 JavaThread "Compiler Source File Reader" daemon [_thread_blocked, id=6976, stack(0x0000000cd8100000,0x0000000cd8200000)]

Other Threads:
  0x000001669533a170 VMThread "VM Thread" [stack: 0x0000000cd6100000,0x0000000cd6200000] [id=9480]
  0x000001669a28d970 WatcherThread [stack: 0x0000000cd6d00000,0x0000000cd6e00000] [id=13060]
  0x00000166ff956aa0 GCTaskThread "GC Thread#0" [stack: 0x0000000cd6000000,0x0000000cd6100000] [id=7116]
  0x000001669ab5d940 GCTaskThread "GC Thread#1" [stack: 0x0000000cd6e00000,0x0000000cd6f00000] [id=16352]

Threads with active compile tasks:
C2 CompilerThread0    24292 6771       4       org.lombokweb.asm.ClassReader::readMethod (1066 bytes)

VM state: not at safepoint (normal execution)

VM Mutex/Monitor currently owned by a thread: None

Heap address: 0x00000000c0000000, size: 1024 MB, Compressed Oops mode: 32-bit

CDS archive(s) not mapped
Compressed class space mapped at: 0x0000000100000000-0x0000000140000000, reserved size: 1073741824
Narrow klass base: 0x0000000000000000, Narrow klass shift: 3, Narrow klass range: 0x140000000

GC Precious Log:
 CPUs: 2 total, 2 available
 Memory: 3902M
 Large Page Support: Disabled
 NUMA Support: Disabled
 Compressed Oops: Enabled (32-bit)
 Alignments: Space 512K, Generation 512K, Heap 2M
 Heap Min Capacity: 100M
 Heap Initial Capacity: 100M
 Heap Max Capacity: 1G
 Pre-touch: Disabled
 Parallel Workers: 2

Heap:
 PSYoungGen      total 24576K, used 6756K [0x00000000eab00000, 0x00000000ec580000, 0x0000000100000000)
  eden space 22016K, 30% used [0x00000000eab00000,0x00000000eb1990e0,0x00000000ec080000)
  from space 2560K, 0% used [0x00000000ec180000,0x00000000ec180000,0x00000000ec400000)
  to   space 1024K, 0% used [0x00000000ec480000,0x00000000ec480000,0x00000000ec580000)
 ParOldGen       total 68608K, used 33602K [0x00000000c0000000, 0x00000000c4300000, 0x00000000eab00000)
  object space 68608K, 48% used [0x00000000c0000000,0x00000000c20d0b78,0x00000000c4300000)
 Metaspace       used 59690K, committed 60800K, reserved 1114112K
  class space    used 6412K, committed 6912K, reserved 1048576K

Card table byte_map: [0x00000166ffbe0000,0x00000166ffdf0000] _byte_map_base: 0x00000166ff5e0000

Marking Bits: (ParMarkBitMap*) 0x00007ff878acd7d0
 Begin Bits: [0x0000016692ff0000, 0x0000016693ff0000)
 End Bits:   [0x0000016693ff0000, 0x0000016694ff0000)

Polling page: 0x00000166ff490000

Metaspace:

Usage:
  Non-class:     52.03 MB used.
      Class:      6.26 MB used.
       Both:     58.29 MB used.

Virtual space:
  Non-class space:       64.00 MB reserved,      52.62 MB ( 82%) committed,  1 nodes.
      Class space:        1.00 GB reserved,       6.75 MB ( <1%) committed,  1 nodes.
             Both:        1.06 GB reserved,      59.38 MB (  5%) committed. 

Chunk freelists:
   Non-Class:  10.56 MB
       Class:  9.08 MB
        Both:  19.64 MB

MaxMetaspaceSize: unlimited
CompressedClassSpaceSize: 1.00 GB
Initial GC threshold: 21.00 MB
Current GC threshold: 97.31 MB
CDS: off
MetaspaceReclaimPolicy: balanced
 - commit_granule_bytes: 65536.
 - commit_granule_words: 8192.
 - virtual_space_node_default_size: 8388608.
 - enlarge_chunks_in_place: 1.
 - new_chunks_are_fully_committed: 0.
 - uncommit_free_chunks: 1.
 - use_allocation_guard: 0.
 - handle_deallocations: 1.


Internal statistics:

num_allocs_failed_limit: 9.
num_arena_births: 726.
num_arena_deaths: 14.
num_vsnodes_births: 2.
num_vsnodes_deaths: 0.
num_space_committed: 950.
num_space_uncommitted: 0.
num_chunks_returned_to_freelist: 23.
num_chunks_taken_from_freelist: 3144.
num_chunk_merges: 11.
num_chunk_splits: 1913.
num_chunks_enlarged: 1050.
num_inconsistent_stats: 0.

CodeHeap 'non-profiled nmethods': size=120064Kb used=3002Kb max_used=3002Kb free=117061Kb
 bounds [0x000001668bab0000, 0x000001668bda0000, 0x0000016692ff0000]
CodeHeap 'profiled nmethods': size=120000Kb used=13150Kb max_used=13150Kb free=106849Kb
 bounds [0x0000016683ff0000, 0x0000016684cd0000, 0x000001668b520000]
CodeHeap 'non-nmethods': size=5696Kb used=1303Kb max_used=1339Kb free=4392Kb
 bounds [0x000001668b520000, 0x000001668b790000, 0x000001668bab0000]
 total_blobs=6684 nmethods=6046 adapters=553
 compilation: enabled
              stopped_count=0, restarted_count=0
 full_count=0

Compilation events (20 events):
Event: 24.207 Thread 0x00000166953e2450 6862       2       org.eclipse.jdt.internal.compiler.parser.Parser::pushOnGenericsIdentifiersLengthStack (53 bytes)
Event: 24.207 Thread 0x00000166953e2450 nmethod 6862 0x0000016684cc1d10 code [0x0000016684cc1ec0, 0x0000016684cc2168]
Event: 24.207 Thread 0x00000166953e2450 6863       2       org.eclipse.jdt.internal.compiler.parser.Parser::pushOnGenericsLengthStack (53 bytes)
Event: 24.208 Thread 0x00000166953e2450 nmethod 6863 0x0000016684cc2310 code [0x0000016684cc24c0, 0x0000016684cc2768]
Event: 24.213 Thread 0x00000166953e2450 6864       2       org.eclipse.jdt.internal.compiler.parser.Parser::consumeModifiers (43 bytes)
Event: 24.214 Thread 0x00000166953e2450 nmethod 6864 0x0000016684cc2910 code [0x0000016684cc2ae0, 0x0000016684cc2cb8]
Event: 24.218 Thread 0x00000166953e2450 6866       2       lombok.permit.Permit::invoke (8 bytes)
Event: 24.218 Thread 0x00000166953e2450 nmethod 6866 0x0000016684cc2e10 code [0x0000016684cc2fa0, 0x0000016684cc30c8]
Event: 24.218 Thread 0x00000166953e2450 6867       2       lombok.eclipse.EclipseAST::buildTypeUse (294 bytes)
Event: 24.221 Thread 0x00000166953e2450 nmethod 6867 0x0000016684cc3190 code [0x0000016684cc3460, 0x0000016684cc42c8]
Event: 24.221 Thread 0x00000166953e2450 6868       2       org.eclipse.jdt.internal.compiler.ast.TypeReference::getAnnotationsOnDimensions (6 bytes)
Event: 24.221 Thread 0x00000166953e2450 nmethod 6868 0x0000016684cc4d10 code [0x0000016684cc4ea0, 0x0000016684cc4fc8]
Event: 24.221 Thread 0x00000166953e2450 6869   !   2       lombok.permit.Permit::get (30 bytes)
Event: 24.222 Thread 0x00000166953e2450 nmethod 6869 0x0000016684cc5090 code [0x0000016684cc5280, 0x0000016684cc5508]
Event: 24.222 Thread 0x00000166953e2450 6870       1       lombok.eclipse.HandlerLibrary$VisitorContainer::getPriority (5 bytes)
Event: 24.222 Thread 0x00000166953e2450 nmethod 6870 0x000001668bd9e710 code [0x000001668bd9e8a0, 0x000001668bd9e978]
Event: 24.233 Thread 0x00000166953e2450 6871       3       org.eclipse.jdt.internal.compiler.parser.Scanner::getCurrentIdentifierSource (73 bytes)
Event: 24.233 Thread 0x00000166953e2450 nmethod 6871 0x0000016684cc5790 code [0x0000016684cc5960, 0x0000016684cc5cf8]
Event: 24.234 Thread 0x00000166953e2450 6872       2       org.eclipse.jdt.internal.compiler.parser.Parser::checkAndSetModifiers (147 bytes)
Event: 24.234 Thread 0x00000166953e2450 nmethod 6872 0x0000016684cc5e10 code [0x0000016684cc5fe0, 0x0000016684cc62a8]

GC Heap History (20 events):
Event: 18.967 GC heap before
{Heap before GC invocations=21 (full 2):
 PSYoungGen      total 23552K, used 23345K [0x00000000eab00000, 0x00000000ec580000, 0x0000000100000000)
  eden space 22016K, 100% used [0x00000000eab00000,0x00000000ec080000,0x00000000ec080000)
  from space 1536K, 86% used [0x00000000ec400000,0x00000000ec54c738,0x00000000ec580000)
  to   space 2048K, 0% used [0x00000000ec180000,0x00000000ec180000,0x00000000ec380000)
 ParOldGen       total 68608K, used 23382K [0x00000000c0000000, 0x00000000c4300000, 0x00000000eab00000)
  object space 68608K, 34% used [0x00000000c0000000,0x00000000c16d5af0,0x00000000c4300000)
 Metaspace       used 49992K, committed 51072K, reserved 1114112K
  class space    used 5384K, committed 5824K, reserved 1048576K
}
Event: 18.975 GC heap after
{Heap after GC invocations=21 (full 2):
 PSYoungGen      total 24064K, used 640K [0x00000000eab00000, 0x00000000ec480000, 0x0000000100000000)
  eden space 22016K, 0% used [0x00000000eab00000,0x00000000eab00000,0x00000000ec080000)
  from space 2048K, 31% used [0x00000000ec180000,0x00000000ec220000,0x00000000ec380000)
  to   space 1024K, 0% used [0x00000000ec380000,0x00000000ec380000,0x00000000ec480000)
 ParOldGen       total 68608K, used 24447K [0x00000000c0000000, 0x00000000c4300000, 0x00000000eab00000)
  object space 68608K, 35% used [0x00000000c0000000,0x00000000c17dfef0,0x00000000c4300000)
 Metaspace       used 49992K, committed 51072K, reserved 1114112K
  class space    used 5384K, committed 5824K, reserved 1048576K
}
Event: 19.925 GC heap before
{Heap before GC invocations=22 (full 2):
 PSYoungGen      total 24064K, used 22655K [0x00000000eab00000, 0x00000000ec480000, 0x0000000100000000)
  eden space 22016K, 99% used [0x00000000eab00000,0x00000000ec07ffe8,0x00000000ec080000)
  from space 2048K, 31% used [0x00000000ec180000,0x00000000ec220000,0x00000000ec380000)
  to   space 1024K, 0% used [0x00000000ec380000,0x00000000ec380000,0x00000000ec480000)
 ParOldGen       total 68608K, used 24447K [0x00000000c0000000, 0x00000000c4300000, 0x00000000eab00000)
  object space 68608K, 35% used [0x00000000c0000000,0x00000000c17dfef0,0x00000000c4300000)
 Metaspace       used 51855K, committed 52864K, reserved 1114112K
  class space    used 5577K, committed 6016K, reserved 1048576K
}
Event: 19.930 GC heap after
{Heap after GC invocations=22 (full 2):
 PSYoungGen      total 23040K, used 999K [0x00000000eab00000, 0x00000000ec480000, 0x0000000100000000)
  eden space 22016K, 0% used [0x00000000eab00000,0x00000000eab00000,0x00000000ec080000)
  from space 1024K, 97% used [0x00000000ec380000,0x00000000ec479fc0,0x00000000ec480000)
  to   space 2048K, 0% used [0x00000000ec080000,0x00000000ec080000,0x00000000ec280000)
 ParOldGen       total 68608K, used 25063K [0x00000000c0000000, 0x00000000c4300000, 0x00000000eab00000)
  object space 68608K, 36% used [0x00000000c0000000,0x00000000c1879ef0,0x00000000c4300000)
 Metaspace       used 51855K, committed 52864K, reserved 1114112K
  class space    used 5577K, committed 6016K, reserved 1048576K
}
Event: 20.173 GC heap before
{Heap before GC invocations=23 (full 2):
 PSYoungGen      total 23040K, used 23015K [0x00000000eab00000, 0x00000000ec480000, 0x0000000100000000)
  eden space 22016K, 100% used [0x00000000eab00000,0x00000000ec080000,0x00000000ec080000)
  from space 1024K, 97% used [0x00000000ec380000,0x00000000ec479fc0,0x00000000ec480000)
  to   space 2048K, 0% used [0x00000000ec080000,0x00000000ec080000,0x00000000ec280000)
 ParOldGen       total 68608K, used 25063K [0x00000000c0000000, 0x00000000c4300000, 0x00000000eab00000)
  object space 68608K, 36% used [0x00000000c0000000,0x00000000c1879ef0,0x00000000c4300000)
 Metaspace       used 52396K, committed 53504K, reserved 1114112K
  class space    used 5619K, committed 6080K, reserved 1048576K
}
Event: 20.183 GC heap after
{Heap after GC invocations=23 (full 2):
 PSYoungGen      total 24064K, used 2048K [0x00000000eab00000, 0x00000000ec780000, 0x0000000100000000)
  eden space 22016K, 0% used [0x00000000eab00000,0x00000000eab00000,0x00000000ec080000)
  from space 2048K, 100% used [0x00000000ec080000,0x00000000ec280000,0x00000000ec280000)
  to   space 3584K, 0% used [0x00000000ec400000,0x00000000ec400000,0x00000000ec780000)
 ParOldGen       total 68608K, used 26055K [0x00000000c0000000, 0x00000000c4300000, 0x00000000eab00000)
  object space 68608K, 37% used [0x00000000c0000000,0x00000000c1971e40,0x00000000c4300000)
 Metaspace       used 52396K, committed 53504K, reserved 1114112K
  class space    used 5619K, committed 6080K, reserved 1048576K
}
Event: 20.267 GC heap before
{Heap before GC invocations=24 (full 2):
 PSYoungGen      total 24064K, used 24064K [0x00000000eab00000, 0x00000000ec780000, 0x0000000100000000)
  eden space 22016K, 100% used [0x00000000eab00000,0x00000000ec080000,0x00000000ec080000)
  from space 2048K, 100% used [0x00000000ec080000,0x00000000ec280000,0x00000000ec280000)
  to   space 3584K, 0% used [0x00000000ec400000,0x00000000ec400000,0x00000000ec780000)
 ParOldGen       total 68608K, used 26055K [0x00000000c0000000, 0x00000000c4300000, 0x00000000eab00000)
  object space 68608K, 37% used [0x00000000c0000000,0x00000000c1971e40,0x00000000c4300000)
 Metaspace       used 52491K, committed 53568K, reserved 1114112K
  class space    used 5629K, committed 6080K, reserved 1048576K
}
Event: 20.280 GC heap after
{Heap after GC invocations=24 (full 2):
 PSYoungGen      total 24576K, used 2400K [0x00000000eab00000, 0x00000000ec680000, 0x0000000100000000)
  eden space 22016K, 0% used [0x00000000eab00000,0x00000000eab00000,0x00000000ec080000)
  from space 2560K, 93% used [0x00000000ec400000,0x00000000ec658010,0x00000000ec680000)
  to   space 3072K, 0% used [0x00000000ec080000,0x00000000ec080000,0x00000000ec380000)
 ParOldGen       total 68608K, used 28112K [0x00000000c0000000, 0x00000000c4300000, 0x00000000eab00000)
  object space 68608K, 40% used [0x00000000c0000000,0x00000000c1b743a8,0x00000000c4300000)
 Metaspace       used 52491K, committed 53568K, reserved 1114112K
  class space    used 5629K, committed 6080K, reserved 1048576K
}
Event: 20.632 GC heap before
{Heap before GC invocations=25 (full 2):
 PSYoungGen      total 24576K, used 24416K [0x00000000eab00000, 0x00000000ec680000, 0x0000000100000000)
  eden space 22016K, 100% used [0x00000000eab00000,0x00000000ec080000,0x00000000ec080000)
  from space 2560K, 93% used [0x00000000ec400000,0x00000000ec658010,0x00000000ec680000)
  to   space 3072K, 0% used [0x00000000ec080000,0x00000000ec080000,0x00000000ec380000)
 ParOldGen       total 68608K, used 28112K [0x00000000c0000000, 0x00000000c4300000, 0x00000000eab00000)
  object space 68608K, 40% used [0x00000000c0000000,0x00000000c1b743a8,0x00000000c4300000)
 Metaspace       used 53201K, committed 54272K, reserved 1114112K
  class space    used 5740K, committed 6208K, reserved 1048576K
}
Event: 20.641 GC heap after
{Heap after GC invocations=25 (full 2):
 PSYoungGen      total 23552K, used 1248K [0x00000000eab00000, 0x00000000ec480000, 0x0000000100000000)
  eden space 22016K, 0% used [0x00000000eab00000,0x00000000eab00000,0x00000000ec080000)
  from space 1536K, 81% used [0x00000000ec080000,0x00000000ec1b8000,0x00000000ec200000)
  to   space 2048K, 0% used [0x00000000ec280000,0x00000000ec280000,0x00000000ec480000)
 ParOldGen       total 68608K, used 30488K [0x00000000c0000000, 0x00000000c4300000, 0x00000000eab00000)
  object space 68608K, 44% used [0x00000000c0000000,0x00000000c1dc63b8,0x00000000c4300000)
 Metaspace       used 53201K, committed 54272K, reserved 1114112K
  class space    used 5740K, committed 6208K, reserved 1048576K
}
Event: 21.980 GC heap before
{Heap before GC invocations=26 (full 2):
 PSYoungGen      total 23552K, used 23264K [0x00000000eab00000, 0x00000000ec480000, 0x0000000100000000)
  eden space 22016K, 100% used [0x00000000eab00000,0x00000000ec080000,0x00000000ec080000)
  from space 1536K, 81% used [0x00000000ec080000,0x00000000ec1b8000,0x00000000ec200000)
  to   space 2048K, 0% used [0x00000000ec280000,0x00000000ec280000,0x00000000ec480000)
 ParOldGen       total 68608K, used 30488K [0x00000000c0000000, 0x00000000c4300000, 0x00000000eab00000)
  object space 68608K, 44% used [0x00000000c0000000,0x00000000c1dc63b8,0x00000000c4300000)
 Metaspace       used 56204K, committed 57216K, reserved 1114112K
  class space    used 6039K, committed 6464K, reserved 1048576K
}
Event: 21.987 GC heap after
{Heap after GC invocations=26 (full 2):
 PSYoungGen      total 23552K, used 1264K [0x00000000eab00000, 0x00000000ec400000, 0x0000000100000000)
  eden space 22016K, 0% used [0x00000000eab00000,0x00000000eab00000,0x00000000ec080000)
  from space 1536K, 82% used [0x00000000ec280000,0x00000000ec3bc2a8,0x00000000ec400000)
  to   space 1536K, 0% used [0x00000000ec080000,0x00000000ec080000,0x00000000ec200000)
 ParOldGen       total 68608K, used 31648K [0x00000000c0000000, 0x00000000c4300000, 0x00000000eab00000)
  object space 68608K, 46% used [0x00000000c0000000,0x00000000c1ee83b8,0x00000000c4300000)
 Metaspace       used 56204K, committed 57216K, reserved 1114112K
  class space    used 6039K, committed 6464K, reserved 1048576K
}
Event: 22.984 GC heap before
{Heap before GC invocations=27 (full 2):
 PSYoungGen      total 23552K, used 23280K [0x00000000eab00000, 0x00000000ec400000, 0x0000000100000000)
  eden space 22016K, 100% used [0x00000000eab00000,0x00000000ec080000,0x00000000ec080000)
  from space 1536K, 82% used [0x00000000ec280000,0x00000000ec3bc2a8,0x00000000ec400000)
  to   space 1536K, 0% used [0x00000000ec080000,0x00000000ec080000,0x00000000ec200000)
 ParOldGen       total 68608K, used 31648K [0x00000000c0000000, 0x00000000c4300000, 0x00000000eab00000)
  object space 68608K, 46% used [0x00000000c0000000,0x00000000c1ee83b8,0x00000000c4300000)
 Metaspace       used 58217K, committed 59328K, reserved 1114112K
  class space    used 6271K, committed 6720K, reserved 1048576K
}
Event: 22.994 GC heap after
{Heap after GC invocations=27 (full 2):
 PSYoungGen      total 23552K, used 1531K [0x00000000eab00000, 0x00000000ec980000, 0x0000000100000000)
  eden space 22016K, 0% used [0x00000000eab00000,0x00000000eab00000,0x00000000ec080000)
  from space 1536K, 99% used [0x00000000ec080000,0x00000000ec1fee78,0x00000000ec200000)
  to   space 4608K, 0% used [0x00000000ec500000,0x00000000ec500000,0x00000000ec980000)
 ParOldGen       total 68608K, used 33937K [0x00000000c0000000, 0x00000000c4300000, 0x00000000eab00000)
  object space 68608K, 49% used [0x00000000c0000000,0x00000000c21244f0,0x00000000c4300000)
 Metaspace       used 58217K, committed 59328K, reserved 1114112K
  class space    used 6271K, committed 6720K, reserved 1048576K
}
Event: 23.251 GC heap before
{Heap before GC invocations=28 (full 2):
 PSYoungGen      total 23552K, used 23547K [0x00000000eab00000, 0x00000000ec980000, 0x0000000100000000)
  eden space 22016K, 100% used [0x00000000eab00000,0x00000000ec080000,0x00000000ec080000)
  from space 1536K, 99% used [0x00000000ec080000,0x00000000ec1fee78,0x00000000ec200000)
  to   space 4608K, 0% used [0x00000000ec500000,0x00000000ec500000,0x00000000ec980000)
 ParOldGen       total 68608K, used 33937K [0x00000000c0000000, 0x00000000c4300000, 0x00000000eab00000)
  object space 68608K, 49% used [0x00000000c0000000,0x00000000c21244f0,0x00000000c4300000)
 Metaspace       used 58388K, committed 59456K, reserved 1114112K
  class space    used 6291K, committed 6720K, reserved 1048576K
}
Event: 23.257 GC heap after
{Heap after GC invocations=28 (full 2):
 PSYoungGen      total 23552K, used 1047K [0x00000000eab00000, 0x00000000ec680000, 0x0000000100000000)
  eden space 22016K, 0% used [0x00000000eab00000,0x00000000eab00000,0x00000000ec080000)
  from space 1536K, 68% used [0x00000000ec500000,0x00000000ec605ed0,0x00000000ec680000)
  to   space 2560K, 0% used [0x00000000ec180000,0x00000000ec180000,0x00000000ec400000)
 ParOldGen       total 68608K, used 35468K [0x00000000c0000000, 0x00000000c4300000, 0x00000000eab00000)
  object space 68608K, 51% used [0x00000000c0000000,0x00000000c22a3368,0x00000000c4300000)
 Metaspace       used 58388K, committed 59456K, reserved 1114112K
  class space    used 6291K, committed 6720K, reserved 1048576K
}
Event: 23.459 GC heap before
{Heap before GC invocations=29 (full 2):
 PSYoungGen      total 23552K, used 11049K [0x00000000eab00000, 0x00000000ec680000, 0x0000000100000000)
  eden space 22016K, 45% used [0x00000000eab00000,0x00000000eb4c48e0,0x00000000ec080000)
  from space 1536K, 68% used [0x00000000ec500000,0x00000000ec605ed0,0x00000000ec680000)
  to   space 2560K, 0% used [0x00000000ec180000,0x00000000ec180000,0x00000000ec400000)
 ParOldGen       total 68608K, used 35468K [0x00000000c0000000, 0x00000000c4300000, 0x00000000eab00000)
  object space 68608K, 51% used [0x00000000c0000000,0x00000000c22a3368,0x00000000c4300000)
 Metaspace       used 58646K, committed 59776K, reserved 1114112K
  class space    used 6311K, committed 6848K, reserved 1048576K
}
Event: 23.462 GC heap after
{Heap after GC invocations=29 (full 2):
 PSYoungGen      total 24576K, used 160K [0x00000000eab00000, 0x00000000ec580000, 0x0000000100000000)
  eden space 22016K, 0% used [0x00000000eab00000,0x00000000eab00000,0x00000000ec080000)
  from space 2560K, 6% used [0x00000000ec180000,0x00000000ec1a8000,0x00000000ec400000)
  to   space 1024K, 0% used [0x00000000ec480000,0x00000000ec480000,0x00000000ec580000)
 ParOldGen       total 68608K, used 36045K [0x00000000c0000000, 0x00000000c4300000, 0x00000000eab00000)
  object space 68608K, 52% used [0x00000000c0000000,0x00000000c2333688,0x00000000c4300000)
 Metaspace       used 58646K, committed 59776K, reserved 1114112K
  class space    used 6311K, committed 6848K, reserved 1048576K
}
Event: 23.462 GC heap before
{Heap before GC invocations=30 (full 3):
 PSYoungGen      total 24576K, used 160K [0x00000000eab00000, 0x00000000ec580000, 0x0000000100000000)
  eden space 22016K, 0% used [0x00000000eab00000,0x00000000eab00000,0x00000000ec080000)
  from space 2560K, 6% used [0x00000000ec180000,0x00000000ec1a8000,0x00000000ec400000)
  to   space 1024K, 0% used [0x00000000ec480000,0x00000000ec480000,0x00000000ec580000)
 ParOldGen       total 68608K, used 36045K [0x00000000c0000000, 0x00000000c4300000, 0x00000000eab00000)
  object space 68608K, 52% used [0x00000000c0000000,0x00000000c2333688,0x00000000c4300000)
 Metaspace       used 58646K, committed 59776K, reserved 1114112K
  class space    used 6311K, committed 6848K, reserved 1048576K
}
Event: 23.689 GC heap after
{Heap after GC invocations=30 (full 3):
 PSYoungGen      total 24576K, used 0K [0x00000000eab00000, 0x00000000ec580000, 0x0000000100000000)
  eden space 22016K, 0% used [0x00000000eab00000,0x00000000eab00000,0x00000000ec080000)
  from space 2560K, 0% used [0x00000000ec180000,0x00000000ec180000,0x00000000ec400000)
  to   space 1024K, 0% used [0x00000000ec480000,0x00000000ec480000,0x00000000ec580000)
 ParOldGen       total 68608K, used 33602K [0x00000000c0000000, 0x00000000c4300000, 0x00000000eab00000)
  object space 68608K, 48% used [0x00000000c0000000,0x00000000c20d0b78,0x00000000c4300000)
 Metaspace       used 58646K, committed 59776K, reserved 1114112K
  class space    used 6311K, committed 6848K, reserved 1048576K
}

Dll operation events (10 events):
Event: 0.061 Loaded shared library c:\Users\mirel\.vscode\extensions\redhat.java-1.28.1-win32-x64\jre\17.0.10-win32-x86_64\bin\java.dll
Event: 0.488 Loaded shared library c:\Users\mirel\.vscode\extensions\redhat.java-1.28.1-win32-x64\jre\17.0.10-win32-x86_64\bin\zip.dll
Event: 0.493 Loaded shared library C:\Users\mirel\.vscode\extensions\redhat.java-1.28.1-win32-x64\jre\17.0.10-win32-x86_64\bin\instrument.dll
Event: 0.515 Loaded shared library C:\Users\mirel\.vscode\extensions\redhat.java-1.28.1-win32-x64\jre\17.0.10-win32-x86_64\bin\net.dll
Event: 0.523 Loaded shared library C:\Users\mirel\.vscode\extensions\redhat.java-1.28.1-win32-x64\jre\17.0.10-win32-x86_64\bin\nio.dll
Event: 0.533 Loaded shared library C:\Users\mirel\.vscode\extensions\redhat.java-1.28.1-win32-x64\jre\17.0.10-win32-x86_64\bin\zip.dll
Event: 0.579 Loaded shared library C:\Users\mirel\.vscode\extensions\redhat.java-1.28.1-win32-x64\jre\17.0.10-win32-x86_64\bin\jimage.dll
Event: 0.756 Loaded shared library c:\Users\mirel\.vscode\extensions\redhat.java-1.28.1-win32-x64\jre\17.0.10-win32-x86_64\bin\verify.dll
Event: 5.331 Loaded shared library C:\Users\mirel\AppData\Roaming\Code\User\globalStorage\redhat.java\1.28.1\config_win\org.eclipse.equinox.launcher\org.eclipse.equinox.launcher.win32.win32.x86_64_1.2.900.v20240129-1338\eclipse_11900.dll
Event: 19.531 Loaded shared library C:\Users\mirel\AppData\Local\Temp\jna-103904637\jna12654985972454568741.dll

Deoptimization events (20 events):
Event: 23.179 Thread 0x000001669bd60110 Uncommon trap: trap_request=0xffffffde fr.pc=0x000001668babd494 relative=0x0000000000000194
Event: 23.179 Thread 0x000001669bd60110 Uncommon trap: reason=class_check action=maybe_recompile pc=0x000001668babd494 method=java.lang.String.equals(Ljava/lang/Object;)Z @ 8 c2
Event: 23.179 Thread 0x000001669bd60110 DEOPT PACKING pc=0x000001668babd494 sp=0x0000000cd7efdd10
Event: 23.179 Thread 0x000001669bd60110 DEOPT UNPACKING pc=0x000001668b57669d sp=0x0000000cd7efdcb8 mode 2
Event: 23.220 Thread 0x000001669aa95f90 DEOPT PACKING pc=0x000001668485f0cb sp=0x0000000cd77f9db0
Event: 23.220 Thread 0x000001669aa95f90 DEOPT UNPACKING pc=0x000001668b576e24 sp=0x0000000cd77f92b0 mode 0
Event: 23.229 Thread 0x000001669aa95f90 DEOPT PACKING pc=0x000001668485f0cb sp=0x0000000cd77f9db0
Event: 23.229 Thread 0x000001669aa95f90 DEOPT UNPACKING pc=0x000001668b576e24 sp=0x0000000cd77f92b0 mode 0
Event: 23.236 Thread 0x000001669aa95f90 DEOPT PACKING pc=0x000001668485f0cb sp=0x0000000cd77f9db0
Event: 23.236 Thread 0x000001669aa95f90 DEOPT UNPACKING pc=0x000001668b576e24 sp=0x0000000cd77f92b0 mode 0
Event: 23.240 Thread 0x000001669aa95f90 DEOPT PACKING pc=0x000001668485f0cb sp=0x0000000cd77f9db0
Event: 23.240 Thread 0x000001669aa95f90 DEOPT UNPACKING pc=0x000001668b576e24 sp=0x0000000cd77f92b0 mode 0
Event: 23.385 Thread 0x000001669aa95f90 DEOPT PACKING pc=0x000001668485f0cb sp=0x0000000cd77f9db0
Event: 23.385 Thread 0x000001669aa95f90 DEOPT UNPACKING pc=0x000001668b576e24 sp=0x0000000cd77f92b0 mode 0
Event: 23.395 Thread 0x000001669aa95f90 DEOPT PACKING pc=0x000001668485f0cb sp=0x0000000cd77f9db0
Event: 23.395 Thread 0x000001669aa95f90 DEOPT UNPACKING pc=0x000001668b576e24 sp=0x0000000cd77f92b0 mode 0
Event: 23.427 Thread 0x000001669aa95f90 DEOPT PACKING pc=0x000001668485f0cb sp=0x0000000cd77f9db0
Event: 23.427 Thread 0x000001669aa95f90 DEOPT UNPACKING pc=0x000001668b576e24 sp=0x0000000cd77f92b0 mode 0
Event: 23.932 Thread 0x000001669aa95f90 DEOPT PACKING pc=0x00000166841dba13 sp=0x0000000cd77fd390
Event: 23.932 Thread 0x000001669aa95f90 DEOPT UNPACKING pc=0x000001668b576e24 sp=0x0000000cd77fc8c8 mode 0

Classes unloaded (7 events):
Event: 12.938 Thread 0x000001669533a170 Unloading class 0x000000010024bc00 'java/lang/invoke/LambdaForm$MH+0x000000010024bc00'
Event: 12.938 Thread 0x000001669533a170 Unloading class 0x000000010024b800 'java/lang/invoke/LambdaForm$MH+0x000000010024b800'
Event: 12.938 Thread 0x000001669533a170 Unloading class 0x000000010024b400 'java/lang/invoke/LambdaForm$MH+0x000000010024b400'
Event: 12.938 Thread 0x000001669533a170 Unloading class 0x000000010024b000 'java/lang/invoke/LambdaForm$MH+0x000000010024b000'
Event: 12.938 Thread 0x000001669533a170 Unloading class 0x000000010024ac00 'java/lang/invoke/LambdaForm$BMH+0x000000010024ac00'
Event: 12.938 Thread 0x000001669533a170 Unloading class 0x000000010024a800 'java/lang/invoke/LambdaForm$DMH+0x000000010024a800'
Event: 12.938 Thread 0x000001669533a170 Unloading class 0x0000000100244400 'java/lang/invoke/LambdaForm$DMH+0x0000000100244400'

Classes redefined (0 events):
No events

Internal exceptions (20 events):
Event: 20.824 Thread 0x000001669aa95f90 Exception <a 'java/lang/NoSuchMethodError'{0x00000000eb2e07e0}: 'java.lang.Object java.lang.invoke.Invokers$Holder.linkToTargetMethod(java.lang.Object, java.lang.Object, int, java.lang.Object)'> (0x00000000eb2e07e0) 
thrown [s\src\hotspot\share\interpreter\linkResolver.cpp, line 759]
Event: 20.860 Thread 0x000001669aa95f90 Exception <a 'sun/nio/fs/WindowsException'{0x00000000eb43fdc8}> (0x00000000eb43fdc8) 
thrown [s\src\hotspot\share\prims\jni.cpp, line 516]
Event: 20.913 Thread 0x00000166ff93e8c0 Exception <a 'java/lang/NoSuchMethodError'{0x00000000eb5ffc60}: 'void java.lang.invoke.DirectMethodHandle$Holder.invokeSpecial(java.lang.Object, java.lang.Object, java.lang.Object, java.lang.Object, java.lang.Object, java.lang.Object)'> (0x00000000eb5ffc60) 
thrown [s\src\hotspot\share\interpreter\linkResolver.cpp, line 759]
Event: 20.923 Thread 0x00000166ff93e8c0 Exception <a 'java/lang/IncompatibleClassChangeError'{0x00000000eb609460}: Found class java.lang.Object, but interface was expected> (0x00000000eb609460) 
thrown [s\src\hotspot\share\interpreter\linkResolver.cpp, line 826]
Event: 21.054 Thread 0x000001669aa95f90 Exception <a 'sun/nio/fs/WindowsException'{0x00000000eb458bc8}> (0x00000000eb458bc8) 
thrown [s\src\hotspot\share\prims\jni.cpp, line 516]
Event: 21.059 Thread 0x000001669aa95f90 Exception <a 'sun/nio/fs/WindowsException'{0x00000000eb461180}> (0x00000000eb461180) 
thrown [s\src\hotspot\share\prims\jni.cpp, line 516]
Event: 21.070 Thread 0x000001669aa95f90 Exception <a 'sun/nio/fs/WindowsException'{0x00000000eb46aa40}> (0x00000000eb46aa40) 
thrown [s\src\hotspot\share\prims\jni.cpp, line 516]
Event: 21.084 Thread 0x000001669aa95f90 Exception <a 'sun/nio/fs/WindowsException'{0x00000000eb47e958}> (0x00000000eb47e958) 
thrown [s\src\hotspot\share\prims\jni.cpp, line 516]
Event: 21.135 Thread 0x000001669aa95f90 Exception <a 'sun/nio/fs/WindowsException'{0x00000000eb8e9130}> (0x00000000eb8e9130) 
thrown [s\src\hotspot\share\prims\jni.cpp, line 516]
Event: 21.150 Thread 0x000001669aa95f90 Exception <a 'sun/nio/fs/WindowsException'{0x00000000eb8fbd38}> (0x00000000eb8fbd38) 
thrown [s\src\hotspot\share\prims\jni.cpp, line 516]
Event: 21.153 Thread 0x000001669aa95f90 Exception <a 'sun/nio/fs/WindowsException'{0x00000000eb9031f0}> (0x00000000eb9031f0) 
thrown [s\src\hotspot\share\prims\jni.cpp, line 516]
Event: 21.157 Thread 0x000001669aa95f90 Exception <a 'sun/nio/fs/WindowsException'{0x00000000eb90b540}> (0x00000000eb90b540) 
thrown [s\src\hotspot\share\prims\jni.cpp, line 516]
Event: 21.168 Thread 0x000001669aa95f90 Exception <a 'sun/nio/fs/WindowsException'{0x00000000eb913a98}> (0x00000000eb913a98) 
thrown [s\src\hotspot\share\prims\jni.cpp, line 516]
Event: 22.428 Thread 0x000001669aa95f90 Exception <a 'java/lang/NoSuchMethodError'{0x00000000eb394e00}: 'int java.lang.invoke.DirectMethodHandle$Holder.invokeInterface(java.lang.Object, java.lang.Object)'> (0x00000000eb394e00) 
thrown [s\src\hotspot\share\interpreter\linkResolver.cpp, line 759]
Event: 22.431 Thread 0x000001669aa95f90 Exception <a 'java/lang/IncompatibleClassChangeError'{0x00000000eb398390}: Found class java.lang.Object, but interface was expected> (0x00000000eb398390) 
thrown [s\src\hotspot\share\interpreter\linkResolver.cpp, line 826]
Event: 22.476 Thread 0x000001669aa95570 Exception <a 'java/io/FileNotFoundException'{0x00000000eb4eb790}> (0x00000000eb4eb790) 
thrown [s\src\hotspot\share\prims\jni.cpp, line 516]
Event: 22.476 Thread 0x000001669aa95570 Exception <a 'java/io/FileNotFoundException'{0x00000000eb4ec7d8}> (0x00000000eb4ec7d8) 
thrown [s\src\hotspot\share\prims\jni.cpp, line 516]
Event: 22.476 Thread 0x000001669aa95570 Exception <a 'java/io/FileNotFoundException'{0x00000000eb4ed830}> (0x00000000eb4ed830) 
thrown [s\src\hotspot\share\prims\jni.cpp, line 516]
Event: 22.506 Thread 0x000001669bd60110 Exception <a 'java/io/FileNotFoundException'{0x00000000eb52d4d0}> (0x00000000eb52d4d0) 
thrown [s\src\hotspot\share\prims\jni.cpp, line 516]
Event: 22.846 Thread 0x000001669aa964a0 Exception <a 'java/lang/NoSuchMethodError'{0x00000000eba1de60}: 'int java.lang.invoke.DirectMethodHandle$Holder.invokeSpecialIFC(java.lang.Object, java.lang.Object, java.lang.Object, java.lang.Object)'> (0x00000000eba1de60) 
thrown [s\src\hotspot\share\interpreter\linkResolver.cpp, line 759]

VM Operations (20 events):
Event: 20.267 Executing VM operation: ParallelGCFailedAllocation
Event: 20.281 Executing VM operation: ParallelGCFailedAllocation done
Event: 20.459 Executing VM operation: HandshakeAllThreads
Event: 20.459 Executing VM operation: HandshakeAllThreads done
Event: 20.631 Executing VM operation: ParallelGCFailedAllocation
Event: 20.641 Executing VM operation: ParallelGCFailedAllocation done
Event: 21.660 Executing VM operation: Cleanup
Event: 21.743 Executing VM operation: Cleanup done
Event: 21.979 Executing VM operation: ParallelGCFailedAllocation
Event: 21.987 Executing VM operation: ParallelGCFailedAllocation done
Event: 22.410 Executing VM operation: HandshakeAllThreads
Event: 22.411 Executing VM operation: HandshakeAllThreads done
Event: 22.417 Executing VM operation: HandshakeAllThreads
Event: 22.417 Executing VM operation: HandshakeAllThreads done
Event: 22.984 Executing VM operation: ParallelGCFailedAllocation
Event: 23.005 Executing VM operation: ParallelGCFailedAllocation done
Event: 23.251 Executing VM operation: ParallelGCFailedAllocation
Event: 23.257 Executing VM operation: ParallelGCFailedAllocation done
Event: 23.458 Executing VM operation: CollectForMetadataAllocation
Event: 23.689 Executing VM operation: CollectForMetadataAllocation done

Events (20 events):
Event: 22.809 loading class java/util/concurrent/CompletableFuture$AltResult
Event: 22.810 loading class java/util/concurrent/CompletableFuture$AltResult done
Event: 22.810 loading class java/util/concurrent/CompletableFuture$ThreadPerTaskExecutor
Event: 22.815 loading class java/util/concurrent/CompletableFuture$ThreadPerTaskExecutor done
Event: 22.815 loading class java/util/concurrent/CompletableFuture$Completion
Event: 22.815 loading class java/util/concurrent/CompletableFuture$AsynchronousCompletionTask
Event: 22.815 loading class java/util/concurrent/CompletableFuture$AsynchronousCompletionTask done
Event: 22.815 loading class java/util/concurrent/ForkJoinTask
Event: 22.817 loading class java/util/concurrent/ForkJoinTask done
Event: 22.817 loading class java/util/concurrent/CompletableFuture$Completion done
Event: 22.852 loading class jdk/internal/math/FormattedFloatingDecimal$Form
Event: 22.852 loading class jdk/internal/math/FormattedFloatingDecimal$Form done
Event: 22.853 loading class jdk/internal/math/FormattedFloatingDecimal
Event: 22.853 loading class jdk/internal/math/FormattedFloatingDecimal done
Event: 22.853 loading class jdk/internal/math/FormattedFloatingDecimal$1
Event: 22.854 loading class jdk/internal/math/FormattedFloatingDecimal$1 done
Event: 22.854 loading class jdk/internal/math/FormattedFloatingDecimal$2
Event: 22.854 loading class jdk/internal/math/FormattedFloatingDecimal$2 done
Event: 23.310 loading class jdk/internal/reflect/UnsafeIntegerFieldAccessorImpl
Event: 23.311 loading class jdk/internal/reflect/UnsafeIntegerFieldAccessorImpl done


Dynamic libraries:
0x00007ff7eed10000 - 0x00007ff7eed1e000 	c:\Users\mirel\.vscode\extensions\redhat.java-1.28.1-win32-x64\jre\17.0.10-win32-x86_64\bin\java.exe
0x00007ff8e03c0000 - 0x00007ff8e05c9000 	C:\WINDOWS\SYSTEM32\ntdll.dll
0x00007ff8de2a0000 - 0x00007ff8de35e000 	C:\WINDOWS\System32\KERNEL32.DLL
0x00007ff8dd920000 - 0x00007ff8ddca4000 	C:\WINDOWS\System32\KERNELBASE.dll
0x00007ff8ddf60000 - 0x00007ff8de071000 	C:\WINDOWS\System32\ucrtbase.dll
0x00007ff8cdd90000 - 0x00007ff8cddab000 	c:\Users\mirel\.vscode\extensions\redhat.java-1.28.1-win32-x64\jre\17.0.10-win32-x86_64\bin\VCRUNTIME140.dll
0x00007ff8cdcf0000 - 0x00007ff8cdd07000 	c:\Users\mirel\.vscode\extensions\redhat.java-1.28.1-win32-x64\jre\17.0.10-win32-x86_64\bin\jli.dll
0x00007ff8df060000 - 0x00007ff8df20d000 	C:\WINDOWS\System32\USER32.dll
0x00007ff8dd850000 - 0x00007ff8dd876000 	C:\WINDOWS\System32\win32u.dll
0x00007ff8de270000 - 0x00007ff8de29a000 	C:\WINDOWS\System32\GDI32.dll
0x00007ff8de0f0000 - 0x00007ff8de20f000 	C:\WINDOWS\System32\gdi32full.dll
0x00007ff8dd880000 - 0x00007ff8dd91d000 	C:\WINDOWS\System32\msvcp_win.dll
0x00007ff8ca2b0000 - 0x00007ff8ca555000 	C:\WINDOWS\WinSxS\amd64_microsoft.windows.common-controls_6595b64144ccf1df_6.0.22000.120_none_9d947278b86cc467\COMCTL32.dll
0x00007ff8df5d0000 - 0x00007ff8df673000 	C:\WINDOWS\System32\msvcrt.dll
0x00007ff8de210000 - 0x00007ff8de241000 	C:\WINDOWS\System32\IMM32.DLL
0x00007ff8da1f0000 - 0x00007ff8da1fc000 	c:\Users\mirel\.vscode\extensions\redhat.java-1.28.1-win32-x64\jre\17.0.10-win32-x86_64\bin\vcruntime140_1.dll
0x00007ff8cb620000 - 0x00007ff8cb6ad000 	c:\Users\mirel\.vscode\extensions\redhat.java-1.28.1-win32-x64\jre\17.0.10-win32-x86_64\bin\msvcp140.dll
0x00007ff877f30000 - 0x00007ff878b92000 	c:\Users\mirel\.vscode\extensions\redhat.java-1.28.1-win32-x64\jre\17.0.10-win32-x86_64\bin\server\jvm.dll
0x00007ff8e02d0000 - 0x00007ff8e037f000 	C:\WINDOWS\System32\ADVAPI32.dll
0x00007ff8de750000 - 0x00007ff8de7ee000 	C:\WINDOWS\System32\sechost.dll
0x00007ff8df4a0000 - 0x00007ff8df5c1000 	C:\WINDOWS\System32\RPCRT4.dll
0x00007ff8dc1a0000 - 0x00007ff8dc1ed000 	C:\WINDOWS\SYSTEM32\POWRPROF.dll
0x00007ff8da140000 - 0x00007ff8da149000 	C:\WINDOWS\SYSTEM32\WSOCK32.dll
0x00007ff8cfb00000 - 0x00007ff8cfb33000 	C:\WINDOWS\SYSTEM32\WINMM.dll
0x00007ff8de870000 - 0x00007ff8de8df000 	C:\WINDOWS\System32\WS2_32.dll
0x00007ff8d4aa0000 - 0x00007ff8d4aaa000 	C:\WINDOWS\SYSTEM32\VERSION.dll
0x00007ff8dc290000 - 0x00007ff8dc2a3000 	C:\WINDOWS\SYSTEM32\UMPDC.dll
0x00007ff8dc9a0000 - 0x00007ff8dc9b8000 	C:\WINDOWS\SYSTEM32\kernel.appcore.dll
0x00007ff8cfcc0000 - 0x00007ff8cfcca000 	c:\Users\mirel\.vscode\extensions\redhat.java-1.28.1-win32-x64\jre\17.0.10-win32-x86_64\bin\jimage.dll
0x00007ff8d82e0000 - 0x00007ff8d8501000 	C:\WINDOWS\SYSTEM32\DBGHELP.DLL
0x00007ff8c50f0000 - 0x00007ff8c5121000 	C:\WINDOWS\SYSTEM32\dbgcore.DLL
0x00007ff8ddd70000 - 0x00007ff8dddef000 	C:\WINDOWS\System32\bcryptPrimitives.dll
0x00007ff8cf980000 - 0x00007ff8cf98e000 	c:\Users\mirel\.vscode\extensions\redhat.java-1.28.1-win32-x64\jre\17.0.10-win32-x86_64\bin\instrument.dll
0x00007ff8ccb50000 - 0x00007ff8ccb75000 	c:\Users\mirel\.vscode\extensions\redhat.java-1.28.1-win32-x64\jre\17.0.10-win32-x86_64\bin\java.dll
0x00007ff8cdcd0000 - 0x00007ff8cdce8000 	c:\Users\mirel\.vscode\extensions\redhat.java-1.28.1-win32-x64\jre\17.0.10-win32-x86_64\bin\zip.dll
0x00007ff8df680000 - 0x00007ff8dfe45000 	C:\WINDOWS\System32\SHELL32.dll
0x00007ff8db920000 - 0x00007ff8dc184000 	C:\WINDOWS\SYSTEM32\windows.storage.dll
0x00007ff8de8f0000 - 0x00007ff8dec66000 	C:\WINDOWS\System32\combase.dll
0x00007ff8db7b0000 - 0x00007ff8db917000 	C:\WINDOWS\SYSTEM32\wintypes.dll
0x00007ff8df210000 - 0x00007ff8df2fa000 	C:\WINDOWS\System32\SHCORE.dll
0x00007ff8deeb0000 - 0x00007ff8def0d000 	C:\WINDOWS\System32\shlwapi.dll
0x00007ff8dd780000 - 0x00007ff8dd7a5000 	C:\WINDOWS\SYSTEM32\profapi.dll
0x00007ff8cc6b0000 - 0x00007ff8cc6c9000 	C:\Users\mirel\.vscode\extensions\redhat.java-1.28.1-win32-x64\jre\17.0.10-win32-x86_64\bin\net.dll
0x00007ff8d62e0000 - 0x00007ff8d63f3000 	C:\WINDOWS\SYSTEM32\WINHTTP.dll
0x00007ff8dce50000 - 0x00007ff8dceb7000 	C:\WINDOWS\system32\mswsock.dll
0x00007ff8cc390000 - 0x00007ff8cc3a6000 	C:\Users\mirel\.vscode\extensions\redhat.java-1.28.1-win32-x64\jre\17.0.10-win32-x86_64\bin\nio.dll
0x00007ff8cf430000 - 0x00007ff8cf440000 	c:\Users\mirel\.vscode\extensions\redhat.java-1.28.1-win32-x64\jre\17.0.10-win32-x86_64\bin\verify.dll
0x00007ff8cb9d0000 - 0x00007ff8cba0e000 	C:\Users\mirel\AppData\Roaming\Code\User\globalStorage\redhat.java\1.28.1\config_win\org.eclipse.equinox.launcher\org.eclipse.equinox.launcher.win32.win32.x86_64_1.2.900.v20240129-1338\eclipse_11900.dll
0x00007ff8df300000 - 0x00007ff8df49a000 	C:\WINDOWS\System32\ole32.dll
0x00007ff8dd0b0000 - 0x00007ff8dd0c8000 	C:\WINDOWS\SYSTEM32\CRYPTSP.dll
0x00007ff8dc900000 - 0x00007ff8dc935000 	C:\WINDOWS\system32\rsaenh.dll
0x00007ff8dcf50000 - 0x00007ff8dcf7c000 	C:\WINDOWS\SYSTEM32\USERENV.dll
0x00007ff8dd220000 - 0x00007ff8dd247000 	C:\WINDOWS\SYSTEM32\bcrypt.dll
0x00007ff8dd0a0000 - 0x00007ff8dd0ac000 	C:\WINDOWS\SYSTEM32\CRYPTBASE.dll
0x00007ff8dc500000 - 0x00007ff8dc52d000 	C:\WINDOWS\SYSTEM32\IPHLPAPI.DLL
0x00007ff8de8e0000 - 0x00007ff8de8e9000 	C:\WINDOWS\System32\NSI.dll
0x00007ff8d65d0000 - 0x00007ff8d65e9000 	C:\WINDOWS\SYSTEM32\dhcpcsvc6.DLL
0x00007ff8d81b0000 - 0x00007ff8d81ce000 	C:\WINDOWS\SYSTEM32\dhcpcsvc.DLL
0x00007ff8dc580000 - 0x00007ff8dc667000 	C:\WINDOWS\SYSTEM32\DNSAPI.dll
0x00007ff8cb5a0000 - 0x00007ff8cb5e5000 	C:\Users\mirel\AppData\Local\Temp\jna-103904637\jna12654985972454568741.dll
0x00007ff8de360000 - 0x00007ff8de368000 	C:\WINDOWS\System32\PSAPI.DLL

dbghelp: loaded successfully - version: 4.0.5 - missing functions: none
symbol engine: initialized successfully - sym options: 0x614 - pdb path: .;c:\Users\mirel\.vscode\extensions\redhat.java-1.28.1-win32-x64\jre\17.0.10-win32-x86_64\bin;C:\WINDOWS\SYSTEM32;C:\WINDOWS\WinSxS\amd64_microsoft.windows.common-controls_6595b64144ccf1df_6.0.22000.120_none_9d947278b86cc467;c:\Users\mirel\.vscode\extensions\redhat.java-1.28.1-win32-x64\jre\17.0.10-win32-x86_64\bin\server;C:\Users\mirel\AppData\Roaming\Code\User\globalStorage\redhat.java\1.28.1\config_win\org.eclipse.equinox.launcher\org.eclipse.equinox.launcher.win32.win32.x86_64_1.2.900.v20240129-1338;C:\Users\mirel\AppData\Local\Temp\jna-103904637

VM Arguments:
jvm_args: --add-modules=ALL-SYSTEM --add-opens=java.base/java.util=ALL-UNNAMED --add-opens=java.base/java.lang=ALL-UNNAMED --add-opens=java.base/sun.nio.fs=ALL-UNNAMED -Declipse.application=org.eclipse.jdt.ls.core.id1 -Dosgi.bundles.defaultStartLevel=4 -Declipse.product=org.eclipse.jdt.ls.core.product -Djava.import.generatesMetadataFilesAtProjectRoot=false -DDetectVMInstallationsJob.disabled=true -Dfile.encoding=utf8 -XX:+UseParallelGC -XX:GCTimeRatio=4 -XX:AdaptiveSizePolicyWeight=90 -Dsun.zip.disableMemoryMapping=true -Xmx1G -Xms100m -Xlog:disable -javaagent:c:\Users\mirel\.vscode\extensions\redhat.java-1.28.1-win32-x64\lombok\lombok-1.18.31.jar -XX:+HeapDumpOnOutOfMemoryError -XX:HeapDumpPath=c:\Users\mirel\AppData\Roaming\Code\User\workspaceStorage\b24110e6d41277b8a0f9e992bdfee2c8\redhat.java -Daether.dependencyCollector.impl=bf 
java_command: c:\Users\mirel\.vscode\extensions\redhat.java-1.28.1-win32-x64\server\plugins\org.eclipse.equinox.launcher_1.6.700.v20231214-2017.jar -configuration c:\Users\mirel\AppData\Roaming\Code\User\globalStorage\redhat.java\1.28.1\config_win -data c:\Users\mirel\AppData\Roaming\Code\User\workspaceStorage\b24110e6d41277b8a0f9e992bdfee2c8\redhat.java\jdt_ws --stdio
java_class_path (initial): c:\Users\mirel\.vscode\extensions\redhat.java-1.28.1-win32-x64\server\plugins\org.eclipse.equinox.launcher_1.6.700.v20231214-2017.jar
Launcher Type: SUN_STANDARD

[Global flags]
    uintx AdaptiveSizePolicyWeight                 = 90                                        {product} {command line}
     intx CICompilerCount                          = 2                                         {product} {ergonomic}
    uintx GCTimeRatio                              = 4                                         {product} {command line}
     bool HeapDumpOnOutOfMemoryError               = true                                   {manageable} {command line}
    ccstr HeapDumpPath                             = c:\Users\mirel\AppData\Roaming\Code\User\workspaceStorage\b24110e6d41277b8a0f9e992bdfee2c8\redhat.java         {manageable} {command line}
   size_t InitialHeapSize                          = 104857600                                 {product} {command line}
   size_t MaxHeapSize                              = 1073741824                                {product} {command line}
   size_t MaxNewSize                               = 357564416                                 {product} {ergonomic}
   size_t MinHeapDeltaBytes                        = 524288                                    {product} {ergonomic}
   size_t MinHeapSize                              = 104857600                                 {product} {command line}
   size_t NewSize                                  = 34603008                                  {product} {ergonomic}
    uintx NonNMethodCodeHeapSize                   = 5826188                                {pd product} {ergonomic}
    uintx NonProfiledCodeHeapSize                  = 122916026                              {pd product} {ergonomic}
   size_t OldSize                                  = 70254592                                  {product} {ergonomic}
    uintx ProfiledCodeHeapSize                     = 122916026                              {pd product} {ergonomic}
    uintx ReservedCodeCacheSize                    = 251658240                              {pd product} {ergonomic}
     bool SegmentedCodeCache                       = true                                      {product} {ergonomic}
   size_t SoftMaxHeapSize                          = 1073741824                             {manageable} {ergonomic}
     bool UseCompressedClassPointers               = true                           {product lp64_product} {ergonomic}
     bool UseCompressedOops                        = true                           {product lp64_product} {ergonomic}
     bool UseLargePagesIndividualAllocation        = false                                  {pd product} {ergonomic}
     bool UseParallelGC                            = true                                      {product} {command line}

Logging:
Log output configuration:
 #0: stdout all=off uptime,level,tags
 #1: stderr all=off uptime,level,tags

Environment Variables:
PATH=C:\Program Files\Common Files\Oracle\Java\javapath;C:\WINDOWS\system32;C:\WINDOWS;C:\WINDOWS\System32\Wbem;C:\WINDOWS\System32\WindowsPowerShell\v1.0\;C:\WINDOWS\System32\OpenSSH\;C:\Program Files\Intel\TXE Components\DAL\;C:\Program Files (x86)\Intel\TXE Components\DAL\;C:\Program Files\Intel\TXE Components\IPT\;C:\Program Files (x86)\Intel\TXE Components\IPT\;C:\Program Files\Git\cmd;C:\Program Files\nodejs\;C:\MinGW\bin;C:\Users\mirel\AppData\Local\Programs\Python\Python311\Scripts\;C:\Users\mirel\AppData\Local\Programs\Python\Python311\;C:\Users\mirel\AppData\Local\Microsoft\WindowsApps;C:\Program Files\JetBrains\IntelliJ IDEA 2020.2.4\bin;C:\Users\mirel\AppData\Roaming\npm;C:\Program Files\MySQL\MySQL Server 8.0\bin;C:\Users\mirel\AppData\Local\Programs\Microsoft VS Code\bin
USERNAME=mirel
OS=Windows_NT
PROCESSOR_IDENTIFIER=Intel64 Family 6 Model 122 Stepping 1, GenuineIntel
TMP=C:\Users\mirel\AppData\Local\Temp
TEMP=C:\Users\mirel\AppData\Local\Temp



Periodic native trim disabled


---------------  S Y S T E M  ---------------

OS:
 Windows 11 , 64 bit Build 22000 (10.0.22000.2124)
OS uptime: 136 days 23:17 hours

CPU: total 2 (initial active 2) (2 cores per cpu, 1 threads per core) family 6 model 122 stepping 1 microcode 0x34, cx8, cmov, fxsr, mmx, 3dnowpref, sse, sse2, sse3, ssse3, sse4.1, sse4.2, popcnt, tsc, tscinvbit, aes, erms, clmul, sha, clflush, clflushopt
Processor Information for all 2 processors :
  Max Mhz: 1101, Current Mhz: 1101, Mhz Limit: 1101

Memory: 4k page, system-wide physical 3902M (326M free)
TotalPageFile size 11088M (AvailPageFile size 6M)
current process WorkingSet (physical memory assigned to process): 218M, peak: 221M
current process commit charge ("private bytes"): 276M, peak: 278M

vm_info: OpenJDK 64-Bit Server VM (17.0.10+7) for windows-amd64 JRE (17.0.10+7), built on Jan 16 2024 23:25:11 by "admin" with MS VC++ 16.10 / 16.11 (VS2019)

END.
